[0.968s] Invoking command in '/work/tello_ros_ws/src/build/ros2_aruco_interfaces': CMAKE_PREFIX_PATH=${CMAKE_PREFIX_PATH}:/work/tello_ros_ws/install/tello_controller:/work/tello_ros_ws/install/ros2_aruco:/work/tello_ros_ws/install/pkg_g2rr:/opt/ros/foxy /usr/bin/cmake /work/tello_ros_ws/src/ros2_aruco/ros2_aruco_interfaces -DAMENT_CMAKE_SYMLINK_INSTALL=1 -DCMAKE_INSTALL_PREFIX=/work/tello_ros_ws/src/install/ros2_aruco_interfaces
[1.413s] -- The C compiler identification is GNU 9.4.0
[1.413s] -- The CXX compiler identification is GNU 9.4.0
[1.413s] -- Check for working C compiler: /usr/bin/cc
[1.414s] -- Check for working C compiler: /usr/bin/cc -- works
[1.414s] -- Detecting C compiler ABI info
[1.514s] -- Detecting C compiler ABI info - done
[1.550s] -- Detecting C compile features
[1.552s] -- Detecting C compile features - done
[1.566s] -- Check for working CXX compiler: /usr/bin/c++
[1.771s] -- Check for working CXX compiler: /usr/bin/c++ -- works
[1.772s] -- Detecting CXX compiler ABI info
[1.965s] -- Detecting CXX compiler ABI info - done
[2.004s] -- Detecting CXX compile features
[2.006s] -- Detecting CXX compile features - done
[2.018s] -- Found ament_cmake: 0.9.11 (/opt/ros/foxy/share/ament_cmake/cmake)
[2.118s] -- Found PythonInterp: /usr/bin/python3 (found suitable version "3.8.10", minimum required is "3") 
[2.118s] -- Using PYTHON_EXECUTABLE: /usr/bin/python3
[2.621s] -- Override CMake install command with custom implementation using symlinks instead of copying resources
[2.764s] -- Found geometry_msgs: 2.0.5 (/opt/ros/foxy/share/geometry_msgs/cmake)
[2.905s] -- Using all available rosidl_typesupport_c: rosidl_typesupport_fastrtps_c;rosidl_typesupport_introspection_c
[2.942s] -- Found rosidl_adapter: 1.3.0 (/opt/ros/foxy/share/rosidl_adapter/cmake)
[3.239s] -- Found OpenSSL: /usr/lib/x86_64-linux-gnu/libcrypto.so (found version "1.1.1f")  
[3.333s] -- Found FastRTPS: /opt/ros/foxy/include  
[3.695s] -- Using all available rosidl_typesupport_cpp: rosidl_typesupport_fastrtps_cpp;rosidl_typesupport_introspection_cpp
[4.002s] -- Found rosidl_default_generators: 1.0.1 (/opt/ros/foxy/share/rosidl_default_generators/cmake)
[4.111s] -- Found PythonInterp: /usr/bin/python3 (found version "3.8.10") 
[4.492s] -- Found ament_cmake_ros: 0.9.2 (/opt/ros/foxy/share/ament_cmake_ros/cmake)
[5.046s] -- Using all available rosidl_typesupport_c: rosidl_typesupport_fastrtps_c;rosidl_typesupport_introspection_c
[5.364s] -- Using all available rosidl_typesupport_cpp: rosidl_typesupport_fastrtps_cpp;rosidl_typesupport_introspection_cpp
[5.430s] -- Found PythonInterp: /usr/bin/python3 (found suitable version "3.8.10", minimum required is "3.5") 
[5.439s] -- Found python_cmake_module: 0.8.1 (/opt/ros/foxy/share/python_cmake_module/cmake)
[5.511s] -- Found PythonLibs: /usr/lib/x86_64-linux-gnu/libpython3.8.so (found suitable version "3.8.10", minimum required is "3.5") 
[5.511s] -- Using PYTHON_EXECUTABLE: /usr/bin/python3
[5.512s] -- Using PYTHON_INCLUDE_DIRS: /usr/include/python3.8
[5.512s] -- Using PYTHON_LIBRARIES: /usr/lib/x86_64-linux-gnu/libpython3.8.so
[5.589s] -- Found PythonExtra: .so  
[5.888s] -- Found ament_lint_auto: 0.9.7 (/opt/ros/foxy/share/ament_lint_auto/cmake)
[6.003s] -- Added test 'copyright' to check source files copyright and LICENSE
[6.008s] -- Added test 'lint_cmake' to check CMake code style
[6.011s] -- Added test 'xmllint' to check XML markup files
[6.032s] -- Configuring done
[6.192s] -- Generating done
[6.202s] -- Build files have been written to: /work/tello_ros_ws/src/build/ros2_aruco_interfaces
[6.224s] Invoked command in '/work/tello_ros_ws/src/build/ros2_aruco_interfaces' returned '0': CMAKE_PREFIX_PATH=${CMAKE_PREFIX_PATH}:/work/tello_ros_ws/install/tello_controller:/work/tello_ros_ws/install/ros2_aruco:/work/tello_ros_ws/install/pkg_g2rr:/opt/ros/foxy /usr/bin/cmake /work/tello_ros_ws/src/ros2_aruco/ros2_aruco_interfaces -DAMENT_CMAKE_SYMLINK_INSTALL=1 -DCMAKE_INSTALL_PREFIX=/work/tello_ros_ws/src/install/ros2_aruco_interfaces
[6.226s] Invoking command in '/work/tello_ros_ws/src/build/ros2_aruco_interfaces': CMAKE_PREFIX_PATH=${CMAKE_PREFIX_PATH}:/work/tello_ros_ws/install/tello_controller:/work/tello_ros_ws/install/ros2_aruco:/work/tello_ros_ws/install/pkg_g2rr:/opt/ros/foxy /usr/bin/cmake --build /work/tello_ros_ws/src/build/ros2_aruco_interfaces -- -j8 -l8
[6.381s] [35m[1mScanning dependencies of target ros2_aruco_interfaces__cpp[0m
[6.388s] [  3%] [34m[1mGenerating C code for ROS interfaces[0m
[6.420s] [  6%] [34m[1mGenerating C++ code for ROS interfaces[0m
[7.248s] [  6%] Built target ros2_aruco_interfaces__cpp
[7.312s] [35m[1mScanning dependencies of target ros2_aruco_interfaces__rosidl_generator_c[0m
[7.312s] [  9%] [34m[1mGenerating C++ type support dispatch for ROS interfaces[0m
[7.377s] [ 12%] [34m[1mGenerating C++ introspection for ROS interfaces[0m
[7.393s] [ 16%] [34m[1mGenerating C++ type support for eProsima Fast-RTPS[0m
[7.448s] [ 19%] [32mBuilding C object CMakeFiles/ros2_aruco_interfaces__rosidl_generator_c.dir/rosidl_generator_c/ros2_aruco_interfaces/msg/detail/aruco_markers__functions.c.o[0m
[7.761s] [ 22%] [32m[1mLinking C shared library libros2_aruco_interfaces__rosidl_generator_c.so[0m
[8.070s] [ 22%] Built target ros2_aruco_interfaces__rosidl_generator_c
[8.174s] [ 25%] [34m[1mGenerating C type support dispatch for ROS interfaces[0m
[8.209s] [ 29%] [34m[1mGenerating C introspection for ROS interfaces[0m
[8.286s] [35m[1mScanning dependencies of target ros2_aruco_interfaces__rosidl_typesupport_cpp[0m
[8.389s] [35m[1mScanning dependencies of target ros2_aruco_interfaces__rosidl_typesupport_fastrtps_cpp[0m
[8.409s] [ 32%] [32mBuilding CXX object CMakeFiles/ros2_aruco_interfaces__rosidl_typesupport_cpp.dir/rosidl_typesupport_cpp/ros2_aruco_interfaces/msg/aruco_markers__type_support.cpp.o[0m
[8.409s] [35m[1mScanning dependencies of target ros2_aruco_interfaces__rosidl_typesupport_introspection_cpp[0m
[8.526s] [ 35%] [32mBuilding CXX object CMakeFiles/ros2_aruco_interfaces__rosidl_typesupport_introspection_cpp.dir/rosidl_typesupport_introspection_cpp/ros2_aruco_interfaces/msg/detail/aruco_markers__type_support.cpp.o[0m
[8.528s] [ 38%] [32mBuilding CXX object CMakeFiles/ros2_aruco_interfaces__rosidl_typesupport_fastrtps_cpp.dir/rosidl_typesupport_fastrtps_cpp/ros2_aruco_interfaces/msg/detail/dds_fastrtps/aruco_markers__type_support.cpp.o[0m
[9.977s] [35m[1mScanning dependencies of target ros2_aruco_interfaces__rosidl_typesupport_c[0m
[10.002s] [35m[1mScanning dependencies of target ros2_aruco_interfaces__rosidl_typesupport_introspection_c[0m
[10.125s] [ 41%] [32mBuilding CXX object CMakeFiles/ros2_aruco_interfaces__rosidl_typesupport_c.dir/rosidl_typesupport_c/ros2_aruco_interfaces/msg/aruco_markers__type_support.cpp.o[0m
[10.215s] [ 45%] [32mBuilding C object CMakeFiles/ros2_aruco_interfaces__rosidl_typesupport_introspection_c.dir/rosidl_typesupport_introspection_c/ros2_aruco_interfaces/msg/detail/aruco_markers__type_support.c.o[0m
[10.379s] [ 48%] [32m[1mLinking CXX shared library libros2_aruco_interfaces__rosidl_typesupport_cpp.so[0m
[10.410s] [ 51%] [32m[1mLinking CXX shared library libros2_aruco_interfaces__rosidl_typesupport_c.so[0m
[10.554s] [ 54%] [32m[1mLinking C shared library libros2_aruco_interfaces__rosidl_typesupport_introspection_c.so[0m
[10.747s] [ 58%] [32m[1mLinking CXX shared library libros2_aruco_interfaces__rosidl_typesupport_introspection_cpp.so[0m
[10.769s] [ 58%] Built target ros2_aruco_interfaces__rosidl_typesupport_cpp
[10.801s] [ 58%] Built target ros2_aruco_interfaces__rosidl_typesupport_c
[10.858s] [ 58%] Built target ros2_aruco_interfaces__rosidl_typesupport_introspection_c
[11.383s] [ 58%] Built target ros2_aruco_interfaces__rosidl_typesupport_introspection_cpp
[12.259s] [ 61%] [32m[1mLinking CXX shared library libros2_aruco_interfaces__rosidl_typesupport_fastrtps_cpp.so[0m
[12.554s] [ 61%] Built target ros2_aruco_interfaces__rosidl_typesupport_fastrtps_cpp
[12.637s] [ 64%] [34m[1mGenerating C type support for eProsima Fast-RTPS[0m
[13.393s] [35m[1mScanning dependencies of target ros2_aruco_interfaces__rosidl_typesupport_fastrtps_c[0m
[13.436s] [ 67%] [32mBuilding CXX object CMakeFiles/ros2_aruco_interfaces__rosidl_typesupport_fastrtps_c.dir/rosidl_typesupport_fastrtps_c/ros2_aruco_interfaces/msg/detail/aruco_markers__type_support_c.cpp.o[0m
[14.050s] [ 70%] [32m[1mLinking CXX shared library libros2_aruco_interfaces__rosidl_typesupport_fastrtps_c.so[0m
[14.188s] [ 70%] Built target ros2_aruco_interfaces__rosidl_typesupport_fastrtps_c
[14.204s] [35m[1mScanning dependencies of target ros2_aruco_interfaces[0m
[14.225s] [ 70%] Built target ros2_aruco_interfaces
[14.245s] [35m[1mScanning dependencies of target ros2_aruco_interfaces__py[0m
[14.263s] [ 74%] [34m[1mGenerating Python code for ROS interfaces[0m
[15.398s] [ 74%] Built target ros2_aruco_interfaces__py
[15.415s] [35m[1mScanning dependencies of target ros2_aruco_interfaces__python[0m
[15.474s] [ 77%] [32mBuilding C object CMakeFiles/ros2_aruco_interfaces__python.dir/rosidl_generator_py/ros2_aruco_interfaces/msg/_aruco_markers_s.c.o[0m
[15.641s] [ 80%] [32m[1mLinking C shared library rosidl_generator_py/ros2_aruco_interfaces/libros2_aruco_interfaces__python.so[0m
[15.711s] [ 80%] Built target ros2_aruco_interfaces__python
[15.729s] [35m[1mScanning dependencies of target ros2_aruco_interfaces__rosidl_typesupport_c__pyext[0m
[15.735s] [35m[1mScanning dependencies of target ros2_aruco_interfaces__rosidl_typesupport_introspection_c__pyext[0m
[15.735s] [35m[1mScanning dependencies of target ros2_aruco_interfaces__rosidl_typesupport_fastrtps_c__pyext[0m
[15.763s] [ 83%] [32mBuilding C object CMakeFiles/ros2_aruco_interfaces__rosidl_typesupport_c__pyext.dir/rosidl_generator_py/ros2_aruco_interfaces/_ros2_aruco_interfaces_s.ep.rosidl_typesupport_c.c.o[0m
[15.783s] [ 87%] [32mBuilding C object CMakeFiles/ros2_aruco_interfaces__rosidl_typesupport_introspection_c__pyext.dir/rosidl_generator_py/ros2_aruco_interfaces/_ros2_aruco_interfaces_s.ep.rosidl_typesupport_introspection_c.c.o[0m
[15.784s] [ 90%] [32mBuilding C object CMakeFiles/ros2_aruco_interfaces__rosidl_typesupport_fastrtps_c__pyext.dir/rosidl_generator_py/ros2_aruco_interfaces/_ros2_aruco_interfaces_s.ep.rosidl_typesupport_fastrtps_c.c.o[0m
[15.917s] [ 93%] [32m[1mLinking CXX shared library rosidl_generator_py/ros2_aruco_interfaces/ros2_aruco_interfaces_s__rosidl_typesupport_fastrtps_c.cpython-38-x86_64-linux-gnu.so[0m
[15.997s] [ 96%] [32m[1mLinking C shared library rosidl_generator_py/ros2_aruco_interfaces/ros2_aruco_interfaces_s__rosidl_typesupport_c.cpython-38-x86_64-linux-gnu.so[0m
[16.010s] [100%] [32m[1mLinking C shared library rosidl_generator_py/ros2_aruco_interfaces/ros2_aruco_interfaces_s__rosidl_typesupport_introspection_c.cpython-38-x86_64-linux-gnu.so[0m
[16.038s] [100%] Built target ros2_aruco_interfaces__rosidl_typesupport_fastrtps_c__pyext
[16.063s] [100%] Built target ros2_aruco_interfaces__rosidl_typesupport_c__pyext
[16.096s] [100%] Built target ros2_aruco_interfaces__rosidl_typesupport_introspection_c__pyext
[16.115s] Invoked command in '/work/tello_ros_ws/src/build/ros2_aruco_interfaces' returned '0': CMAKE_PREFIX_PATH=${CMAKE_PREFIX_PATH}:/work/tello_ros_ws/install/tello_controller:/work/tello_ros_ws/install/ros2_aruco:/work/tello_ros_ws/install/pkg_g2rr:/opt/ros/foxy /usr/bin/cmake --build /work/tello_ros_ws/src/build/ros2_aruco_interfaces -- -j8 -l8
[16.204s] Invoking command in '/work/tello_ros_ws/src/build/ros2_aruco_interfaces': CMAKE_PREFIX_PATH=${CMAKE_PREFIX_PATH}:/work/tello_ros_ws/install/tello_controller:/work/tello_ros_ws/install/ros2_aruco:/work/tello_ros_ws/install/pkg_g2rr:/opt/ros/foxy /usr/bin/cmake --install /work/tello_ros_ws/src/build/ros2_aruco_interfaces
[16.217s] -- Install configuration: ""
[16.218s] -- Execute custom install script
[16.218s] -- Symlinking: /work/tello_ros_ws/src/install/ros2_aruco_interfaces/share/ament_index/resource_index/rosidl_interfaces/ros2_aruco_interfaces
[16.233s] -- Symlinking: /work/tello_ros_ws/src/install/ros2_aruco_interfaces/include/ros2_aruco_interfaces/msg/aruco_markers.h
[16.247s] -- Symlinking: /work/tello_ros_ws/src/install/ros2_aruco_interfaces/include/ros2_aruco_interfaces/msg/detail/aruco_markers__functions.h
[16.261s] -- Symlinking: /work/tello_ros_ws/src/install/ros2_aruco_interfaces/include/ros2_aruco_interfaces/msg/detail/aruco_markers__struct.h
[16.275s] -- Symlinking: /work/tello_ros_ws/src/install/ros2_aruco_interfaces/include/ros2_aruco_interfaces/msg/detail/aruco_markers__type_support.h
[16.289s] -- Symlinking: /work/tello_ros_ws/src/install/ros2_aruco_interfaces/include/ros2_aruco_interfaces/msg/rosidl_generator_c__visibility_control.h
[16.303s] -- Symlinking: /work/tello_ros_ws/src/install/ros2_aruco_interfaces/share/ros2_aruco_interfaces/environment/library_path.sh
[16.317s] -- Symlinking: /work/tello_ros_ws/src/install/ros2_aruco_interfaces/share/ros2_aruco_interfaces/environment/library_path.dsv
[16.331s] -- Symlinking: /work/tello_ros_ws/src/install/ros2_aruco_interfaces/include/ros2_aruco_interfaces/msg/detail/aruco_markers__rosidl_typesupport_fastrtps_c.h
[16.345s] -- Symlinking: /work/tello_ros_ws/src/install/ros2_aruco_interfaces/include/ros2_aruco_interfaces/msg/rosidl_typesupport_fastrtps_c__visibility_control.h
[16.359s] -- Symlinking: /work/tello_ros_ws/src/install/ros2_aruco_interfaces/lib/libros2_aruco_interfaces__rosidl_typesupport_fastrtps_c.so
[16.374s] -- Symlinking: /work/tello_ros_ws/src/install/ros2_aruco_interfaces/include/ros2_aruco_interfaces/msg/detail/aruco_markers__rosidl_typesupport_fastrtps_cpp.hpp
[16.389s] -- Symlinking: /work/tello_ros_ws/src/install/ros2_aruco_interfaces/include/ros2_aruco_interfaces/msg/rosidl_typesupport_fastrtps_cpp__visibility_control.h
[16.403s] -- Symlinking: /work/tello_ros_ws/src/install/ros2_aruco_interfaces/lib/libros2_aruco_interfaces__rosidl_typesupport_fastrtps_cpp.so
[16.418s] -- Symlinking: /work/tello_ros_ws/src/install/ros2_aruco_interfaces/include/ros2_aruco_interfaces/msg/detail/aruco_markers__rosidl_typesupport_introspection_c.h
[16.439s] -- Symlinking: /work/tello_ros_ws/src/install/ros2_aruco_interfaces/include/ros2_aruco_interfaces/msg/rosidl_typesupport_introspection_c__visibility_control.h
[16.461s] -- Symlinking: /work/tello_ros_ws/src/install/ros2_aruco_interfaces/include/ros2_aruco_interfaces/msg/aruco_markers.hpp
[16.479s] -- Symlinking: /work/tello_ros_ws/src/install/ros2_aruco_interfaces/include/ros2_aruco_interfaces/msg/detail/aruco_markers__builder.hpp
[16.501s] -- Symlinking: /work/tello_ros_ws/src/install/ros2_aruco_interfaces/include/ros2_aruco_interfaces/msg/detail/aruco_markers__struct.hpp
[16.522s] -- Symlinking: /work/tello_ros_ws/src/install/ros2_aruco_interfaces/include/ros2_aruco_interfaces/msg/detail/aruco_markers__traits.hpp
[16.544s] -- Symlinking: /work/tello_ros_ws/src/install/ros2_aruco_interfaces/include/ros2_aruco_interfaces/msg/detail/aruco_markers__rosidl_typesupport_introspection_cpp.hpp
[16.565s] -- Symlinking: /work/tello_ros_ws/src/install/ros2_aruco_interfaces/share/ros2_aruco_interfaces/environment/pythonpath.sh
[16.587s] -- Symlinking: /work/tello_ros_ws/src/install/ros2_aruco_interfaces/share/ros2_aruco_interfaces/environment/pythonpath.dsv
[16.609s] -- Symlinking: /work/tello_ros_ws/src/install/ros2_aruco_interfaces/lib/python3.8/site-packages/ros2_aruco_interfaces/__init__.py
[16.630s] -- Symlinking: /work/tello_ros_ws/src/install/ros2_aruco_interfaces/lib/python3.8/site-packages/ros2_aruco_interfaces/msg/__init__.py
[16.646s] -- Symlinking: /work/tello_ros_ws/src/install/ros2_aruco_interfaces/lib/python3.8/site-packages/ros2_aruco_interfaces/msg/_aruco_markers.py
[16.662s] -- Symlinking: /work/tello_ros_ws/src/install/ros2_aruco_interfaces/lib/python3.8/site-packages/ros2_aruco_interfaces/ros2_aruco_interfaces_s__rosidl_typesupport_fastrtps_c.cpython-38-x86_64-linux-gnu.so
[16.677s] -- Symlinking: /work/tello_ros_ws/src/install/ros2_aruco_interfaces/lib/python3.8/site-packages/ros2_aruco_interfaces/ros2_aruco_interfaces_s__rosidl_typesupport_introspection_c.cpython-38-x86_64-linux-gnu.so
[16.694s] -- Symlinking: /work/tello_ros_ws/src/install/ros2_aruco_interfaces/lib/python3.8/site-packages/ros2_aruco_interfaces/ros2_aruco_interfaces_s__rosidl_typesupport_c.cpython-38-x86_64-linux-gnu.so
[16.707s] -- Symlinking: /work/tello_ros_ws/src/install/ros2_aruco_interfaces/lib/libros2_aruco_interfaces__python.so
[16.721s] -- Symlinking: /work/tello_ros_ws/src/install/ros2_aruco_interfaces/share/ros2_aruco_interfaces/msg/ArucoMarkers.idl
[16.735s] -- Symlinking: /work/tello_ros_ws/src/install/ros2_aruco_interfaces/share/ros2_aruco_interfaces/msg/ArucoMarkers.msg
[16.749s] -- Symlinking: /work/tello_ros_ws/src/install/ros2_aruco_interfaces/share/ament_index/resource_index/package_run_dependencies/ros2_aruco_interfaces
[16.763s] -- Symlinking: /work/tello_ros_ws/src/install/ros2_aruco_interfaces/share/ament_index/resource_index/parent_prefix_path/ros2_aruco_interfaces
[16.777s] -- Symlinking: /work/tello_ros_ws/src/install/ros2_aruco_interfaces/share/ros2_aruco_interfaces/environment/ament_prefix_path.sh
[16.792s] -- Symlinking: /work/tello_ros_ws/src/install/ros2_aruco_interfaces/share/ros2_aruco_interfaces/environment/ament_prefix_path.dsv
[16.806s] -- Symlinking: /work/tello_ros_ws/src/install/ros2_aruco_interfaces/share/ros2_aruco_interfaces/environment/path.sh
[16.819s] -- Symlinking: /work/tello_ros_ws/src/install/ros2_aruco_interfaces/share/ros2_aruco_interfaces/environment/path.dsv
[16.833s] -- Symlinking: /work/tello_ros_ws/src/install/ros2_aruco_interfaces/share/ros2_aruco_interfaces/local_setup.bash
[16.847s] -- Symlinking: /work/tello_ros_ws/src/install/ros2_aruco_interfaces/share/ros2_aruco_interfaces/local_setup.sh
[16.862s] -- Symlinking: /work/tello_ros_ws/src/install/ros2_aruco_interfaces/share/ros2_aruco_interfaces/local_setup.zsh
[16.876s] -- Symlinking: /work/tello_ros_ws/src/install/ros2_aruco_interfaces/share/ros2_aruco_interfaces/local_setup.dsv
[16.891s] -- Symlinking: /work/tello_ros_ws/src/install/ros2_aruco_interfaces/share/ros2_aruco_interfaces/package.dsv
[16.907s] -- Symlinking: /work/tello_ros_ws/src/install/ros2_aruco_interfaces/share/ament_index/resource_index/packages/ros2_aruco_interfaces
[16.921s] -- Symlinking: /work/tello_ros_ws/src/install/ros2_aruco_interfaces/share/ros2_aruco_interfaces/cmake/rosidl_cmake-extras.cmake
[16.935s] -- Symlinking: /work/tello_ros_ws/src/install/ros2_aruco_interfaces/share/ros2_aruco_interfaces/cmake/ament_cmake_export_dependencies-extras.cmake
[16.950s] -- Symlinking: /work/tello_ros_ws/src/install/ros2_aruco_interfaces/share/ros2_aruco_interfaces/cmake/ament_cmake_export_libraries-extras.cmake
[16.968s] -- Symlinking: /work/tello_ros_ws/src/install/ros2_aruco_interfaces/share/ros2_aruco_interfaces/cmake/ament_cmake_export_targets-extras.cmake
[16.988s] -- Symlinking: /work/tello_ros_ws/src/install/ros2_aruco_interfaces/share/ros2_aruco_interfaces/cmake/ament_cmake_export_include_directories-extras.cmake
[17.003s] -- Symlinking: /work/tello_ros_ws/src/install/ros2_aruco_interfaces/share/ros2_aruco_interfaces/cmake/rosidl_cmake_export_typesupport_libraries-extras.cmake
[17.016s] -- Symlinking: /work/tello_ros_ws/src/install/ros2_aruco_interfaces/share/ros2_aruco_interfaces/cmake/rosidl_cmake_export_typesupport_targets-extras.cmake
[17.030s] -- Symlinking: /work/tello_ros_ws/src/install/ros2_aruco_interfaces/share/ros2_aruco_interfaces/cmake/ros2_aruco_interfacesConfig.cmake
[17.044s] -- Symlinking: /work/tello_ros_ws/src/install/ros2_aruco_interfaces/share/ros2_aruco_interfaces/cmake/ros2_aruco_interfacesConfig-version.cmake
[17.060s] -- Symlinking: /work/tello_ros_ws/src/install/ros2_aruco_interfaces/share/ros2_aruco_interfaces/package.xml
[17.078s] -- Installing: /work/tello_ros_ws/src/install/ros2_aruco_interfaces/lib/libros2_aruco_interfaces__rosidl_generator_c.so
[17.080s] -- Set runtime path of "/work/tello_ros_ws/src/install/ros2_aruco_interfaces/lib/libros2_aruco_interfaces__rosidl_generator_c.so" to ""
[17.080s] -- Installing: /work/tello_ros_ws/src/install/ros2_aruco_interfaces/lib/libros2_aruco_interfaces__rosidl_typesupport_introspection_c.so
[17.081s] -- Set runtime path of "/work/tello_ros_ws/src/install/ros2_aruco_interfaces/lib/libros2_aruco_interfaces__rosidl_typesupport_introspection_c.so" to ""
[17.081s] -- Installing: /work/tello_ros_ws/src/install/ros2_aruco_interfaces/lib/libros2_aruco_interfaces__rosidl_typesupport_c.so
[17.082s] -- Set runtime path of "/work/tello_ros_ws/src/install/ros2_aruco_interfaces/lib/libros2_aruco_interfaces__rosidl_typesupport_c.so" to ""
[17.083s] -- Installing: /work/tello_ros_ws/src/install/ros2_aruco_interfaces/lib/libros2_aruco_interfaces__rosidl_typesupport_introspection_cpp.so
[17.084s] -- Set runtime path of "/work/tello_ros_ws/src/install/ros2_aruco_interfaces/lib/libros2_aruco_interfaces__rosidl_typesupport_introspection_cpp.so" to ""
[17.084s] -- Installing: /work/tello_ros_ws/src/install/ros2_aruco_interfaces/lib/libros2_aruco_interfaces__rosidl_typesupport_cpp.so
[17.085s] -- Set runtime path of "/work/tello_ros_ws/src/install/ros2_aruco_interfaces/lib/libros2_aruco_interfaces__rosidl_typesupport_cpp.so" to ""
[17.174s] Compiling '/work/tello_ros_ws/src/install/ros2_aruco_interfaces/lib/python3.8/site-packages/ros2_aruco_interfaces/__init__.py'...
[17.182s] -- Installing: /work/tello_ros_ws/src/install/ros2_aruco_interfaces/share/ros2_aruco_interfaces/cmake/ros2_aruco_interfaces__rosidl_generator_cExport.cmake
[17.183s] -- Installing: /work/tello_ros_ws/src/install/ros2_aruco_interfaces/share/ros2_aruco_interfaces/cmake/ros2_aruco_interfaces__rosidl_generator_cExport-noconfig.cmake
[17.183s] -- Installing: /work/tello_ros_ws/src/install/ros2_aruco_interfaces/share/ros2_aruco_interfaces/cmake/ros2_aruco_interfaces__rosidl_typesupport_introspection_cExport.cmake
[17.184s] -- Installing: /work/tello_ros_ws/src/install/ros2_aruco_interfaces/share/ros2_aruco_interfaces/cmake/ros2_aruco_interfaces__rosidl_typesupport_introspection_cExport-noconfig.cmake
[17.185s] -- Installing: /work/tello_ros_ws/src/install/ros2_aruco_interfaces/share/ros2_aruco_interfaces/cmake/ros2_aruco_interfaces__rosidl_typesupport_cExport.cmake
[17.187s] -- Installing: /work/tello_ros_ws/src/install/ros2_aruco_interfaces/share/ros2_aruco_interfaces/cmake/ros2_aruco_interfaces__rosidl_typesupport_cExport-noconfig.cmake
[17.187s] -- Installing: /work/tello_ros_ws/src/install/ros2_aruco_interfaces/share/ros2_aruco_interfaces/cmake/ros2_aruco_interfaces__rosidl_generator_cppExport.cmake
[17.188s] -- Installing: /work/tello_ros_ws/src/install/ros2_aruco_interfaces/share/ros2_aruco_interfaces/cmake/ros2_aruco_interfaces__rosidl_typesupport_introspection_cppExport.cmake
[17.188s] -- Installing: /work/tello_ros_ws/src/install/ros2_aruco_interfaces/share/ros2_aruco_interfaces/cmake/ros2_aruco_interfaces__rosidl_typesupport_introspection_cppExport-noconfig.cmake
[17.189s] -- Installing: /work/tello_ros_ws/src/install/ros2_aruco_interfaces/share/ros2_aruco_interfaces/cmake/ros2_aruco_interfaces__rosidl_typesupport_cppExport.cmake
[17.189s] -- Installing: /work/tello_ros_ws/src/install/ros2_aruco_interfaces/share/ros2_aruco_interfaces/cmake/ros2_aruco_interfaces__rosidl_typesupport_cppExport-noconfig.cmake
[17.201s] Invoked command in '/work/tello_ros_ws/src/build/ros2_aruco_interfaces' returned '0': CMAKE_PREFIX_PATH=${CMAKE_PREFIX_PATH}:/work/tello_ros_ws/install/tello_controller:/work/tello_ros_ws/install/ros2_aruco:/work/tello_ros_ws/install/pkg_g2rr:/opt/ros/foxy /usr/bin/cmake --install /work/tello_ros_ws/src/build/ros2_aruco_interfaces
