[0.135s] Invoking command in '/work/tello_ros_ws/src/build/tello_msgs': CMAKE_PREFIX_PATH=${CMAKE_PREFIX_PATH}:/work/tello_ros_ws/install/tello_controller:/work/tello_ros_ws/install/ros2_aruco:/work/tello_ros_ws/install/pkg_g2rr:/opt/ros/foxy /usr/bin/cmake /work/tello_ros_ws/src/tello_ros/tello_msgs -DAMENT_CMAKE_SYMLINK_INSTALL=1 -DCMAKE_INSTALL_PREFIX=/work/tello_ros_ws/src/install/tello_msgs
[1.471s] -- The C compiler identification is GNU 9.4.0
[1.472s] -- The CXX compiler identification is GNU 9.4.0
[1.473s] -- Check for working C compiler: /usr/bin/cc
[1.473s] -- Check for working C compiler: /usr/bin/cc -- works
[1.474s] -- Detecting C compiler ABI info
[1.474s] -- Detecting C compiler ABI info - done
[1.474s] -- Detecting C compile features
[1.474s] -- Detecting C compile features - done
[1.474s] -- Check for working CXX compiler: /usr/bin/c++
[1.475s] -- Check for working CXX compiler: /usr/bin/c++ -- works
[1.475s] -- Detecting CXX compiler ABI info
[1.475s] -- Detecting CXX compiler ABI info - done
[1.475s] -- Detecting CXX compile features
[1.476s] -- Detecting CXX compile features - done
[1.476s] -- Found ament_cmake: 0.9.11 (/opt/ros/foxy/share/ament_cmake/cmake)
[1.476s] -- Found PythonInterp: /usr/bin/python3 (found suitable version "3.8.10", minimum required is "3") 
[1.476s] -- Using PYTHON_EXECUTABLE: /usr/bin/python3
[1.476s] -- Override CMake install command with custom implementation using symlinks instead of copying resources
[1.477s] -- Found rosidl_default_generators: 1.0.1 (/opt/ros/foxy/share/rosidl_default_generators/cmake)
[1.484s] -- Using all available rosidl_typesupport_c: rosidl_typesupport_fastrtps_c;rosidl_typesupport_introspection_c
[1.504s] -- Found rosidl_adapter: 1.3.0 (/opt/ros/foxy/share/rosidl_adapter/cmake)
[1.827s] -- Found OpenSSL: /usr/lib/x86_64-linux-gnu/libcrypto.so (found version "1.1.1f")  
[1.933s] -- Found FastRTPS: /opt/ros/foxy/include  
[2.234s] -- Using all available rosidl_typesupport_cpp: rosidl_typesupport_fastrtps_cpp;rosidl_typesupport_introspection_cpp
[2.352s] -- Found std_msgs: 2.0.5 (/opt/ros/foxy/share/std_msgs/cmake)
[2.549s] -- Found PythonInterp: /usr/bin/python3 (found version "3.8.10") 
[3.069s] -- Found ament_cmake_ros: 0.9.2 (/opt/ros/foxy/share/ament_cmake_ros/cmake)
[3.783s] -- Using all available rosidl_typesupport_c: rosidl_typesupport_fastrtps_c;rosidl_typesupport_introspection_c
[4.023s] -- Using all available rosidl_typesupport_cpp: rosidl_typesupport_fastrtps_cpp;rosidl_typesupport_introspection_cpp
[4.084s] -- Found PythonInterp: /usr/bin/python3 (found suitable version "3.8.10", minimum required is "3.5") 
[4.093s] -- Found python_cmake_module: 0.8.1 (/opt/ros/foxy/share/python_cmake_module/cmake)
[4.162s] -- Found PythonLibs: /usr/lib/x86_64-linux-gnu/libpython3.8.so (found suitable version "3.8.10", minimum required is "3.5") 
[4.162s] -- Using PYTHON_EXECUTABLE: /usr/bin/python3
[4.162s] -- Using PYTHON_INCLUDE_DIRS: /usr/include/python3.8
[4.163s] -- Using PYTHON_LIBRARIES: /usr/lib/x86_64-linux-gnu/libpython3.8.so
[4.235s] -- Found PythonExtra: .so  
[4.453s] -- Configuring done
[4.558s] -- Generating done
[4.561s] -- Build files have been written to: /work/tello_ros_ws/src/build/tello_msgs
[4.575s] Invoked command in '/work/tello_ros_ws/src/build/tello_msgs' returned '0': CMAKE_PREFIX_PATH=${CMAKE_PREFIX_PATH}:/work/tello_ros_ws/install/tello_controller:/work/tello_ros_ws/install/ros2_aruco:/work/tello_ros_ws/install/pkg_g2rr:/opt/ros/foxy /usr/bin/cmake /work/tello_ros_ws/src/tello_ros/tello_msgs -DAMENT_CMAKE_SYMLINK_INSTALL=1 -DCMAKE_INSTALL_PREFIX=/work/tello_ros_ws/src/install/tello_msgs
[4.580s] Invoking command in '/work/tello_ros_ws/src/build/tello_msgs': CMAKE_PREFIX_PATH=${CMAKE_PREFIX_PATH}:/work/tello_ros_ws/install/tello_controller:/work/tello_ros_ws/install/ros2_aruco:/work/tello_ros_ws/install/pkg_g2rr:/opt/ros/foxy /usr/bin/cmake --build /work/tello_ros_ws/src/build/tello_msgs -- -j8 -l8
[4.652s] [35m[1mScanning dependencies of target tello_msgs__cpp[0m
[4.660s] [  2%] [34m[1mGenerating C code for ROS interfaces[0m
[4.669s] [  4%] [34m[1mGenerating C++ code for ROS interfaces[0m
[5.892s] [  4%] Built target tello_msgs__cpp
[5.918s] [  8%] [34m[1mGenerating C++ type support dispatch for ROS interfaces[0m
[5.918s] [  8%] [34m[1mGenerating C++ introspection for ROS interfaces[0m
[5.919s] [ 10%] [34m[1mGenerating C++ type support for eProsima Fast-RTPS[0m
[6.311s] [35m[1mScanning dependencies of target tello_msgs__rosidl_generator_c[0m
[6.349s] [ 12%] [32mBuilding C object CMakeFiles/tello_msgs__rosidl_generator_c.dir/rosidl_generator_c/tello_msgs/msg/detail/flight_data__functions.c.o[0m
[6.371s] [ 14%] [32mBuilding C object CMakeFiles/tello_msgs__rosidl_generator_c.dir/rosidl_generator_c/tello_msgs/srv/detail/tello_action__functions.c.o[0m
[6.382s] [ 17%] [32mBuilding C object CMakeFiles/tello_msgs__rosidl_generator_c.dir/rosidl_generator_c/tello_msgs/msg/detail/tello_response__functions.c.o[0m
[6.582s] [ 19%] [32m[1mLinking C shared library libtello_msgs__rosidl_generator_c.so[0m
[6.816s] [ 19%] Built target tello_msgs__rosidl_generator_c
[6.883s] [ 21%] [34m[1mGenerating C introspection for ROS interfaces[0m
[6.885s] [ 23%] [34m[1mGenerating C type support dispatch for ROS interfaces[0m
[8.177s] [35m[1mScanning dependencies of target tello_msgs__rosidl_typesupport_cpp[0m
[8.273s] [ 25%] [32mBuilding CXX object CMakeFiles/tello_msgs__rosidl_typesupport_cpp.dir/rosidl_typesupport_cpp/tello_msgs/msg/flight_data__type_support.cpp.o[0m
[8.298s] [ 27%] [32mBuilding CXX object CMakeFiles/tello_msgs__rosidl_typesupport_cpp.dir/rosidl_typesupport_cpp/tello_msgs/msg/tello_response__type_support.cpp.o[0m
[8.379s] [ 29%] [32mBuilding CXX object CMakeFiles/tello_msgs__rosidl_typesupport_cpp.dir/rosidl_typesupport_cpp/tello_msgs/srv/tello_action__type_support.cpp.o[0m
[8.397s] [35m[1mScanning dependencies of target tello_msgs__rosidl_typesupport_introspection_cpp[0m
[8.491s] [35m[1mScanning dependencies of target tello_msgs__rosidl_typesupport_fastrtps_cpp[0m
[8.514s] [ 31%] [32mBuilding CXX object CMakeFiles/tello_msgs__rosidl_typesupport_introspection_cpp.dir/rosidl_typesupport_introspection_cpp/tello_msgs/msg/detail/flight_data__type_support.cpp.o[0m
[8.547s] [ 34%] [32mBuilding CXX object CMakeFiles/tello_msgs__rosidl_typesupport_introspection_cpp.dir/rosidl_typesupport_introspection_cpp/tello_msgs/msg/detail/tello_response__type_support.cpp.o[0m
[8.614s] [ 36%] [32mBuilding CXX object CMakeFiles/tello_msgs__rosidl_typesupport_fastrtps_cpp.dir/rosidl_typesupport_fastrtps_cpp/tello_msgs/msg/detail/dds_fastrtps/flight_data__type_support.cpp.o[0m
[9.809s] [ 38%] [32mBuilding CXX object CMakeFiles/tello_msgs__rosidl_typesupport_fastrtps_cpp.dir/rosidl_typesupport_fastrtps_cpp/tello_msgs/msg/detail/dds_fastrtps/tello_response__type_support.cpp.o[0m
[10.495s] [ 40%] [32mBuilding CXX object CMakeFiles/tello_msgs__rosidl_typesupport_fastrtps_cpp.dir/rosidl_typesupport_fastrtps_cpp/tello_msgs/srv/detail/dds_fastrtps/tello_action__type_support.cpp.o[0m
[10.726s] [ 42%] [32mBuilding CXX object CMakeFiles/tello_msgs__rosidl_typesupport_introspection_cpp.dir/rosidl_typesupport_introspection_cpp/tello_msgs/srv/detail/tello_action__type_support.cpp.o[0m
[10.881s] [35m[1mScanning dependencies of target tello_msgs__rosidl_typesupport_c[0m
[10.934s] [ 44%] [32m[1mLinking CXX shared library libtello_msgs__rosidl_typesupport_cpp.so[0m
[11.021s] [35m[1mScanning dependencies of target tello_msgs__rosidl_typesupport_introspection_c[0m
[11.029s] [ 46%] [32mBuilding CXX object CMakeFiles/tello_msgs__rosidl_typesupport_c.dir/rosidl_typesupport_c/tello_msgs/msg/flight_data__type_support.cpp.o[0m
[11.118s] [ 48%] [32mBuilding CXX object CMakeFiles/tello_msgs__rosidl_typesupport_c.dir/rosidl_typesupport_c/tello_msgs/msg/tello_response__type_support.cpp.o[0m
[11.167s] [ 51%] [32mBuilding C object CMakeFiles/tello_msgs__rosidl_typesupport_introspection_c.dir/rosidl_typesupport_introspection_c/tello_msgs/msg/detail/flight_data__type_support.c.o[0m
[11.269s] [ 53%] [32mBuilding CXX object CMakeFiles/tello_msgs__rosidl_typesupport_c.dir/rosidl_typesupport_c/tello_msgs/srv/tello_action__type_support.cpp.o[0m
[11.316s] [ 53%] Built target tello_msgs__rosidl_typesupport_cpp
[11.352s] [ 55%] [32mBuilding C object CMakeFiles/tello_msgs__rosidl_typesupport_introspection_c.dir/rosidl_typesupport_introspection_c/tello_msgs/msg/detail/tello_response__type_support.c.o[0m
[11.391s] [ 57%] [32mBuilding C object CMakeFiles/tello_msgs__rosidl_typesupport_introspection_c.dir/rosidl_typesupport_introspection_c/tello_msgs/srv/detail/tello_action__type_support.c.o[0m
[11.575s] [ 59%] [32m[1mLinking CXX shared library libtello_msgs__rosidl_typesupport_c.so[0m
[11.674s] [ 61%] [32m[1mLinking C shared library libtello_msgs__rosidl_typesupport_introspection_c.so[0m
[11.824s] [ 61%] Built target tello_msgs__rosidl_typesupport_c
[11.922s] [ 61%] Built target tello_msgs__rosidl_typesupport_introspection_c
[12.219s] [ 63%] [32m[1mLinking CXX shared library libtello_msgs__rosidl_typesupport_introspection_cpp.so[0m
[12.595s] [ 63%] Built target tello_msgs__rosidl_typesupport_introspection_cpp
[12.832s] [ 65%] [32m[1mLinking CXX shared library libtello_msgs__rosidl_typesupport_fastrtps_cpp.so[0m
[13.277s] [ 65%] Built target tello_msgs__rosidl_typesupport_fastrtps_cpp
[13.301s] [ 68%] [34m[1mGenerating C type support for eProsima Fast-RTPS[0m
[14.420s] [35m[1mScanning dependencies of target tello_msgs__rosidl_typesupport_fastrtps_c[0m
[14.471s] [ 72%] [32mBuilding CXX object CMakeFiles/tello_msgs__rosidl_typesupport_fastrtps_c.dir/rosidl_typesupport_fastrtps_c/tello_msgs/msg/detail/flight_data__type_support_c.cpp.o[0m
[14.472s] [ 72%] [32mBuilding CXX object CMakeFiles/tello_msgs__rosidl_typesupport_fastrtps_c.dir/rosidl_typesupport_fastrtps_c/tello_msgs/msg/detail/tello_response__type_support_c.cpp.o[0m
[14.487s] [ 74%] [32mBuilding CXX object CMakeFiles/tello_msgs__rosidl_typesupport_fastrtps_c.dir/rosidl_typesupport_fastrtps_c/tello_msgs/srv/detail/tello_action__type_support_c.cpp.o[0m
[15.490s] [ 76%] [32m[1mLinking CXX shared library libtello_msgs__rosidl_typesupport_fastrtps_c.so[0m
[15.628s] [ 76%] Built target tello_msgs__rosidl_typesupport_fastrtps_c
[15.644s] [35m[1mScanning dependencies of target tello_msgs[0m
[15.666s] [ 76%] Built target tello_msgs
[15.683s] [35m[1mScanning dependencies of target tello_msgs__py[0m
[15.701s] [ 78%] [34m[1mGenerating Python code for ROS interfaces[0m
[18.126s] [ 78%] Built target tello_msgs__py
[18.142s] [35m[1mScanning dependencies of target tello_msgs__python[0m
[18.180s] [ 85%] [32mBuilding C object CMakeFiles/tello_msgs__python.dir/rosidl_generator_py/tello_msgs/msg/_flight_data_s.c.o[0m
[18.180s] [ 85%] [32mBuilding C object CMakeFiles/tello_msgs__python.dir/rosidl_generator_py/tello_msgs/srv/_tello_action_s.c.o[0m
[18.180s] [ 85%] [32mBuilding C object CMakeFiles/tello_msgs__python.dir/rosidl_generator_py/tello_msgs/msg/_tello_response_s.c.o[0m
[18.346s] [ 87%] [32m[1mLinking C shared library rosidl_generator_py/tello_msgs/libtello_msgs__python.so[0m
[18.409s] [ 87%] Built target tello_msgs__python
[18.425s] [35m[1mScanning dependencies of target tello_msgs__rosidl_typesupport_c__pyext[0m
[18.425s] [35m[1mScanning dependencies of target tello_msgs__rosidl_typesupport_introspection_c__pyext[0m
[18.426s] [35m[1mScanning dependencies of target tello_msgs__rosidl_typesupport_fastrtps_c__pyext[0m
[18.457s] [ 89%] [32mBuilding C object CMakeFiles/tello_msgs__rosidl_typesupport_introspection_c__pyext.dir/rosidl_generator_py/tello_msgs/_tello_msgs_s.ep.rosidl_typesupport_introspection_c.c.o[0m
[18.457s] [ 91%] [32mBuilding C object CMakeFiles/tello_msgs__rosidl_typesupport_c__pyext.dir/rosidl_generator_py/tello_msgs/_tello_msgs_s.ep.rosidl_typesupport_c.c.o[0m
[18.460s] [ 93%] [32mBuilding C object CMakeFiles/tello_msgs__rosidl_typesupport_fastrtps_c__pyext.dir/rosidl_generator_py/tello_msgs/_tello_msgs_s.ep.rosidl_typesupport_fastrtps_c.c.o[0m
[18.602s] [ 95%] [32m[1mLinking C shared library rosidl_generator_py/tello_msgs/tello_msgs_s__rosidl_typesupport_introspection_c.cpython-38-x86_64-linux-gnu.so[0m
[18.607s] [ 97%] [32m[1mLinking C shared library rosidl_generator_py/tello_msgs/tello_msgs_s__rosidl_typesupport_c.cpython-38-x86_64-linux-gnu.so[0m
[18.609s] [100%] [32m[1mLinking CXX shared library rosidl_generator_py/tello_msgs/tello_msgs_s__rosidl_typesupport_fastrtps_c.cpython-38-x86_64-linux-gnu.so[0m
[18.665s] [100%] Built target tello_msgs__rosidl_typesupport_introspection_c__pyext
[18.668s] [100%] Built target tello_msgs__rosidl_typesupport_c__pyext
[18.706s] [100%] Built target tello_msgs__rosidl_typesupport_fastrtps_c__pyext
[18.725s] Invoked command in '/work/tello_ros_ws/src/build/tello_msgs' returned '0': CMAKE_PREFIX_PATH=${CMAKE_PREFIX_PATH}:/work/tello_ros_ws/install/tello_controller:/work/tello_ros_ws/install/ros2_aruco:/work/tello_ros_ws/install/pkg_g2rr:/opt/ros/foxy /usr/bin/cmake --build /work/tello_ros_ws/src/build/tello_msgs -- -j8 -l8
[18.847s] Invoking command in '/work/tello_ros_ws/src/build/tello_msgs': CMAKE_PREFIX_PATH=${CMAKE_PREFIX_PATH}:/work/tello_ros_ws/install/tello_controller:/work/tello_ros_ws/install/ros2_aruco:/work/tello_ros_ws/install/pkg_g2rr:/opt/ros/foxy /usr/bin/cmake --install /work/tello_ros_ws/src/build/tello_msgs
[18.859s] -- Install configuration: ""
[18.860s] -- Execute custom install script
[18.861s] -- Symlinking: /work/tello_ros_ws/src/install/tello_msgs/share/ament_index/resource_index/rosidl_interfaces/tello_msgs
[18.875s] -- Symlinking: /work/tello_ros_ws/src/install/tello_msgs/include/tello_msgs/msg/detail/flight_data__functions.h
[18.887s] -- Symlinking: /work/tello_ros_ws/src/install/tello_msgs/include/tello_msgs/msg/detail/flight_data__struct.h
[18.900s] -- Symlinking: /work/tello_ros_ws/src/install/tello_msgs/include/tello_msgs/msg/detail/flight_data__type_support.h
[18.913s] -- Symlinking: /work/tello_ros_ws/src/install/tello_msgs/include/tello_msgs/msg/detail/tello_response__functions.h
[18.926s] -- Symlinking: /work/tello_ros_ws/src/install/tello_msgs/include/tello_msgs/msg/detail/tello_response__struct.h
[18.939s] -- Symlinking: /work/tello_ros_ws/src/install/tello_msgs/include/tello_msgs/msg/detail/tello_response__type_support.h
[18.952s] -- Symlinking: /work/tello_ros_ws/src/install/tello_msgs/include/tello_msgs/msg/flight_data.h
[18.966s] -- Symlinking: /work/tello_ros_ws/src/install/tello_msgs/include/tello_msgs/msg/rosidl_generator_c__visibility_control.h
[18.979s] -- Symlinking: /work/tello_ros_ws/src/install/tello_msgs/include/tello_msgs/msg/tello_response.h
[18.993s] -- Symlinking: /work/tello_ros_ws/src/install/tello_msgs/include/tello_msgs/srv/detail/tello_action__functions.h
[19.006s] -- Symlinking: /work/tello_ros_ws/src/install/tello_msgs/include/tello_msgs/srv/detail/tello_action__struct.h
[19.019s] -- Symlinking: /work/tello_ros_ws/src/install/tello_msgs/include/tello_msgs/srv/detail/tello_action__type_support.h
[19.032s] -- Symlinking: /work/tello_ros_ws/src/install/tello_msgs/include/tello_msgs/srv/tello_action.h
[19.046s] -- Symlinking: /work/tello_ros_ws/src/install/tello_msgs/share/tello_msgs/environment/library_path.sh
[19.059s] -- Symlinking: /work/tello_ros_ws/src/install/tello_msgs/share/tello_msgs/environment/library_path.dsv
[19.073s] -- Symlinking: /work/tello_ros_ws/src/install/tello_msgs/include/tello_msgs/msg/detail/flight_data__rosidl_typesupport_fastrtps_c.h
[19.086s] -- Symlinking: /work/tello_ros_ws/src/install/tello_msgs/include/tello_msgs/msg/detail/tello_response__rosidl_typesupport_fastrtps_c.h
[19.099s] -- Symlinking: /work/tello_ros_ws/src/install/tello_msgs/include/tello_msgs/msg/rosidl_typesupport_fastrtps_c__visibility_control.h
[19.113s] -- Symlinking: /work/tello_ros_ws/src/install/tello_msgs/include/tello_msgs/srv/detail/tello_action__rosidl_typesupport_fastrtps_c.h
[19.126s] -- Symlinking: /work/tello_ros_ws/src/install/tello_msgs/lib/libtello_msgs__rosidl_typesupport_fastrtps_c.so
[19.141s] -- Symlinking: /work/tello_ros_ws/src/install/tello_msgs/include/tello_msgs/msg/detail/flight_data__rosidl_typesupport_fastrtps_cpp.hpp
[19.153s] -- Symlinking: /work/tello_ros_ws/src/install/tello_msgs/include/tello_msgs/msg/detail/tello_response__rosidl_typesupport_fastrtps_cpp.hpp
[19.167s] -- Symlinking: /work/tello_ros_ws/src/install/tello_msgs/include/tello_msgs/msg/rosidl_typesupport_fastrtps_cpp__visibility_control.h
[19.180s] -- Symlinking: /work/tello_ros_ws/src/install/tello_msgs/include/tello_msgs/srv/detail/tello_action__rosidl_typesupport_fastrtps_cpp.hpp
[19.194s] -- Symlinking: /work/tello_ros_ws/src/install/tello_msgs/lib/libtello_msgs__rosidl_typesupport_fastrtps_cpp.so
[19.208s] -- Symlinking: /work/tello_ros_ws/src/install/tello_msgs/include/tello_msgs/msg/detail/flight_data__rosidl_typesupport_introspection_c.h
[19.221s] -- Symlinking: /work/tello_ros_ws/src/install/tello_msgs/include/tello_msgs/msg/detail/tello_response__rosidl_typesupport_introspection_c.h
[19.235s] -- Symlinking: /work/tello_ros_ws/src/install/tello_msgs/include/tello_msgs/msg/rosidl_typesupport_introspection_c__visibility_control.h
[19.248s] -- Symlinking: /work/tello_ros_ws/src/install/tello_msgs/include/tello_msgs/srv/detail/tello_action__rosidl_typesupport_introspection_c.h
[19.263s] -- Symlinking: /work/tello_ros_ws/src/install/tello_msgs/include/tello_msgs/msg/detail/flight_data__builder.hpp
[19.278s] -- Symlinking: /work/tello_ros_ws/src/install/tello_msgs/include/tello_msgs/msg/detail/flight_data__struct.hpp
[19.292s] -- Symlinking: /work/tello_ros_ws/src/install/tello_msgs/include/tello_msgs/msg/detail/flight_data__traits.hpp
[19.304s] -- Symlinking: /work/tello_ros_ws/src/install/tello_msgs/include/tello_msgs/msg/detail/tello_response__builder.hpp
[19.318s] -- Symlinking: /work/tello_ros_ws/src/install/tello_msgs/include/tello_msgs/msg/detail/tello_response__struct.hpp
[19.334s] -- Symlinking: /work/tello_ros_ws/src/install/tello_msgs/include/tello_msgs/msg/detail/tello_response__traits.hpp
[19.348s] -- Symlinking: /work/tello_ros_ws/src/install/tello_msgs/include/tello_msgs/msg/flight_data.hpp
[19.361s] -- Symlinking: /work/tello_ros_ws/src/install/tello_msgs/include/tello_msgs/msg/tello_response.hpp
[19.375s] -- Symlinking: /work/tello_ros_ws/src/install/tello_msgs/include/tello_msgs/srv/detail/tello_action__builder.hpp
[19.389s] -- Symlinking: /work/tello_ros_ws/src/install/tello_msgs/include/tello_msgs/srv/detail/tello_action__struct.hpp
[19.403s] -- Symlinking: /work/tello_ros_ws/src/install/tello_msgs/include/tello_msgs/srv/detail/tello_action__traits.hpp
[19.417s] -- Symlinking: /work/tello_ros_ws/src/install/tello_msgs/include/tello_msgs/srv/tello_action.hpp
[19.431s] -- Symlinking: /work/tello_ros_ws/src/install/tello_msgs/include/tello_msgs/msg/detail/flight_data__rosidl_typesupport_introspection_cpp.hpp
[19.446s] -- Symlinking: /work/tello_ros_ws/src/install/tello_msgs/include/tello_msgs/msg/detail/tello_response__rosidl_typesupport_introspection_cpp.hpp
[19.458s] -- Symlinking: /work/tello_ros_ws/src/install/tello_msgs/include/tello_msgs/srv/detail/tello_action__rosidl_typesupport_introspection_cpp.hpp
[19.473s] -- Symlinking: /work/tello_ros_ws/src/install/tello_msgs/share/tello_msgs/environment/pythonpath.sh
[19.486s] -- Symlinking: /work/tello_ros_ws/src/install/tello_msgs/share/tello_msgs/environment/pythonpath.dsv
[19.500s] -- Symlinking: /work/tello_ros_ws/src/install/tello_msgs/lib/python3.8/site-packages/tello_msgs/__init__.py
[19.514s] -- Symlinking: /work/tello_ros_ws/src/install/tello_msgs/lib/python3.8/site-packages/tello_msgs/msg/__init__.py
[19.527s] -- Symlinking: /work/tello_ros_ws/src/install/tello_msgs/lib/python3.8/site-packages/tello_msgs/msg/_flight_data.py
[19.541s] -- Symlinking: /work/tello_ros_ws/src/install/tello_msgs/lib/python3.8/site-packages/tello_msgs/msg/_tello_response.py
[19.556s] -- Symlinking: /work/tello_ros_ws/src/install/tello_msgs/lib/python3.8/site-packages/tello_msgs/srv/__init__.py
[19.569s] -- Symlinking: /work/tello_ros_ws/src/install/tello_msgs/lib/python3.8/site-packages/tello_msgs/srv/_tello_action.py
[19.583s] -- Symlinking: /work/tello_ros_ws/src/install/tello_msgs/lib/python3.8/site-packages/tello_msgs/tello_msgs_s__rosidl_typesupport_fastrtps_c.cpython-38-x86_64-linux-gnu.so
[19.597s] -- Symlinking: /work/tello_ros_ws/src/install/tello_msgs/lib/python3.8/site-packages/tello_msgs/tello_msgs_s__rosidl_typesupport_introspection_c.cpython-38-x86_64-linux-gnu.so
[19.611s] -- Symlinking: /work/tello_ros_ws/src/install/tello_msgs/lib/python3.8/site-packages/tello_msgs/tello_msgs_s__rosidl_typesupport_c.cpython-38-x86_64-linux-gnu.so
[19.625s] -- Symlinking: /work/tello_ros_ws/src/install/tello_msgs/lib/libtello_msgs__python.so
[19.639s] -- Symlinking: /work/tello_ros_ws/src/install/tello_msgs/share/tello_msgs/msg/FlightData.idl
[19.652s] -- Symlinking: /work/tello_ros_ws/src/install/tello_msgs/share/tello_msgs/msg/TelloResponse.idl
[19.666s] -- Symlinking: /work/tello_ros_ws/src/install/tello_msgs/share/tello_msgs/srv/TelloAction.idl
[19.679s] -- Symlinking: /work/tello_ros_ws/src/install/tello_msgs/share/tello_msgs/msg/FlightData.msg
[19.693s] -- Symlinking: /work/tello_ros_ws/src/install/tello_msgs/share/tello_msgs/msg/TelloResponse.msg
[19.706s] -- Symlinking: /work/tello_ros_ws/src/install/tello_msgs/share/tello_msgs/srv/TelloAction.srv
[19.718s] -- Symlinking: /work/tello_ros_ws/src/install/tello_msgs/share/tello_msgs/srv/TelloAction_Request.msg
[19.732s] -- Symlinking: /work/tello_ros_ws/src/install/tello_msgs/share/tello_msgs/srv/TelloAction_Response.msg
[19.746s] -- Symlinking: /work/tello_ros_ws/src/install/tello_msgs/share/ament_index/resource_index/package_run_dependencies/tello_msgs
[19.760s] -- Symlinking: /work/tello_ros_ws/src/install/tello_msgs/share/ament_index/resource_index/parent_prefix_path/tello_msgs
[19.773s] -- Symlinking: /work/tello_ros_ws/src/install/tello_msgs/share/tello_msgs/environment/ament_prefix_path.sh
[19.787s] -- Symlinking: /work/tello_ros_ws/src/install/tello_msgs/share/tello_msgs/environment/ament_prefix_path.dsv
[19.801s] -- Symlinking: /work/tello_ros_ws/src/install/tello_msgs/share/tello_msgs/environment/path.sh
[19.815s] -- Symlinking: /work/tello_ros_ws/src/install/tello_msgs/share/tello_msgs/environment/path.dsv
[19.828s] -- Symlinking: /work/tello_ros_ws/src/install/tello_msgs/share/tello_msgs/local_setup.bash
[19.849s] -- Symlinking: /work/tello_ros_ws/src/install/tello_msgs/share/tello_msgs/local_setup.sh
[19.863s] -- Symlinking: /work/tello_ros_ws/src/install/tello_msgs/share/tello_msgs/local_setup.zsh
[19.876s] -- Symlinking: /work/tello_ros_ws/src/install/tello_msgs/share/tello_msgs/local_setup.dsv
[19.890s] -- Symlinking: /work/tello_ros_ws/src/install/tello_msgs/share/tello_msgs/package.dsv
[19.903s] -- Symlinking: /work/tello_ros_ws/src/install/tello_msgs/share/ament_index/resource_index/packages/tello_msgs
[19.916s] -- Symlinking: /work/tello_ros_ws/src/install/tello_msgs/share/tello_msgs/cmake/rosidl_cmake-extras.cmake
[19.930s] -- Symlinking: /work/tello_ros_ws/src/install/tello_msgs/share/tello_msgs/cmake/ament_cmake_export_dependencies-extras.cmake
[19.943s] -- Symlinking: /work/tello_ros_ws/src/install/tello_msgs/share/tello_msgs/cmake/ament_cmake_export_libraries-extras.cmake
[19.957s] -- Symlinking: /work/tello_ros_ws/src/install/tello_msgs/share/tello_msgs/cmake/ament_cmake_export_targets-extras.cmake
[19.970s] -- Symlinking: /work/tello_ros_ws/src/install/tello_msgs/share/tello_msgs/cmake/ament_cmake_export_include_directories-extras.cmake
[19.984s] -- Symlinking: /work/tello_ros_ws/src/install/tello_msgs/share/tello_msgs/cmake/rosidl_cmake_export_typesupport_libraries-extras.cmake
[19.998s] -- Symlinking: /work/tello_ros_ws/src/install/tello_msgs/share/tello_msgs/cmake/rosidl_cmake_export_typesupport_targets-extras.cmake
[20.012s] -- Symlinking: /work/tello_ros_ws/src/install/tello_msgs/share/tello_msgs/cmake/tello_msgsConfig.cmake
[20.025s] -- Symlinking: /work/tello_ros_ws/src/install/tello_msgs/share/tello_msgs/cmake/tello_msgsConfig-version.cmake
[20.039s] -- Symlinking: /work/tello_ros_ws/src/install/tello_msgs/share/tello_msgs/package.xml
[20.050s] -- Installing: /work/tello_ros_ws/src/install/tello_msgs/lib/libtello_msgs__rosidl_generator_c.so
[20.051s] -- Set runtime path of "/work/tello_ros_ws/src/install/tello_msgs/lib/libtello_msgs__rosidl_generator_c.so" to ""
[20.051s] -- Installing: /work/tello_ros_ws/src/install/tello_msgs/lib/libtello_msgs__rosidl_typesupport_introspection_c.so
[20.052s] -- Set runtime path of "/work/tello_ros_ws/src/install/tello_msgs/lib/libtello_msgs__rosidl_typesupport_introspection_c.so" to ""
[20.052s] -- Installing: /work/tello_ros_ws/src/install/tello_msgs/lib/libtello_msgs__rosidl_typesupport_c.so
[20.053s] -- Set runtime path of "/work/tello_ros_ws/src/install/tello_msgs/lib/libtello_msgs__rosidl_typesupport_c.so" to ""
[20.053s] -- Installing: /work/tello_ros_ws/src/install/tello_msgs/lib/libtello_msgs__rosidl_typesupport_introspection_cpp.so
[20.054s] -- Set runtime path of "/work/tello_ros_ws/src/install/tello_msgs/lib/libtello_msgs__rosidl_typesupport_introspection_cpp.so" to ""
[20.054s] -- Installing: /work/tello_ros_ws/src/install/tello_msgs/lib/libtello_msgs__rosidl_typesupport_cpp.so
[20.054s] -- Set runtime path of "/work/tello_ros_ws/src/install/tello_msgs/lib/libtello_msgs__rosidl_typesupport_cpp.so" to ""
[20.111s] Compiling '/work/tello_ros_ws/src/install/tello_msgs/lib/python3.8/site-packages/tello_msgs/__init__.py'...
[20.116s] -- Installing: /work/tello_ros_ws/src/install/tello_msgs/share/tello_msgs/cmake/tello_msgs__rosidl_generator_cExport.cmake
[20.116s] -- Installing: /work/tello_ros_ws/src/install/tello_msgs/share/tello_msgs/cmake/tello_msgs__rosidl_generator_cExport-noconfig.cmake
[20.116s] -- Installing: /work/tello_ros_ws/src/install/tello_msgs/share/tello_msgs/cmake/tello_msgs__rosidl_typesupport_introspection_cExport.cmake
[20.117s] -- Installing: /work/tello_ros_ws/src/install/tello_msgs/share/tello_msgs/cmake/tello_msgs__rosidl_typesupport_introspection_cExport-noconfig.cmake
[20.117s] -- Installing: /work/tello_ros_ws/src/install/tello_msgs/share/tello_msgs/cmake/tello_msgs__rosidl_typesupport_cExport.cmake
[20.118s] -- Installing: /work/tello_ros_ws/src/install/tello_msgs/share/tello_msgs/cmake/tello_msgs__rosidl_typesupport_cExport-noconfig.cmake
[20.118s] -- Installing: /work/tello_ros_ws/src/install/tello_msgs/share/tello_msgs/cmake/tello_msgs__rosidl_generator_cppExport.cmake
[20.119s] -- Installing: /work/tello_ros_ws/src/install/tello_msgs/share/tello_msgs/cmake/tello_msgs__rosidl_typesupport_introspection_cppExport.cmake
[20.119s] -- Installing: /work/tello_ros_ws/src/install/tello_msgs/share/tello_msgs/cmake/tello_msgs__rosidl_typesupport_introspection_cppExport-noconfig.cmake
[20.120s] -- Installing: /work/tello_ros_ws/src/install/tello_msgs/share/tello_msgs/cmake/tello_msgs__rosidl_typesupport_cppExport.cmake
[20.120s] -- Installing: /work/tello_ros_ws/src/install/tello_msgs/share/tello_msgs/cmake/tello_msgs__rosidl_typesupport_cppExport-noconfig.cmake
[20.128s] Invoked command in '/work/tello_ros_ws/src/build/tello_msgs' returned '0': CMAKE_PREFIX_PATH=${CMAKE_PREFIX_PATH}:/work/tello_ros_ws/install/tello_controller:/work/tello_ros_ws/install/ros2_aruco:/work/tello_ros_ws/install/pkg_g2rr:/opt/ros/foxy /usr/bin/cmake --install /work/tello_ros_ws/src/build/tello_msgs
