[0.132s] DEBUG:colcon:Command line arguments: ['/usr/bin/colcon', 'build']
[0.132s] DEBUG:colcon:Parsed command line arguments: Namespace(ament_cmake_args=None, base_paths=['.'], build_base='build', catkin_cmake_args=None, catkin_skip_building_tests=False, cmake_args=None, cmake_clean_cache=False, cmake_clean_first=False, cmake_force_configure=False, cmake_target=None, cmake_target_skip_unavailable=False, continue_on_error=False, event_handlers=None, executor='parallel', ignore_user_meta=False, install_base='install', log_base=None, log_level=None, main=<bound method BuildVerb.main of <colcon_core.verb.build.BuildVerb object at 0x7f575d88c5b0>>, merge_install=False, metas=['./colcon.meta'], mixin=None, mixin_files=None, mixin_verb=('build',), packages_above=None, packages_above_and_dependencies=None, packages_above_depth=None, packages_end=None, packages_ignore=None, packages_ignore_regex=None, packages_select=None, packages_select_build_failed=False, packages_select_by_dep=None, packages_select_regex=None, packages_select_test_failures=False, packages_skip=None, packages_skip_build_finished=False, packages_skip_by_dep=None, packages_skip_regex=None, packages_skip_test_passed=False, packages_skip_up_to=None, packages_start=None, packages_up_to=None, packages_up_to_regex=None, parallel_workers=16, paths=None, symlink_install=False, test_result_base=None, verb_extension=<colcon_core.verb.build.BuildVerb object at 0x7f575d88c5b0>, verb_name='build', verb_parser=<colcon_mixin.mixin.mixin_argument.MixinArgumentDecorator object at 0x7f575d88cc10>)
[0.150s] Level 1:colcon.colcon_core.package_discovery:discover_packages(colcon_meta) check parameters
[0.150s] INFO:colcon.colcon_metadata.package_discovery.colcon_meta:Using configuration from '/root/.colcon/metadata/default/Gazebo.meta'
[0.151s] INFO:colcon.colcon_metadata.package_discovery.colcon_meta:Using configuration from '/root/.colcon/metadata/default/fastrtps.meta'
[0.151s] Level 1:colcon.colcon_core.package_discovery:discover_packages(recursive) check parameters
[0.151s] Level 1:colcon.colcon_core.package_discovery:discover_packages(ignore) check parameters
[0.151s] Level 1:colcon.colcon_core.package_discovery:discover_packages(path) check parameters
[0.151s] Level 1:colcon.colcon_core.package_discovery:discover_packages(colcon_meta) discover
[0.151s] Level 1:colcon.colcon_core.package_discovery:discover_packages(recursive) discover
[0.151s] INFO:colcon.colcon_core.package_discovery:Crawling recursively for packages in '/work/tello_ros_ws/src/tello_controller'
[0.151s] Level 1:colcon.colcon_core.package_identification:_identify(.) by extensions ['ignore', 'ignore_ament_install']
[0.151s] Level 1:colcon.colcon_core.package_identification:_identify(.) by extension 'ignore'
[0.151s] Level 1:colcon.colcon_core.package_identification:_identify(.) by extension 'ignore_ament_install'
[0.152s] Level 1:colcon.colcon_core.package_identification:_identify(.) by extensions ['colcon_pkg']
[0.152s] Level 1:colcon.colcon_core.package_identification:_identify(.) by extension 'colcon_pkg'
[0.152s] Level 1:colcon.colcon_core.package_identification:_identify(.) by extensions ['colcon_meta']
[0.152s] Level 1:colcon.colcon_core.package_identification:_identify(.) by extension 'colcon_meta'
[0.152s] Level 1:colcon.colcon_core.package_identification:_identify(.) by extensions ['ros']
[0.152s] Level 1:colcon.colcon_core.package_identification:_identify(.) by extension 'ros'
[0.167s] DEBUG:colcon.colcon_core.package_identification:Package '.' with type 'ros.ament_python' and name 'tello_controller'
[0.167s] Level 1:colcon.colcon_core.package_discovery:discover_packages(recursive) using defaults
[0.167s] Level 1:colcon.colcon_core.package_discovery:discover_packages(ignore) discover
[0.167s] Level 1:colcon.colcon_core.package_discovery:discover_packages(ignore) using defaults
[0.167s] Level 1:colcon.colcon_core.package_discovery:discover_packages(path) discover
[0.167s] Level 1:colcon.colcon_core.package_discovery:discover_packages(path) using defaults
[0.196s] Level 5:colcon.colcon_core.verb:set package 'tello_controller' build argument 'cmake_args' from command line to 'None'
[0.196s] Level 5:colcon.colcon_core.verb:set package 'tello_controller' build argument 'cmake_target' from command line to 'None'
[0.196s] Level 5:colcon.colcon_core.verb:set package 'tello_controller' build argument 'cmake_target_skip_unavailable' from command line to 'False'
[0.196s] Level 5:colcon.colcon_core.verb:set package 'tello_controller' build argument 'cmake_clean_cache' from command line to 'False'
[0.196s] Level 5:colcon.colcon_core.verb:set package 'tello_controller' build argument 'cmake_clean_first' from command line to 'False'
[0.196s] Level 5:colcon.colcon_core.verb:set package 'tello_controller' build argument 'cmake_force_configure' from command line to 'False'
[0.196s] Level 5:colcon.colcon_core.verb:set package 'tello_controller' build argument 'ament_cmake_args' from command line to 'None'
[0.196s] Level 5:colcon.colcon_core.verb:set package 'tello_controller' build argument 'catkin_cmake_args' from command line to 'None'
[0.196s] Level 5:colcon.colcon_core.verb:set package 'tello_controller' build argument 'catkin_skip_building_tests' from command line to 'False'
[0.196s] DEBUG:colcon.colcon_core.verb:Building package 'tello_controller' with the following arguments: {'ament_cmake_args': None, 'build_base': '/work/tello_ros_ws/src/tello_controller/build/tello_controller', 'catkin_cmake_args': None, 'catkin_skip_building_tests': False, 'cmake_args': None, 'cmake_clean_cache': False, 'cmake_clean_first': False, 'cmake_force_configure': False, 'cmake_target': None, 'cmake_target_skip_unavailable': False, 'install_base': '/work/tello_ros_ws/src/tello_controller/install/tello_controller', 'merge_install': False, 'path': '/work/tello_ros_ws/src/tello_controller', 'symlink_install': False, 'test_result_base': None}
[0.197s] INFO:colcon.colcon_core.executor:Executing jobs using 'parallel' executor
[0.200s] DEBUG:colcon.colcon_parallel_executor.executor.parallel:run_until_complete
[0.200s] INFO:colcon.colcon_ros.task.ament_python.build:Building ROS package in '/work/tello_ros_ws/src/tello_controller' with build type 'ament_python'
[0.200s] Level 1:colcon.colcon_core.shell:create_environment_hook('tello_controller', 'ament_prefix_path')
[0.203s] INFO:colcon.colcon_core.plugin_system:Skipping extension 'colcon_core.shell.bat': Not used on non-Windows systems
[0.204s] INFO:colcon.colcon_core.shell:Creating environment hook '/work/tello_ros_ws/src/tello_controller/install/tello_controller/share/tello_controller/hook/ament_prefix_path.ps1'
[0.204s] INFO:colcon.colcon_core.shell:Creating environment descriptor '/work/tello_ros_ws/src/tello_controller/install/tello_controller/share/tello_controller/hook/ament_prefix_path.dsv'
[0.204s] INFO:colcon.colcon_core.shell:Creating environment hook '/work/tello_ros_ws/src/tello_controller/install/tello_controller/share/tello_controller/hook/ament_prefix_path.sh'
[0.206s] INFO:colcon.colcon_core.shell:Skip shell extension 'powershell' for command environment: Not usable outside of PowerShell
[0.206s] DEBUG:colcon.colcon_core.shell:Skip shell extension 'dsv' for command environment
[0.375s] INFO:colcon.colcon_core.task.python.build:Building Python package in '/work/tello_ros_ws/src/tello_controller'
[0.376s] INFO:colcon.colcon_core.shell:Skip shell extension 'powershell' for command environment: Not usable outside of PowerShell
[0.376s] DEBUG:colcon.colcon_core.shell:Skip shell extension 'dsv' for command environment
[0.672s] DEBUG:colcon.colcon_core.event_handler.log_command:Invoking command in '/work/tello_ros_ws/src/tello_controller': PYTHONPATH=/work/tello_ros_ws/src/tello_controller/install/tello_controller/lib/python3.8/site-packages:${PYTHONPATH} /usr/bin/python3 setup.py egg_info --egg-base build/tello_controller build --build-base /work/tello_ros_ws/src/tello_controller/build/tello_controller/build install --prefix /work/tello_ros_ws/src/tello_controller/install/tello_controller --record /work/tello_ros_ws/src/tello_controller/build/tello_controller/install.log --single-version-externally-managed
[0.874s] DEBUG:colcon.colcon_core.event_handler.log_command:Invoked command in '/work/tello_ros_ws/src/tello_controller' returned '0': PYTHONPATH=/work/tello_ros_ws/src/tello_controller/install/tello_controller/lib/python3.8/site-packages:${PYTHONPATH} /usr/bin/python3 setup.py egg_info --egg-base build/tello_controller build --build-base /work/tello_ros_ws/src/tello_controller/build/tello_controller/build install --prefix /work/tello_ros_ws/src/tello_controller/install/tello_controller --record /work/tello_ros_ws/src/tello_controller/build/tello_controller/install.log --single-version-externally-managed
[0.878s] Level 1:colcon.colcon_core.environment:checking '/work/tello_ros_ws/src/tello_controller/install/tello_controller' for CMake module files
[0.878s] Level 1:colcon.colcon_core.environment:checking '/work/tello_ros_ws/src/tello_controller/install/tello_controller' for CMake config files
[0.879s] Level 1:colcon.colcon_core.environment:checking '/work/tello_ros_ws/src/tello_controller/install/tello_controller/lib'
[0.879s] Level 1:colcon.colcon_core.environment:checking '/work/tello_ros_ws/src/tello_controller/install/tello_controller/bin'
[0.879s] Level 1:colcon.colcon_core.environment:checking '/work/tello_ros_ws/src/tello_controller/install/tello_controller/lib/pkgconfig/tello_controller.pc'
[0.880s] Level 1:colcon.colcon_core.environment:checking '/work/tello_ros_ws/src/tello_controller/install/tello_controller/lib/python3.8/site-packages'
[0.880s] Level 1:colcon.colcon_core.shell:create_environment_hook('tello_controller', 'pythonpath')
[0.881s] INFO:colcon.colcon_core.shell:Creating environment hook '/work/tello_ros_ws/src/tello_controller/install/tello_controller/share/tello_controller/hook/pythonpath.ps1'
[0.881s] INFO:colcon.colcon_core.shell:Creating environment descriptor '/work/tello_ros_ws/src/tello_controller/install/tello_controller/share/tello_controller/hook/pythonpath.dsv'
[0.881s] INFO:colcon.colcon_core.shell:Creating environment hook '/work/tello_ros_ws/src/tello_controller/install/tello_controller/share/tello_controller/hook/pythonpath.sh'
[0.882s] Level 1:colcon.colcon_core.environment:checking '/work/tello_ros_ws/src/tello_controller/install/tello_controller/bin'
[0.882s] Level 1:colcon.colcon_core.environment:create_environment_scripts_only(tello_controller)
[0.883s] INFO:colcon.colcon_core.shell:Creating package script '/work/tello_ros_ws/src/tello_controller/install/tello_controller/share/tello_controller/package.ps1'
[0.884s] INFO:colcon.colcon_core.shell:Creating package descriptor '/work/tello_ros_ws/src/tello_controller/install/tello_controller/share/tello_controller/package.dsv'
[0.884s] INFO:colcon.colcon_core.shell:Creating package script '/work/tello_ros_ws/src/tello_controller/install/tello_controller/share/tello_controller/package.sh'
[0.884s] INFO:colcon.colcon_core.shell:Creating package script '/work/tello_ros_ws/src/tello_controller/install/tello_controller/share/tello_controller/package.bash'
[0.885s] INFO:colcon.colcon_core.shell:Creating package script '/work/tello_ros_ws/src/tello_controller/install/tello_controller/share/tello_controller/package.zsh'
[0.885s] Level 1:colcon.colcon_core.environment:create_file_with_runtime_dependencies(/work/tello_ros_ws/src/tello_controller/install/tello_controller/share/colcon-core/packages/tello_controller)
[0.886s] DEBUG:colcon.colcon_parallel_executor.executor.parallel:closing loop
[0.886s] DEBUG:colcon.colcon_parallel_executor.executor.parallel:loop closed
[0.886s] DEBUG:colcon.colcon_parallel_executor.executor.parallel:run_until_complete finished with '0'
[0.887s] DEBUG:colcon.colcon_core.event_reactor:joining thread
[0.892s] INFO:colcon.colcon_core.plugin_system:Skipping extension 'colcon_notification.desktop_notification.notify_send': Could not find 'notify-send'
[0.892s] INFO:colcon.colcon_core.plugin_system:Skipping extension 'colcon_notification.desktop_notification.terminal_notifier': Not used on non-Darwin systems
[0.892s] INFO:colcon.colcon_core.plugin_system:Skipping extension 'colcon_notification.desktop_notification.win32': Not used on non-Windows systems
[0.892s] INFO:colcon.colcon_notification.desktop_notification:Sending desktop notification using 'notify2'
[0.894s] DEBUG:colcon.colcon_notification.desktop_notification.notify2:Failed to initialize notify2: org.freedesktop.DBus.Error.Spawn.ExecFailed: /usr/bin/dbus-launch terminated abnormally without any error message
[0.894s] DEBUG:colcon.colcon_core.event_reactor:joined thread
[0.895s] INFO:colcon.colcon_core.shell:Creating prefix script '/work/tello_ros_ws/src/tello_controller/install/local_setup.ps1'
[0.896s] INFO:colcon.colcon_core.shell:Creating prefix util module '/work/tello_ros_ws/src/tello_controller/install/_local_setup_util_ps1.py'
[0.897s] INFO:colcon.colcon_core.shell:Creating prefix chain script '/work/tello_ros_ws/src/tello_controller/install/setup.ps1'
[0.898s] INFO:colcon.colcon_core.shell:Creating prefix script '/work/tello_ros_ws/src/tello_controller/install/local_setup.sh'
[0.898s] INFO:colcon.colcon_core.shell:Creating prefix util module '/work/tello_ros_ws/src/tello_controller/install/_local_setup_util_sh.py'
[0.899s] INFO:colcon.colcon_core.shell:Creating prefix chain script '/work/tello_ros_ws/src/tello_controller/install/setup.sh'
[0.900s] INFO:colcon.colcon_core.shell:Creating prefix script '/work/tello_ros_ws/src/tello_controller/install/local_setup.bash'
[0.900s] INFO:colcon.colcon_core.shell:Creating prefix chain script '/work/tello_ros_ws/src/tello_controller/install/setup.bash'
[0.901s] INFO:colcon.colcon_core.shell:Creating prefix script '/work/tello_ros_ws/src/tello_controller/install/local_setup.zsh'
[0.902s] INFO:colcon.colcon_core.shell:Creating prefix chain script '/work/tello_ros_ws/src/tello_controller/install/setup.zsh'
