-- The C compiler identification is GNU 9.4.0
-- The CXX compiler identification is GNU 9.4.0
-- Check for working C compiler: /usr/bin/cc
-- Check for working C compiler: /usr/bin/cc -- works
-- Detecting C compiler ABI info
-- Detecting C compiler ABI info - done
-- Detecting C compile features
-- Detecting C compile features - done
-- Check for working CXX compiler: /usr/bin/c++
-- Check for working CXX compiler: /usr/bin/c++ -- works
-- Detecting CXX compiler ABI info
-- Detecting CXX compiler ABI info - done
-- Detecting CXX compile features
-- Detecting CXX compile features - done
-- Found ament_cmake: 0.9.11 (/opt/ros/foxy/share/ament_cmake/cmake)
-- Found PythonInterp: /usr/bin/python3 (found suitable version "3.8.10", minimum required is "3") 
-- Using PYTHON_EXECUTABLE: /usr/bin/python3
-- Override CMake install command with custom implementation using symlinks instead of copying resources
-- Found PkgConfig: /usr/bin/pkg-config (found version "0.29.1") 
-- Checking for module 'bullet>=2.82'
--   Found bullet, version 2.88
-- Found ccd: /usr/include (found suitable version "2.0", minimum required is "2.0") 
-- Found fcl: /usr/include (found suitable version "0.5.0", minimum required is "0.3.2") 
-- Found assimp: /usr/include (found version "5.0.0") 
-- Found DART: /usr/include (Required is at least version "6.6") found components: dart 
-- Found Boost: /usr/lib/x86_64-linux-gnu/cmake/Boost-1.71.0/BoostConfig.cmake (found suitable version "1.71.0", minimum required is "1.40.0") found components: thread system filesystem program_options regex iostreams date_time 
-- Found Protobuf: /usr/lib/x86_64-linux-gnu/libprotobuf.so;-lpthread (found version "3.6.1") 
-- Looking for ignition-math6 -- found version 6.13.0
-- Searching for dependencies of ignition-math6
-- Looking for OGRE...
-- OGRE_PREFIX_WATCH changed.
-- Checking for module 'OGRE'
--   Found OGRE, version 1.9.0
-- Found Ogre Ghadamon (1.9.0)
-- Found OGRE: optimized;/usr/lib/x86_64-linux-gnu/libOgreMain.so;debug;/usr/lib/x86_64-linux-gnu/libOgreMain.so
-- Looking for OGRE_Paging...
-- Found OGRE_Paging: optimized;/usr/lib/x86_64-linux-gnu/libOgrePaging.so;debug;/usr/lib/x86_64-linux-gnu/libOgrePaging.so
-- Looking for OGRE_Terrain...
-- Found OGRE_Terrain: optimized;/usr/lib/x86_64-linux-gnu/libOgreTerrain.so;debug;/usr/lib/x86_64-linux-gnu/libOgreTerrain.so
-- Looking for OGRE_Property...
-- Found OGRE_Property: optimized;/usr/lib/x86_64-linux-gnu/libOgreProperty.so;debug;/usr/lib/x86_64-linux-gnu/libOgreProperty.so
-- Looking for OGRE_RTShaderSystem...
-- Found OGRE_RTShaderSystem: optimized;/usr/lib/x86_64-linux-gnu/libOgreRTShaderSystem.so;debug;/usr/lib/x86_64-linux-gnu/libOgreRTShaderSystem.so
-- Looking for OGRE_Volume...
-- Found OGRE_Volume: optimized;/usr/lib/x86_64-linux-gnu/libOgreVolume.so;debug;/usr/lib/x86_64-linux-gnu/libOgreVolume.so
-- Looking for OGRE_Overlay...
-- Found OGRE_Overlay: optimized;/usr/lib/x86_64-linux-gnu/libOgreOverlay.so;debug;/usr/lib/x86_64-linux-gnu/libOgreOverlay.so
-- Looking for ignition-math6 -- found version 6.13.0
-- Looking for ignition-transport8 -- found version 8.3.0
-- Searching for dependencies of ignition-transport8
-- Found Protobuf: /usr/lib/x86_64-linux-gnu/libprotobuf.so;-lpthread (found suitable version "3.6.1", minimum required is "3") 
-- Config-file not installed for ZeroMQ -- checking for pkg-config
-- Checking for module 'libzmq >= 4'
--   Found libzmq , version 4.3.2
-- Found ZeroMQ: TRUE (Required is at least version "4") 
-- Checking for module 'uuid'
--   Found uuid, version 2.34.0
-- Found UUID: TRUE  
-- Looking for ignition-msgs5 -- found version 5.10.0
-- Searching for dependencies of ignition-msgs5
-- Looking for ignition-math6 -- found version 6.13.0
-- Checking for module 'tinyxml2'
--   Found tinyxml2, version 6.2.0
-- Looking for ignition-msgs5 -- found version 5.10.0
-- Looking for ignition-common3 -- found version 3.14.2
-- Searching for dependencies of ignition-common3
-- Looking for dlfcn.h - found
-- Looking for libdl - found
-- Found DL: TRUE  
-- Searching for <ignition-common3> component [graphics]
-- Looking for ignition-common3-graphics -- found version 3.14.2
-- Searching for dependencies of ignition-common3-graphics
-- Looking for ignition-math6 -- found version 6.13.0
-- Looking for ignition-fuel_tools4 -- found version 4.6.0
-- Searching for dependencies of ignition-fuel_tools4
-- Found CURL: /usr/lib/x86_64-linux-gnu/libcurl.so (found version "7.68.0")  
-- Checking for module 'jsoncpp'
--   Found jsoncpp, version 1.7.4
-- Found JSONCPP: TRUE  
-- Checking for module 'libzip'
--   Found libzip, version 1.5.1
-- Found ZIP: TRUE  
-- Looking for ignition-common3 -- found version 3.14.2
-- Looking for ignition-math6 -- found version 6.13.0
-- Looking for ignition-msgs5 -- found version 5.10.0
-- Found gazebo_dev: 3.5.3 (/opt/ros/foxy/share/gazebo_dev/cmake)
-- Gazebo version: 11.11
-- Found gazebo_ros: 3.5.3 (/opt/ros/foxy/share/gazebo_ros/cmake)
-- Using all available rosidl_typesupport_c: rosidl_typesupport_fastrtps_c;rosidl_typesupport_introspection_c
-- Found rosidl_adapter: 1.3.0 (/opt/ros/foxy/share/rosidl_adapter/cmake)
-- Found OpenSSL: /usr/lib/x86_64-linux-gnu/libcrypto.so (found version "1.1.1f")  
-- Found FastRTPS: /opt/ros/foxy/include  
-- Using all available rosidl_typesupport_cpp: rosidl_typesupport_fastrtps_cpp;rosidl_typesupport_introspection_cpp
-- Found rmw_implementation_cmake: 1.0.3 (/opt/ros/foxy/share/rmw_implementation_cmake/cmake)
-- Using RMW implementation 'rmw_fastrtps_cpp' as default
-- Found Threads: TRUE  
-- Found geometry_msgs: 2.0.5 (/opt/ros/foxy/share/geometry_msgs/cmake)
-- Found sensor_msgs: 2.0.5 (/opt/ros/foxy/share/sensor_msgs/cmake)
-- Found tello_msgs: 0.1.0 (/work/tello_ros_ws/src/install/tello_msgs/share/tello_msgs/cmake)
-- Configuring done
-- Generating done
-- Build files have been written to: /work/tello_ros_ws/src/build/tello_gazebo
[35m[1mScanning dependencies of target TelloPlugin[0m
[ 50%] [32mBuilding CXX object CMakeFiles/TelloPlugin.dir/src/tello_plugin.cpp.o[0m
[100%] [32m[1mLinking CXX shared library libTelloPlugin.so[0m
[100%] Built target TelloPlugin
-- Install configuration: ""
-- Execute custom install script
-- Symlinking: /work/tello_ros_ws/src/install/tello_gazebo/lib/libTelloPlugin.so
-- Symlinking: /work/tello_ros_ws/src/install/tello_gazebo/share/tello_gazebo/models/marker_0/materials/scripts/marker_0.material
-- Symlinking: /work/tello_ros_ws/src/install/tello_gazebo/share/tello_gazebo/models/marker_0/materials/textures/aruco_mark_0.png
-- Symlinking: /work/tello_ros_ws/src/install/tello_gazebo/share/tello_gazebo/models/marker_0/materials/textures/aruco_mark_0.svg
-- Symlinking: /work/tello_ros_ws/src/install/tello_gazebo/share/tello_gazebo/models/marker_0/model.config
-- Symlinking: /work/tello_ros_ws/src/install/tello_gazebo/share/tello_gazebo/models/marker_0/model.sdf
-- Symlinking: /work/tello_ros_ws/src/install/tello_gazebo/share/tello_gazebo/models/marker_1/materials/scripts/marker_1.material
-- Symlinking: /work/tello_ros_ws/src/install/tello_gazebo/share/tello_gazebo/models/marker_1/materials/textures/aruco_mark_1.png
-- Symlinking: /work/tello_ros_ws/src/install/tello_gazebo/share/tello_gazebo/models/marker_1/materials/textures/aruco_mark_1.svg
-- Symlinking: /work/tello_ros_ws/src/install/tello_gazebo/share/tello_gazebo/models/marker_1/model.config
-- Symlinking: /work/tello_ros_ws/src/install/tello_gazebo/share/tello_gazebo/models/marker_1/model.sdf
-- Symlinking: /work/tello_ros_ws/src/install/tello_gazebo/share/tello_gazebo/models/marker_10/materials/scripts/marker_10.material
-- Symlinking: /work/tello_ros_ws/src/install/tello_gazebo/share/tello_gazebo/models/marker_10/materials/textures/aruco_mark_10.png
-- Symlinking: /work/tello_ros_ws/src/install/tello_gazebo/share/tello_gazebo/models/marker_10/materials/textures/aruco_mark_10.svg
-- Symlinking: /work/tello_ros_ws/src/install/tello_gazebo/share/tello_gazebo/models/marker_10/model.config
-- Symlinking: /work/tello_ros_ws/src/install/tello_gazebo/share/tello_gazebo/models/marker_10/model.sdf
-- Symlinking: /work/tello_ros_ws/src/install/tello_gazebo/share/tello_gazebo/models/marker_11/materials/scripts/marker_11.material
-- Symlinking: /work/tello_ros_ws/src/install/tello_gazebo/share/tello_gazebo/models/marker_11/materials/textures/aruco_mark_11.png
-- Symlinking: /work/tello_ros_ws/src/install/tello_gazebo/share/tello_gazebo/models/marker_11/materials/textures/aruco_mark_11.svg
-- Symlinking: /work/tello_ros_ws/src/install/tello_gazebo/share/tello_gazebo/models/marker_11/model.config
-- Symlinking: /work/tello_ros_ws/src/install/tello_gazebo/share/tello_gazebo/models/marker_11/model.sdf
-- Symlinking: /work/tello_ros_ws/src/install/tello_gazebo/share/tello_gazebo/models/marker_12/materials/scripts/marker_12.material
-- Symlinking: /work/tello_ros_ws/src/install/tello_gazebo/share/tello_gazebo/models/marker_12/materials/textures/aruco_mark_12.png
-- Symlinking: /work/tello_ros_ws/src/install/tello_gazebo/share/tello_gazebo/models/marker_12/materials/textures/aruco_mark_12.svg
-- Symlinking: /work/tello_ros_ws/src/install/tello_gazebo/share/tello_gazebo/models/marker_12/model.config
-- Symlinking: /work/tello_ros_ws/src/install/tello_gazebo/share/tello_gazebo/models/marker_12/model.sdf
-- Symlinking: /work/tello_ros_ws/src/install/tello_gazebo/share/tello_gazebo/models/marker_13/materials/scripts/marker_13.material
-- Symlinking: /work/tello_ros_ws/src/install/tello_gazebo/share/tello_gazebo/models/marker_13/materials/textures/aruco_mark_13.png
-- Symlinking: /work/tello_ros_ws/src/install/tello_gazebo/share/tello_gazebo/models/marker_13/materials/textures/aruco_mark_13.svg
-- Symlinking: /work/tello_ros_ws/src/install/tello_gazebo/share/tello_gazebo/models/marker_13/model.config
-- Symlinking: /work/tello_ros_ws/src/install/tello_gazebo/share/tello_gazebo/models/marker_13/model.sdf
-- Symlinking: /work/tello_ros_ws/src/install/tello_gazebo/share/tello_gazebo/models/marker_14/materials/scripts/marker_14.material
-- Symlinking: /work/tello_ros_ws/src/install/tello_gazebo/share/tello_gazebo/models/marker_14/materials/textures/aruco_mark_14.png
-- Symlinking: /work/tello_ros_ws/src/install/tello_gazebo/share/tello_gazebo/models/marker_14/materials/textures/aruco_mark_14.svg
-- Symlinking: /work/tello_ros_ws/src/install/tello_gazebo/share/tello_gazebo/models/marker_14/model.config
-- Symlinking: /work/tello_ros_ws/src/install/tello_gazebo/share/tello_gazebo/models/marker_14/model.sdf
-- Symlinking: /work/tello_ros_ws/src/install/tello_gazebo/share/tello_gazebo/models/marker_15/materials/scripts/marker_15.material
-- Symlinking: /work/tello_ros_ws/src/install/tello_gazebo/share/tello_gazebo/models/marker_15/materials/textures/aruco_mark_15.png
-- Symlinking: /work/tello_ros_ws/src/install/tello_gazebo/share/tello_gazebo/models/marker_15/materials/textures/aruco_mark_15.svg
-- Symlinking: /work/tello_ros_ws/src/install/tello_gazebo/share/tello_gazebo/models/marker_15/model.config
-- Symlinking: /work/tello_ros_ws/src/install/tello_gazebo/share/tello_gazebo/models/marker_15/model.sdf
-- Symlinking: /work/tello_ros_ws/src/install/tello_gazebo/share/tello_gazebo/models/marker_16/materials/scripts/marker_16.material
-- Symlinking: /work/tello_ros_ws/src/install/tello_gazebo/share/tello_gazebo/models/marker_16/materials/textures/aruco_mark_16.png
-- Symlinking: /work/tello_ros_ws/src/install/tello_gazebo/share/tello_gazebo/models/marker_16/materials/textures/aruco_mark_16.svg
-- Symlinking: /work/tello_ros_ws/src/install/tello_gazebo/share/tello_gazebo/models/marker_16/model.config
-- Symlinking: /work/tello_ros_ws/src/install/tello_gazebo/share/tello_gazebo/models/marker_16/model.sdf
-- Symlinking: /work/tello_ros_ws/src/install/tello_gazebo/share/tello_gazebo/models/marker_17/materials/scripts/marker_17.material
-- Symlinking: /work/tello_ros_ws/src/install/tello_gazebo/share/tello_gazebo/models/marker_17/materials/textures/aruco_mark_17.png
-- Symlinking: /work/tello_ros_ws/src/install/tello_gazebo/share/tello_gazebo/models/marker_17/materials/textures/aruco_mark_17.svg
-- Symlinking: /work/tello_ros_ws/src/install/tello_gazebo/share/tello_gazebo/models/marker_17/model.config
-- Symlinking: /work/tello_ros_ws/src/install/tello_gazebo/share/tello_gazebo/models/marker_17/model.sdf
-- Symlinking: /work/tello_ros_ws/src/install/tello_gazebo/share/tello_gazebo/models/marker_18/materials/scripts/marker_18.material
-- Symlinking: /work/tello_ros_ws/src/install/tello_gazebo/share/tello_gazebo/models/marker_18/materials/textures/aruco_mark_18.png
-- Symlinking: /work/tello_ros_ws/src/install/tello_gazebo/share/tello_gazebo/models/marker_18/materials/textures/aruco_mark_18.svg
-- Symlinking: /work/tello_ros_ws/src/install/tello_gazebo/share/tello_gazebo/models/marker_18/model.config
-- Symlinking: /work/tello_ros_ws/src/install/tello_gazebo/share/tello_gazebo/models/marker_18/model.sdf
-- Symlinking: /work/tello_ros_ws/src/install/tello_gazebo/share/tello_gazebo/models/marker_19/materials/scripts/marker_19.material
-- Symlinking: /work/tello_ros_ws/src/install/tello_gazebo/share/tello_gazebo/models/marker_19/materials/textures/aruco_mark_19.png
-- Symlinking: /work/tello_ros_ws/src/install/tello_gazebo/share/tello_gazebo/models/marker_19/materials/textures/aruco_mark_19.svg
-- Symlinking: /work/tello_ros_ws/src/install/tello_gazebo/share/tello_gazebo/models/marker_19/model.config
-- Symlinking: /work/tello_ros_ws/src/install/tello_gazebo/share/tello_gazebo/models/marker_19/model.sdf
-- Symlinking: /work/tello_ros_ws/src/install/tello_gazebo/share/tello_gazebo/models/marker_2/materials/scripts/marker_2.material
-- Symlinking: /work/tello_ros_ws/src/install/tello_gazebo/share/tello_gazebo/models/marker_2/materials/textures/aruco_mark_2.png
-- Symlinking: /work/tello_ros_ws/src/install/tello_gazebo/share/tello_gazebo/models/marker_2/materials/textures/aruco_mark_2.svg
-- Symlinking: /work/tello_ros_ws/src/install/tello_gazebo/share/tello_gazebo/models/marker_2/model.config
-- Symlinking: /work/tello_ros_ws/src/install/tello_gazebo/share/tello_gazebo/models/marker_2/model.sdf
-- Symlinking: /work/tello_ros_ws/src/install/tello_gazebo/share/tello_gazebo/models/marker_20/materials/scripts/marker_20.material
-- Symlinking: /work/tello_ros_ws/src/install/tello_gazebo/share/tello_gazebo/models/marker_20/materials/textures/aruco_mark_20.png
-- Symlinking: /work/tello_ros_ws/src/install/tello_gazebo/share/tello_gazebo/models/marker_20/materials/textures/aruco_mark_20.svg
-- Symlinking: /work/tello_ros_ws/src/install/tello_gazebo/share/tello_gazebo/models/marker_20/model.config
-- Symlinking: /work/tello_ros_ws/src/install/tello_gazebo/share/tello_gazebo/models/marker_20/model.sdf
-- Symlinking: /work/tello_ros_ws/src/install/tello_gazebo/share/tello_gazebo/models/marker_21/materials/scripts/marker_21.material
-- Symlinking: /work/tello_ros_ws/src/install/tello_gazebo/share/tello_gazebo/models/marker_21/materials/textures/aruco_mark_21.png
-- Symlinking: /work/tello_ros_ws/src/install/tello_gazebo/share/tello_gazebo/models/marker_21/materials/textures/aruco_mark_21.svg
-- Symlinking: /work/tello_ros_ws/src/install/tello_gazebo/share/tello_gazebo/models/marker_21/model.config
-- Symlinking: /work/tello_ros_ws/src/install/tello_gazebo/share/tello_gazebo/models/marker_21/model.sdf
-- Symlinking: /work/tello_ros_ws/src/install/tello_gazebo/share/tello_gazebo/models/marker_22/materials/scripts/marker_22.material
-- Symlinking: /work/tello_ros_ws/src/install/tello_gazebo/share/tello_gazebo/models/marker_22/materials/textures/aruco_mark_22.png
-- Symlinking: /work/tello_ros_ws/src/install/tello_gazebo/share/tello_gazebo/models/marker_22/materials/textures/aruco_mark_22.svg
-- Symlinking: /work/tello_ros_ws/src/install/tello_gazebo/share/tello_gazebo/models/marker_22/model.config
-- Symlinking: /work/tello_ros_ws/src/install/tello_gazebo/share/tello_gazebo/models/marker_22/model.sdf
-- Symlinking: /work/tello_ros_ws/src/install/tello_gazebo/share/tello_gazebo/models/marker_23/materials/scripts/marker_23.material
-- Symlinking: /work/tello_ros_ws/src/install/tello_gazebo/share/tello_gazebo/models/marker_23/materials/textures/aruco_mark_23.png
-- Symlinking: /work/tello_ros_ws/src/install/tello_gazebo/share/tello_gazebo/models/marker_23/materials/textures/aruco_mark_23.svg
-- Symlinking: /work/tello_ros_ws/src/install/tello_gazebo/share/tello_gazebo/models/marker_23/model.config
-- Symlinking: /work/tello_ros_ws/src/install/tello_gazebo/share/tello_gazebo/models/marker_23/model.sdf
-- Symlinking: /work/tello_ros_ws/src/install/tello_gazebo/share/tello_gazebo/models/marker_24/materials/scripts/marker_24.material
-- Symlinking: /work/tello_ros_ws/src/install/tello_gazebo/share/tello_gazebo/models/marker_24/materials/textures/aruco_mark_24.png
-- Symlinking: /work/tello_ros_ws/src/install/tello_gazebo/share/tello_gazebo/models/marker_24/materials/textures/aruco_mark_24.svg
-- Symlinking: /work/tello_ros_ws/src/install/tello_gazebo/share/tello_gazebo/models/marker_24/model.config
-- Symlinking: /work/tello_ros_ws/src/install/tello_gazebo/share/tello_gazebo/models/marker_24/model.sdf
-- Symlinking: /work/tello_ros_ws/src/install/tello_gazebo/share/tello_gazebo/models/marker_25/materials/scripts/marker_25.material
-- Symlinking: /work/tello_ros_ws/src/install/tello_gazebo/share/tello_gazebo/models/marker_25/materials/textures/aruco_mark_25.png
-- Symlinking: /work/tello_ros_ws/src/install/tello_gazebo/share/tello_gazebo/models/marker_25/materials/textures/aruco_mark_25.svg
-- Symlinking: /work/tello_ros_ws/src/install/tello_gazebo/share/tello_gazebo/models/marker_25/model.config
-- Symlinking: /work/tello_ros_ws/src/install/tello_gazebo/share/tello_gazebo/models/marker_25/model.sdf
-- Symlinking: /work/tello_ros_ws/src/install/tello_gazebo/share/tello_gazebo/models/marker_26/materials/scripts/marker_26.material
-- Symlinking: /work/tello_ros_ws/src/install/tello_gazebo/share/tello_gazebo/models/marker_26/materials/textures/aruco_mark_26.png
-- Symlinking: /work/tello_ros_ws/src/install/tello_gazebo/share/tello_gazebo/models/marker_26/materials/textures/aruco_mark_26.svg
-- Symlinking: /work/tello_ros_ws/src/install/tello_gazebo/share/tello_gazebo/models/marker_26/model.config
-- Symlinking: /work/tello_ros_ws/src/install/tello_gazebo/share/tello_gazebo/models/marker_26/model.sdf
-- Symlinking: /work/tello_ros_ws/src/install/tello_gazebo/share/tello_gazebo/models/marker_27/materials/scripts/marker_27.material
-- Symlinking: /work/tello_ros_ws/src/install/tello_gazebo/share/tello_gazebo/models/marker_27/materials/textures/aruco_mark_27.png
-- Symlinking: /work/tello_ros_ws/src/install/tello_gazebo/share/tello_gazebo/models/marker_27/materials/textures/aruco_mark_27.svg
-- Symlinking: /work/tello_ros_ws/src/install/tello_gazebo/share/tello_gazebo/models/marker_27/model.config
-- Symlinking: /work/tello_ros_ws/src/install/tello_gazebo/share/tello_gazebo/models/marker_27/model.sdf
-- Symlinking: /work/tello_ros_ws/src/install/tello_gazebo/share/tello_gazebo/models/marker_28/materials/scripts/marker_28.material
-- Symlinking: /work/tello_ros_ws/src/install/tello_gazebo/share/tello_gazebo/models/marker_28/materials/textures/aruco_mark_28.png
-- Symlinking: /work/tello_ros_ws/src/install/tello_gazebo/share/tello_gazebo/models/marker_28/materials/textures/aruco_mark_28.svg
-- Symlinking: /work/tello_ros_ws/src/install/tello_gazebo/share/tello_gazebo/models/marker_28/model.config
-- Symlinking: /work/tello_ros_ws/src/install/tello_gazebo/share/tello_gazebo/models/marker_28/model.sdf
-- Symlinking: /work/tello_ros_ws/src/install/tello_gazebo/share/tello_gazebo/models/marker_29/materials/scripts/marker_29.material
-- Symlinking: /work/tello_ros_ws/src/install/tello_gazebo/share/tello_gazebo/models/marker_29/materials/textures/aruco_mark_29.png
-- Symlinking: /work/tello_ros_ws/src/install/tello_gazebo/share/tello_gazebo/models/marker_29/materials/textures/aruco_mark_29.svg
-- Symlinking: /work/tello_ros_ws/src/install/tello_gazebo/share/tello_gazebo/models/marker_29/model.config
-- Symlinking: /work/tello_ros_ws/src/install/tello_gazebo/share/tello_gazebo/models/marker_29/model.sdf
-- Symlinking: /work/tello_ros_ws/src/install/tello_gazebo/share/tello_gazebo/models/marker_3/materials/scripts/marker_3.material
-- Symlinking: /work/tello_ros_ws/src/install/tello_gazebo/share/tello_gazebo/models/marker_3/materials/textures/aruco_mark_3.png
-- Symlinking: /work/tello_ros_ws/src/install/tello_gazebo/share/tello_gazebo/models/marker_3/materials/textures/aruco_mark_3.svg
-- Symlinking: /work/tello_ros_ws/src/install/tello_gazebo/share/tello_gazebo/models/marker_3/model.config
-- Symlinking: /work/tello_ros_ws/src/install/tello_gazebo/share/tello_gazebo/models/marker_3/model.sdf
-- Symlinking: /work/tello_ros_ws/src/install/tello_gazebo/share/tello_gazebo/models/marker_30/materials/scripts/marker_30.material
-- Symlinking: /work/tello_ros_ws/src/install/tello_gazebo/share/tello_gazebo/models/marker_30/materials/textures/aruco_mark_30.png
-- Symlinking: /work/tello_ros_ws/src/install/tello_gazebo/share/tello_gazebo/models/marker_30/materials/textures/aruco_mark_30.svg
-- Symlinking: /work/tello_ros_ws/src/install/tello_gazebo/share/tello_gazebo/models/marker_30/model.config
-- Symlinking: /work/tello_ros_ws/src/install/tello_gazebo/share/tello_gazebo/models/marker_30/model.sdf
-- Symlinking: /work/tello_ros_ws/src/install/tello_gazebo/share/tello_gazebo/models/marker_4/materials/scripts/marker_4.material
-- Symlinking: /work/tello_ros_ws/src/install/tello_gazebo/share/tello_gazebo/models/marker_4/materials/textures/aruco_mark_4.png
-- Symlinking: /work/tello_ros_ws/src/install/tello_gazebo/share/tello_gazebo/models/marker_4/materials/textures/aruco_mark_4.svg
-- Symlinking: /work/tello_ros_ws/src/install/tello_gazebo/share/tello_gazebo/models/marker_4/model.config
-- Symlinking: /work/tello_ros_ws/src/install/tello_gazebo/share/tello_gazebo/models/marker_4/model.sdf
-- Symlinking: /work/tello_ros_ws/src/install/tello_gazebo/share/tello_gazebo/models/marker_5/materials/scripts/marker_5.material
-- Symlinking: /work/tello_ros_ws/src/install/tello_gazebo/share/tello_gazebo/models/marker_5/materials/textures/aruco_mark_5.png
-- Symlinking: /work/tello_ros_ws/src/install/tello_gazebo/share/tello_gazebo/models/marker_5/materials/textures/aruco_mark_5.svg
-- Symlinking: /work/tello_ros_ws/src/install/tello_gazebo/share/tello_gazebo/models/marker_5/model.config
-- Symlinking: /work/tello_ros_ws/src/install/tello_gazebo/share/tello_gazebo/models/marker_5/model.sdf
-- Symlinking: /work/tello_ros_ws/src/install/tello_gazebo/share/tello_gazebo/models/marker_6/materials/scripts/marker_6.material
-- Symlinking: /work/tello_ros_ws/src/install/tello_gazebo/share/tello_gazebo/models/marker_6/materials/textures/aruco_mark_6.png
-- Symlinking: /work/tello_ros_ws/src/install/tello_gazebo/share/tello_gazebo/models/marker_6/materials/textures/aruco_mark_6.svg
-- Symlinking: /work/tello_ros_ws/src/install/tello_gazebo/share/tello_gazebo/models/marker_6/model.config
-- Symlinking: /work/tello_ros_ws/src/install/tello_gazebo/share/tello_gazebo/models/marker_6/model.sdf
-- Symlinking: /work/tello_ros_ws/src/install/tello_gazebo/share/tello_gazebo/models/marker_7/materials/scripts/marker_7.material
-- Symlinking: /work/tello_ros_ws/src/install/tello_gazebo/share/tello_gazebo/models/marker_7/materials/textures/aruco_mark_7.png
-- Symlinking: /work/tello_ros_ws/src/install/tello_gazebo/share/tello_gazebo/models/marker_7/materials/textures/aruco_mark_7.svg
-- Symlinking: /work/tello_ros_ws/src/install/tello_gazebo/share/tello_gazebo/models/marker_7/model.config
-- Symlinking: /work/tello_ros_ws/src/install/tello_gazebo/share/tello_gazebo/models/marker_7/model.sdf
-- Symlinking: /work/tello_ros_ws/src/install/tello_gazebo/share/tello_gazebo/models/marker_8/materials/scripts/marker_8.material
-- Symlinking: /work/tello_ros_ws/src/install/tello_gazebo/share/tello_gazebo/models/marker_8/materials/textures/aruco_mark_8.png
-- Symlinking: /work/tello_ros_ws/src/install/tello_gazebo/share/tello_gazebo/models/marker_8/materials/textures/aurco_mark_8.svg
-- Symlinking: /work/tello_ros_ws/src/install/tello_gazebo/share/tello_gazebo/models/marker_8/model.config
-- Symlinking: /work/tello_ros_ws/src/install/tello_gazebo/share/tello_gazebo/models/marker_8/model.sdf
-- Symlinking: /work/tello_ros_ws/src/install/tello_gazebo/share/tello_gazebo/models/marker_9/materials/scripts/marker_9.material
-- Symlinking: /work/tello_ros_ws/src/install/tello_gazebo/share/tello_gazebo/models/marker_9/materials/textures/aruco_mark_9.png
-- Symlinking: /work/tello_ros_ws/src/install/tello_gazebo/share/tello_gazebo/models/marker_9/materials/textures/aruco_mark_9.svg
-- Symlinking: /work/tello_ros_ws/src/install/tello_gazebo/share/tello_gazebo/models/marker_9/model.config
-- Symlinking: /work/tello_ros_ws/src/install/tello_gazebo/share/tello_gazebo/models/marker_9/model.sdf
-- Symlinking: /work/tello_ros_ws/src/install/tello_gazebo/share/tello_gazebo/worlds/build_world.py
-- Symlinking: /work/tello_ros_ws/src/install/tello_gazebo/share/tello_gazebo/worlds/f2.world
-- Symlinking: /work/tello_ros_ws/src/install/tello_gazebo/share/tello_gazebo/worlds/f2_map.yaml
-- Symlinking: /work/tello_ros_ws/src/install/tello_gazebo/share/tello_gazebo/worlds/fiducial.world
-- Symlinking: /work/tello_ros_ws/src/install/tello_gazebo/share/tello_gazebo/worlds/fiducial_map.yaml
-- Symlinking: /work/tello_ros_ws/src/install/tello_gazebo/share/tello_gazebo/worlds/marker_0.world
-- Symlinking: /work/tello_ros_ws/src/install/tello_gazebo/share/tello_gazebo/worlds/markers.world
-- Symlinking: /work/tello_ros_ws/src/install/tello_gazebo/share/tello_gazebo/worlds/simple.world
-- Symlinking: /work/tello_ros_ws/src/install/tello_gazebo/share/tello_gazebo/launch/simple_launch.py
-- Symlinking: /work/tello_ros_ws/src/install/tello_gazebo/share/tello_gazebo/launch/vlam_launch.py
-- Symlinking: /work/tello_ros_ws/src/install/tello_gazebo/lib/tello_gazebo/inject_entity.py
-- Symlinking: /work/tello_ros_ws/src/install/tello_gazebo/share/ament_index/resource_index/package_run_dependencies/tello_gazebo
-- Symlinking: /work/tello_ros_ws/src/install/tello_gazebo/share/ament_index/resource_index/parent_prefix_path/tello_gazebo
-- Symlinking: /work/tello_ros_ws/src/install/tello_gazebo/share/tello_gazebo/environment/ament_prefix_path.sh
-- Symlinking: /work/tello_ros_ws/src/install/tello_gazebo/share/tello_gazebo/environment/ament_prefix_path.dsv
-- Symlinking: /work/tello_ros_ws/src/install/tello_gazebo/share/tello_gazebo/environment/path.sh
-- Symlinking: /work/tello_ros_ws/src/install/tello_gazebo/share/tello_gazebo/environment/path.dsv
-- Symlinking: /work/tello_ros_ws/src/install/tello_gazebo/share/tello_gazebo/local_setup.bash
-- Symlinking: /work/tello_ros_ws/src/install/tello_gazebo/share/tello_gazebo/local_setup.sh
-- Symlinking: /work/tello_ros_ws/src/install/tello_gazebo/share/tello_gazebo/local_setup.zsh
-- Symlinking: /work/tello_ros_ws/src/install/tello_gazebo/share/tello_gazebo/local_setup.dsv
-- Symlinking: /work/tello_ros_ws/src/install/tello_gazebo/share/tello_gazebo/package.dsv
-- Symlinking: /work/tello_ros_ws/src/install/tello_gazebo/share/ament_index/resource_index/packages/tello_gazebo
-- Symlinking: /work/tello_ros_ws/src/install/tello_gazebo/share/tello_gazebo/cmake/tello_gazeboConfig.cmake
-- Symlinking: /work/tello_ros_ws/src/install/tello_gazebo/share/tello_gazebo/cmake/tello_gazeboConfig-version.cmake
-- Symlinking: /work/tello_ros_ws/src/install/tello_gazebo/share/tello_gazebo/package.xml
