[0.031s] Invoking command in '/work/tello_ros_ws/src/build/tello_gazebo': AMENT_PREFIX_PATH=/work/tello_ros_ws/src/install/tello_msgs:${AMENT_PREFIX_PATH} CMAKE_PREFIX_PATH=/work/tello_ros_ws/src/install/tello_msgs:/work/tello_ros_ws/install/tello_gazebo:/work/tello_ros_ws/install/tello_driver:/work/tello_ros_ws/install/tello_msgs:/work/tello_ros_ws/install/tello_interface:/work/tello_ros_ws/install/tello_description:/work/tello_ros_ws/install/fiducial_vlam:/work/tello_ros_ws/install/ros2_shared:/work/tello_ros_ws/install/ros2_aruco_interfaces:/work/tello_ros_ws/install/fiducial_vlam_msgs:/work/tello_ros_ws/install/tello_controller:/work/tello_ros_ws/install/ros2_aruco:/work/tello_ros_ws/install/pkg_g2rr:/opt/ros/foxy LD_LIBRARY_PATH=/work/tello_ros_ws/src/install/tello_msgs/lib:${LD_LIBRARY_PATH} PYTHONPATH=/work/tello_ros_ws/src/install/tello_msgs/lib/python3.8/site-packages:${PYTHONPATH} /usr/bin/cmake /work/tello_ros_ws/src/tello_ros/tello_gazebo -DAMENT_CMAKE_SYMLINK_INSTALL=1 -DCMAKE_INSTALL_PREFIX=/work/tello_ros_ws/src/install/tello_gazebo
[0.119s] -- The C compiler identification is GNU 9.4.0
[0.202s] -- The CXX compiler identification is GNU 9.4.0
[0.215s] -- Check for working C compiler: /usr/bin/cc
[0.314s] -- Check for working C compiler: /usr/bin/cc -- works
[0.315s] -- Detecting C compiler ABI info
[0.415s] -- Detecting C compiler ABI info - done
[0.434s] -- Detecting C compile features
[0.435s] -- Detecting C compile features - done
[0.439s] -- Check for working CXX compiler: /usr/bin/c++
[0.555s] -- Check for working CXX compiler: /usr/bin/c++ -- works
[0.557s] -- Detecting CXX compiler ABI info
[0.676s] -- Detecting CXX compiler ABI info - done
[0.696s] -- Detecting CXX compile features
[0.697s] -- Detecting CXX compile features - done
[0.703s] -- Found ament_cmake: 0.9.11 (/opt/ros/foxy/share/ament_cmake/cmake)
[0.764s] -- Found PythonInterp: /usr/bin/python3 (found suitable version "3.8.10", minimum required is "3") 
[0.764s] -- Using PYTHON_EXECUTABLE: /usr/bin/python3
[1.062s] -- Override CMake install command with custom implementation using symlinks instead of copying resources
[1.150s] -- Found PkgConfig: /usr/bin/pkg-config (found version "0.29.1") 
[1.163s] -- Checking for module 'bullet>=2.82'
[1.192s] --   Found bullet, version 2.88
[1.409s] -- Found ccd: /usr/include (found suitable version "2.0", minimum required is "2.0") 
[1.499s] -- Found fcl: /usr/include (found suitable version "0.5.0", minimum required is "0.3.2") 
[1.596s] -- Found assimp: /usr/include (found version "5.0.0") 
[1.680s] -- Found DART: /usr/include (Required is at least version "6.6") found components: dart 
[2.154s] -- Found Boost: /usr/lib/x86_64-linux-gnu/cmake/Boost-1.71.0/BoostConfig.cmake (found suitable version "1.71.0", minimum required is "1.40.0") found components: thread system filesystem program_options regex iostreams date_time 
[2.189s] -- Found Protobuf: /usr/lib/x86_64-linux-gnu/libprotobuf.so;-lpthread (found version "3.6.1") 
[2.205s] -- Looking for ignition-math6 -- found version 6.13.0
[2.218s] -- Searching for dependencies of ignition-math6
[2.221s] -- Looking for OGRE...
[2.222s] -- OGRE_PREFIX_WATCH changed.
[2.229s] -- Checking for module 'OGRE'
[2.256s] --   Found OGRE, version 1.9.0
[2.316s] -- Found Ogre Ghadamon (1.9.0)
[2.330s] -- Found OGRE: optimized;/usr/lib/x86_64-linux-gnu/libOgreMain.so;debug;/usr/lib/x86_64-linux-gnu/libOgreMain.so
[2.346s] -- Looking for OGRE_Paging...
[2.357s] -- Found OGRE_Paging: optimized;/usr/lib/x86_64-linux-gnu/libOgrePaging.so;debug;/usr/lib/x86_64-linux-gnu/libOgrePaging.so
[2.357s] -- Looking for OGRE_Terrain...
[2.366s] -- Found OGRE_Terrain: optimized;/usr/lib/x86_64-linux-gnu/libOgreTerrain.so;debug;/usr/lib/x86_64-linux-gnu/libOgreTerrain.so
[2.367s] -- Looking for OGRE_Property...
[2.376s] -- Found OGRE_Property: optimized;/usr/lib/x86_64-linux-gnu/libOgreProperty.so;debug;/usr/lib/x86_64-linux-gnu/libOgreProperty.so
[2.377s] -- Looking for OGRE_RTShaderSystem...
[2.387s] -- Found OGRE_RTShaderSystem: optimized;/usr/lib/x86_64-linux-gnu/libOgreRTShaderSystem.so;debug;/usr/lib/x86_64-linux-gnu/libOgreRTShaderSystem.so
[2.388s] -- Looking for OGRE_Volume...
[2.397s] -- Found OGRE_Volume: optimized;/usr/lib/x86_64-linux-gnu/libOgreVolume.so;debug;/usr/lib/x86_64-linux-gnu/libOgreVolume.so
[2.397s] -- Looking for OGRE_Overlay...
[2.406s] -- Found OGRE_Overlay: optimized;/usr/lib/x86_64-linux-gnu/libOgreOverlay.so;debug;/usr/lib/x86_64-linux-gnu/libOgreOverlay.so
[2.616s] -- Looking for ignition-math6 -- found version 6.13.0
[2.623s] -- Looking for ignition-transport8 -- found version 8.3.0
[2.624s] -- Searching for dependencies of ignition-transport8
[2.663s] -- Found Protobuf: /usr/lib/x86_64-linux-gnu/libprotobuf.so;-lpthread (found suitable version "3.6.1", minimum required is "3") 
[2.691s] -- Config-file not installed for ZeroMQ -- checking for pkg-config
[2.698s] -- Checking for module 'libzmq >= 4'
[2.724s] --   Found libzmq , version 4.3.2
[2.788s] -- Found ZeroMQ: TRUE (Required is at least version "4") 
[2.796s] -- Checking for module 'uuid'
[2.822s] --   Found uuid, version 2.34.0
[2.883s] -- Found UUID: TRUE  
[2.890s] -- Looking for ignition-msgs5 -- found version 5.10.0
[2.891s] -- Searching for dependencies of ignition-msgs5
[2.931s] -- Looking for ignition-math6 -- found version 6.13.0
[2.938s] -- Checking for module 'tinyxml2'
[2.964s] --   Found tinyxml2, version 6.2.0
[3.027s] -- Looking for ignition-msgs5 -- found version 5.10.0
[3.034s] -- Looking for ignition-common3 -- found version 3.14.2
[3.035s] -- Searching for dependencies of ignition-common3
[3.036s] -- Looking for dlfcn.h - found
[3.038s] -- Looking for libdl - found
[3.040s] -- Found DL: TRUE  
[3.054s] -- Searching for <ignition-common3> component [graphics]
[3.061s] -- Looking for ignition-common3-graphics -- found version 3.14.2
[3.061s] -- Searching for dependencies of ignition-common3-graphics
[3.062s] -- Looking for ignition-math6 -- found version 6.13.0
[3.070s] -- Looking for ignition-fuel_tools4 -- found version 4.6.0
[3.071s] -- Searching for dependencies of ignition-fuel_tools4
[3.193s] -- Found CURL: /usr/lib/x86_64-linux-gnu/libcurl.so (found version "7.68.0")  
[3.209s] -- Checking for module 'jsoncpp'
[3.235s] --   Found jsoncpp, version 1.7.4
[3.298s] -- Found JSONCPP: TRUE  
[3.310s] -- Checking for module 'libzip'
[3.339s] --   Found libzip, version 1.5.1
[3.421s] -- Found ZIP: TRUE  
[3.422s] -- Looking for ignition-common3 -- found version 3.14.2
[3.423s] -- Looking for ignition-math6 -- found version 6.13.0
[3.424s] -- Looking for ignition-msgs5 -- found version 5.10.0
[3.436s] -- Found gazebo_dev: 3.5.3 (/opt/ros/foxy/share/gazebo_dev/cmake)
[3.437s] -- Gazebo version: 11.11
[3.446s] -- Found gazebo_ros: 3.5.3 (/opt/ros/foxy/share/gazebo_ros/cmake)
[3.581s] -- Using all available rosidl_typesupport_c: rosidl_typesupport_fastrtps_c;rosidl_typesupport_introspection_c
[3.642s] -- Found rosidl_adapter: 1.3.0 (/opt/ros/foxy/share/rosidl_adapter/cmake)
[4.400s] -- Found OpenSSL: /usr/lib/x86_64-linux-gnu/libcrypto.so (found version "1.1.1f")  
[4.604s] -- Found FastRTPS: /opt/ros/foxy/include  
[5.297s] -- Using all available rosidl_typesupport_cpp: rosidl_typesupport_fastrtps_cpp;rosidl_typesupport_introspection_cpp
[5.760s] -- Found rmw_implementation_cmake: 1.0.3 (/opt/ros/foxy/share/rmw_implementation_cmake/cmake)
[5.768s] -- Using RMW implementation 'rmw_fastrtps_cpp' as default
[5.773s] -- Found Threads: TRUE  
[7.348s] -- Found geometry_msgs: 2.0.5 (/opt/ros/foxy/share/geometry_msgs/cmake)
[7.674s] -- Found sensor_msgs: 2.0.5 (/opt/ros/foxy/share/sensor_msgs/cmake)
[8.133s] -- Found tello_msgs: 0.1.0 (/work/tello_ros_ws/src/install/tello_msgs/share/tello_msgs/cmake)
[8.933s] -- Configuring done
[9.233s] -- Generating done
[9.240s] -- Build files have been written to: /work/tello_ros_ws/src/build/tello_gazebo
[9.273s] Invoked command in '/work/tello_ros_ws/src/build/tello_gazebo' returned '0': AMENT_PREFIX_PATH=/work/tello_ros_ws/src/install/tello_msgs:${AMENT_PREFIX_PATH} CMAKE_PREFIX_PATH=/work/tello_ros_ws/src/install/tello_msgs:/work/tello_ros_ws/install/tello_gazebo:/work/tello_ros_ws/install/tello_driver:/work/tello_ros_ws/install/tello_msgs:/work/tello_ros_ws/install/tello_interface:/work/tello_ros_ws/install/tello_description:/work/tello_ros_ws/install/fiducial_vlam:/work/tello_ros_ws/install/ros2_shared:/work/tello_ros_ws/install/ros2_aruco_interfaces:/work/tello_ros_ws/install/fiducial_vlam_msgs:/work/tello_ros_ws/install/tello_controller:/work/tello_ros_ws/install/ros2_aruco:/work/tello_ros_ws/install/pkg_g2rr:/opt/ros/foxy LD_LIBRARY_PATH=/work/tello_ros_ws/src/install/tello_msgs/lib:${LD_LIBRARY_PATH} PYTHONPATH=/work/tello_ros_ws/src/install/tello_msgs/lib/python3.8/site-packages:${PYTHONPATH} /usr/bin/cmake /work/tello_ros_ws/src/tello_ros/tello_gazebo -DAMENT_CMAKE_SYMLINK_INSTALL=1 -DCMAKE_INSTALL_PREFIX=/work/tello_ros_ws/src/install/tello_gazebo
[9.275s] Invoking command in '/work/tello_ros_ws/src/build/tello_gazebo': AMENT_PREFIX_PATH=/work/tello_ros_ws/src/install/tello_msgs:${AMENT_PREFIX_PATH} CMAKE_PREFIX_PATH=/work/tello_ros_ws/src/install/tello_msgs:/work/tello_ros_ws/install/tello_gazebo:/work/tello_ros_ws/install/tello_driver:/work/tello_ros_ws/install/tello_msgs:/work/tello_ros_ws/install/tello_interface:/work/tello_ros_ws/install/tello_description:/work/tello_ros_ws/install/fiducial_vlam:/work/tello_ros_ws/install/ros2_shared:/work/tello_ros_ws/install/ros2_aruco_interfaces:/work/tello_ros_ws/install/fiducial_vlam_msgs:/work/tello_ros_ws/install/tello_controller:/work/tello_ros_ws/install/ros2_aruco:/work/tello_ros_ws/install/pkg_g2rr:/opt/ros/foxy LD_LIBRARY_PATH=/work/tello_ros_ws/src/install/tello_msgs/lib:${LD_LIBRARY_PATH} PYTHONPATH=/work/tello_ros_ws/src/install/tello_msgs/lib/python3.8/site-packages:${PYTHONPATH} /usr/bin/cmake --build /work/tello_ros_ws/src/build/tello_gazebo -- -j8 -l8
[9.717s] [35m[1mScanning dependencies of target TelloPlugin[0m
[10.849s] [ 50%] [32mBuilding CXX object CMakeFiles/TelloPlugin.dir/src/tello_plugin.cpp.o[0m
[73.851s] [100%] [32m[1mLinking CXX shared library libTelloPlugin.so[0m
[75.081s] [100%] Built target TelloPlugin
[75.102s] Invoked command in '/work/tello_ros_ws/src/build/tello_gazebo' returned '0': AMENT_PREFIX_PATH=/work/tello_ros_ws/src/install/tello_msgs:${AMENT_PREFIX_PATH} CMAKE_PREFIX_PATH=/work/tello_ros_ws/src/install/tello_msgs:/work/tello_ros_ws/install/tello_gazebo:/work/tello_ros_ws/install/tello_driver:/work/tello_ros_ws/install/tello_msgs:/work/tello_ros_ws/install/tello_interface:/work/tello_ros_ws/install/tello_description:/work/tello_ros_ws/install/fiducial_vlam:/work/tello_ros_ws/install/ros2_shared:/work/tello_ros_ws/install/ros2_aruco_interfaces:/work/tello_ros_ws/install/fiducial_vlam_msgs:/work/tello_ros_ws/install/tello_controller:/work/tello_ros_ws/install/ros2_aruco:/work/tello_ros_ws/install/pkg_g2rr:/opt/ros/foxy LD_LIBRARY_PATH=/work/tello_ros_ws/src/install/tello_msgs/lib:${LD_LIBRARY_PATH} PYTHONPATH=/work/tello_ros_ws/src/install/tello_msgs/lib/python3.8/site-packages:${PYTHONPATH} /usr/bin/cmake --build /work/tello_ros_ws/src/build/tello_gazebo -- -j8 -l8
[75.171s] Invoking command in '/work/tello_ros_ws/src/build/tello_gazebo': AMENT_PREFIX_PATH=/work/tello_ros_ws/src/install/tello_msgs:${AMENT_PREFIX_PATH} CMAKE_PREFIX_PATH=/work/tello_ros_ws/src/install/tello_msgs:/work/tello_ros_ws/install/tello_gazebo:/work/tello_ros_ws/install/tello_driver:/work/tello_ros_ws/install/tello_msgs:/work/tello_ros_ws/install/tello_interface:/work/tello_ros_ws/install/tello_description:/work/tello_ros_ws/install/fiducial_vlam:/work/tello_ros_ws/install/ros2_shared:/work/tello_ros_ws/install/ros2_aruco_interfaces:/work/tello_ros_ws/install/fiducial_vlam_msgs:/work/tello_ros_ws/install/tello_controller:/work/tello_ros_ws/install/ros2_aruco:/work/tello_ros_ws/install/pkg_g2rr:/opt/ros/foxy LD_LIBRARY_PATH=/work/tello_ros_ws/src/install/tello_msgs/lib:${LD_LIBRARY_PATH} PYTHONPATH=/work/tello_ros_ws/src/install/tello_msgs/lib/python3.8/site-packages:${PYTHONPATH} /usr/bin/cmake --install /work/tello_ros_ws/src/build/tello_gazebo
[75.183s] -- Install configuration: ""
[75.183s] -- Execute custom install script
[75.185s] -- Symlinking: /work/tello_ros_ws/src/install/tello_gazebo/lib/libTelloPlugin.so
[75.206s] -- Symlinking: /work/tello_ros_ws/src/install/tello_gazebo/share/tello_gazebo/models/marker_0/materials/scripts/marker_0.material
[75.220s] -- Symlinking: /work/tello_ros_ws/src/install/tello_gazebo/share/tello_gazebo/models/marker_0/materials/textures/aruco_mark_0.png
[75.234s] -- Symlinking: /work/tello_ros_ws/src/install/tello_gazebo/share/tello_gazebo/models/marker_0/materials/textures/aruco_mark_0.svg
[75.247s] -- Symlinking: /work/tello_ros_ws/src/install/tello_gazebo/share/tello_gazebo/models/marker_0/model.config
[75.261s] -- Symlinking: /work/tello_ros_ws/src/install/tello_gazebo/share/tello_gazebo/models/marker_0/model.sdf
[75.275s] -- Symlinking: /work/tello_ros_ws/src/install/tello_gazebo/share/tello_gazebo/models/marker_1/materials/scripts/marker_1.material
[75.290s] -- Symlinking: /work/tello_ros_ws/src/install/tello_gazebo/share/tello_gazebo/models/marker_1/materials/textures/aruco_mark_1.png
[75.303s] -- Symlinking: /work/tello_ros_ws/src/install/tello_gazebo/share/tello_gazebo/models/marker_1/materials/textures/aruco_mark_1.svg
[75.317s] -- Symlinking: /work/tello_ros_ws/src/install/tello_gazebo/share/tello_gazebo/models/marker_1/model.config
[75.331s] -- Symlinking: /work/tello_ros_ws/src/install/tello_gazebo/share/tello_gazebo/models/marker_1/model.sdf
[75.371s] -- Symlinking: /work/tello_ros_ws/src/install/tello_gazebo/share/tello_gazebo/models/marker_10/materials/scripts/marker_10.material
[75.384s] -- Symlinking: /work/tello_ros_ws/src/install/tello_gazebo/share/tello_gazebo/models/marker_10/materials/textures/aruco_mark_10.png
[75.398s] -- Symlinking: /work/tello_ros_ws/src/install/tello_gazebo/share/tello_gazebo/models/marker_10/materials/textures/aruco_mark_10.svg
[75.412s] -- Symlinking: /work/tello_ros_ws/src/install/tello_gazebo/share/tello_gazebo/models/marker_10/model.config
[75.426s] -- Symlinking: /work/tello_ros_ws/src/install/tello_gazebo/share/tello_gazebo/models/marker_10/model.sdf
[75.440s] -- Symlinking: /work/tello_ros_ws/src/install/tello_gazebo/share/tello_gazebo/models/marker_11/materials/scripts/marker_11.material
[75.453s] -- Symlinking: /work/tello_ros_ws/src/install/tello_gazebo/share/tello_gazebo/models/marker_11/materials/textures/aruco_mark_11.png
[75.467s] -- Symlinking: /work/tello_ros_ws/src/install/tello_gazebo/share/tello_gazebo/models/marker_11/materials/textures/aruco_mark_11.svg
[75.480s] -- Symlinking: /work/tello_ros_ws/src/install/tello_gazebo/share/tello_gazebo/models/marker_11/model.config
[75.494s] -- Symlinking: /work/tello_ros_ws/src/install/tello_gazebo/share/tello_gazebo/models/marker_11/model.sdf
[75.508s] -- Symlinking: /work/tello_ros_ws/src/install/tello_gazebo/share/tello_gazebo/models/marker_12/materials/scripts/marker_12.material
[75.522s] -- Symlinking: /work/tello_ros_ws/src/install/tello_gazebo/share/tello_gazebo/models/marker_12/materials/textures/aruco_mark_12.png
[75.535s] -- Symlinking: /work/tello_ros_ws/src/install/tello_gazebo/share/tello_gazebo/models/marker_12/materials/textures/aruco_mark_12.svg
[75.549s] -- Symlinking: /work/tello_ros_ws/src/install/tello_gazebo/share/tello_gazebo/models/marker_12/model.config
[75.562s] -- Symlinking: /work/tello_ros_ws/src/install/tello_gazebo/share/tello_gazebo/models/marker_12/model.sdf
[75.577s] -- Symlinking: /work/tello_ros_ws/src/install/tello_gazebo/share/tello_gazebo/models/marker_13/materials/scripts/marker_13.material
[75.613s] -- Symlinking: /work/tello_ros_ws/src/install/tello_gazebo/share/tello_gazebo/models/marker_13/materials/textures/aruco_mark_13.png
[75.627s] -- Symlinking: /work/tello_ros_ws/src/install/tello_gazebo/share/tello_gazebo/models/marker_13/materials/textures/aruco_mark_13.svg
[75.641s] -- Symlinking: /work/tello_ros_ws/src/install/tello_gazebo/share/tello_gazebo/models/marker_13/model.config
[75.655s] -- Symlinking: /work/tello_ros_ws/src/install/tello_gazebo/share/tello_gazebo/models/marker_13/model.sdf
[75.669s] -- Symlinking: /work/tello_ros_ws/src/install/tello_gazebo/share/tello_gazebo/models/marker_14/materials/scripts/marker_14.material
[75.683s] -- Symlinking: /work/tello_ros_ws/src/install/tello_gazebo/share/tello_gazebo/models/marker_14/materials/textures/aruco_mark_14.png
[75.697s] -- Symlinking: /work/tello_ros_ws/src/install/tello_gazebo/share/tello_gazebo/models/marker_14/materials/textures/aruco_mark_14.svg
[75.711s] -- Symlinking: /work/tello_ros_ws/src/install/tello_gazebo/share/tello_gazebo/models/marker_14/model.config
[75.724s] -- Symlinking: /work/tello_ros_ws/src/install/tello_gazebo/share/tello_gazebo/models/marker_14/model.sdf
[75.739s] -- Symlinking: /work/tello_ros_ws/src/install/tello_gazebo/share/tello_gazebo/models/marker_15/materials/scripts/marker_15.material
[75.752s] -- Symlinking: /work/tello_ros_ws/src/install/tello_gazebo/share/tello_gazebo/models/marker_15/materials/textures/aruco_mark_15.png
[75.766s] -- Symlinking: /work/tello_ros_ws/src/install/tello_gazebo/share/tello_gazebo/models/marker_15/materials/textures/aruco_mark_15.svg
[75.779s] -- Symlinking: /work/tello_ros_ws/src/install/tello_gazebo/share/tello_gazebo/models/marker_15/model.config
[75.793s] -- Symlinking: /work/tello_ros_ws/src/install/tello_gazebo/share/tello_gazebo/models/marker_15/model.sdf
[75.807s] -- Symlinking: /work/tello_ros_ws/src/install/tello_gazebo/share/tello_gazebo/models/marker_16/materials/scripts/marker_16.material
[75.846s] -- Symlinking: /work/tello_ros_ws/src/install/tello_gazebo/share/tello_gazebo/models/marker_16/materials/textures/aruco_mark_16.png
[75.859s] -- Symlinking: /work/tello_ros_ws/src/install/tello_gazebo/share/tello_gazebo/models/marker_16/materials/textures/aruco_mark_16.svg
[75.873s] -- Symlinking: /work/tello_ros_ws/src/install/tello_gazebo/share/tello_gazebo/models/marker_16/model.config
[75.886s] -- Symlinking: /work/tello_ros_ws/src/install/tello_gazebo/share/tello_gazebo/models/marker_16/model.sdf
[75.900s] -- Symlinking: /work/tello_ros_ws/src/install/tello_gazebo/share/tello_gazebo/models/marker_17/materials/scripts/marker_17.material
[75.915s] -- Symlinking: /work/tello_ros_ws/src/install/tello_gazebo/share/tello_gazebo/models/marker_17/materials/textures/aruco_mark_17.png
[75.928s] -- Symlinking: /work/tello_ros_ws/src/install/tello_gazebo/share/tello_gazebo/models/marker_17/materials/textures/aruco_mark_17.svg
[75.942s] -- Symlinking: /work/tello_ros_ws/src/install/tello_gazebo/share/tello_gazebo/models/marker_17/model.config
[75.955s] -- Symlinking: /work/tello_ros_ws/src/install/tello_gazebo/share/tello_gazebo/models/marker_17/model.sdf
[75.970s] -- Symlinking: /work/tello_ros_ws/src/install/tello_gazebo/share/tello_gazebo/models/marker_18/materials/scripts/marker_18.material
[75.984s] -- Symlinking: /work/tello_ros_ws/src/install/tello_gazebo/share/tello_gazebo/models/marker_18/materials/textures/aruco_mark_18.png
[75.997s] -- Symlinking: /work/tello_ros_ws/src/install/tello_gazebo/share/tello_gazebo/models/marker_18/materials/textures/aruco_mark_18.svg
[76.011s] -- Symlinking: /work/tello_ros_ws/src/install/tello_gazebo/share/tello_gazebo/models/marker_18/model.config
[76.025s] -- Symlinking: /work/tello_ros_ws/src/install/tello_gazebo/share/tello_gazebo/models/marker_18/model.sdf
[76.039s] -- Symlinking: /work/tello_ros_ws/src/install/tello_gazebo/share/tello_gazebo/models/marker_19/materials/scripts/marker_19.material
[76.053s] -- Symlinking: /work/tello_ros_ws/src/install/tello_gazebo/share/tello_gazebo/models/marker_19/materials/textures/aruco_mark_19.png
[76.087s] -- Symlinking: /work/tello_ros_ws/src/install/tello_gazebo/share/tello_gazebo/models/marker_19/materials/textures/aruco_mark_19.svg
[76.100s] -- Symlinking: /work/tello_ros_ws/src/install/tello_gazebo/share/tello_gazebo/models/marker_19/model.config
[76.114s] -- Symlinking: /work/tello_ros_ws/src/install/tello_gazebo/share/tello_gazebo/models/marker_19/model.sdf
[76.128s] -- Symlinking: /work/tello_ros_ws/src/install/tello_gazebo/share/tello_gazebo/models/marker_2/materials/scripts/marker_2.material
[76.141s] -- Symlinking: /work/tello_ros_ws/src/install/tello_gazebo/share/tello_gazebo/models/marker_2/materials/textures/aruco_mark_2.png
[76.155s] -- Symlinking: /work/tello_ros_ws/src/install/tello_gazebo/share/tello_gazebo/models/marker_2/materials/textures/aruco_mark_2.svg
[76.169s] -- Symlinking: /work/tello_ros_ws/src/install/tello_gazebo/share/tello_gazebo/models/marker_2/model.config
[76.182s] -- Symlinking: /work/tello_ros_ws/src/install/tello_gazebo/share/tello_gazebo/models/marker_2/model.sdf
[76.196s] -- Symlinking: /work/tello_ros_ws/src/install/tello_gazebo/share/tello_gazebo/models/marker_20/materials/scripts/marker_20.material
[76.210s] -- Symlinking: /work/tello_ros_ws/src/install/tello_gazebo/share/tello_gazebo/models/marker_20/materials/textures/aruco_mark_20.png
[76.223s] -- Symlinking: /work/tello_ros_ws/src/install/tello_gazebo/share/tello_gazebo/models/marker_20/materials/textures/aruco_mark_20.svg
[76.237s] -- Symlinking: /work/tello_ros_ws/src/install/tello_gazebo/share/tello_gazebo/models/marker_20/model.config
[76.251s] -- Symlinking: /work/tello_ros_ws/src/install/tello_gazebo/share/tello_gazebo/models/marker_20/model.sdf
[76.264s] -- Symlinking: /work/tello_ros_ws/src/install/tello_gazebo/share/tello_gazebo/models/marker_21/materials/scripts/marker_21.material
[76.278s] -- Symlinking: /work/tello_ros_ws/src/install/tello_gazebo/share/tello_gazebo/models/marker_21/materials/textures/aruco_mark_21.png
[76.291s] -- Symlinking: /work/tello_ros_ws/src/install/tello_gazebo/share/tello_gazebo/models/marker_21/materials/textures/aruco_mark_21.svg
[76.330s] -- Symlinking: /work/tello_ros_ws/src/install/tello_gazebo/share/tello_gazebo/models/marker_21/model.config
[76.343s] -- Symlinking: /work/tello_ros_ws/src/install/tello_gazebo/share/tello_gazebo/models/marker_21/model.sdf
[76.358s] -- Symlinking: /work/tello_ros_ws/src/install/tello_gazebo/share/tello_gazebo/models/marker_22/materials/scripts/marker_22.material
[76.372s] -- Symlinking: /work/tello_ros_ws/src/install/tello_gazebo/share/tello_gazebo/models/marker_22/materials/textures/aruco_mark_22.png
[76.385s] -- Symlinking: /work/tello_ros_ws/src/install/tello_gazebo/share/tello_gazebo/models/marker_22/materials/textures/aruco_mark_22.svg
[76.399s] -- Symlinking: /work/tello_ros_ws/src/install/tello_gazebo/share/tello_gazebo/models/marker_22/model.config
[76.412s] -- Symlinking: /work/tello_ros_ws/src/install/tello_gazebo/share/tello_gazebo/models/marker_22/model.sdf
[76.426s] -- Symlinking: /work/tello_ros_ws/src/install/tello_gazebo/share/tello_gazebo/models/marker_23/materials/scripts/marker_23.material
[76.440s] -- Symlinking: /work/tello_ros_ws/src/install/tello_gazebo/share/tello_gazebo/models/marker_23/materials/textures/aruco_mark_23.png
[76.454s] -- Symlinking: /work/tello_ros_ws/src/install/tello_gazebo/share/tello_gazebo/models/marker_23/materials/textures/aruco_mark_23.svg
[76.468s] -- Symlinking: /work/tello_ros_ws/src/install/tello_gazebo/share/tello_gazebo/models/marker_23/model.config
[76.481s] -- Symlinking: /work/tello_ros_ws/src/install/tello_gazebo/share/tello_gazebo/models/marker_23/model.sdf
[76.495s] -- Symlinking: /work/tello_ros_ws/src/install/tello_gazebo/share/tello_gazebo/models/marker_24/materials/scripts/marker_24.material
[76.508s] -- Symlinking: /work/tello_ros_ws/src/install/tello_gazebo/share/tello_gazebo/models/marker_24/materials/textures/aruco_mark_24.png
[76.523s] -- Symlinking: /work/tello_ros_ws/src/install/tello_gazebo/share/tello_gazebo/models/marker_24/materials/textures/aruco_mark_24.svg
[76.536s] -- Symlinking: /work/tello_ros_ws/src/install/tello_gazebo/share/tello_gazebo/models/marker_24/model.config
[76.574s] -- Symlinking: /work/tello_ros_ws/src/install/tello_gazebo/share/tello_gazebo/models/marker_24/model.sdf
[76.589s] -- Symlinking: /work/tello_ros_ws/src/install/tello_gazebo/share/tello_gazebo/models/marker_25/materials/scripts/marker_25.material
[76.603s] -- Symlinking: /work/tello_ros_ws/src/install/tello_gazebo/share/tello_gazebo/models/marker_25/materials/textures/aruco_mark_25.png
[76.617s] -- Symlinking: /work/tello_ros_ws/src/install/tello_gazebo/share/tello_gazebo/models/marker_25/materials/textures/aruco_mark_25.svg
[76.631s] -- Symlinking: /work/tello_ros_ws/src/install/tello_gazebo/share/tello_gazebo/models/marker_25/model.config
[76.644s] -- Symlinking: /work/tello_ros_ws/src/install/tello_gazebo/share/tello_gazebo/models/marker_25/model.sdf
[76.659s] -- Symlinking: /work/tello_ros_ws/src/install/tello_gazebo/share/tello_gazebo/models/marker_26/materials/scripts/marker_26.material
[76.673s] -- Symlinking: /work/tello_ros_ws/src/install/tello_gazebo/share/tello_gazebo/models/marker_26/materials/textures/aruco_mark_26.png
[76.686s] -- Symlinking: /work/tello_ros_ws/src/install/tello_gazebo/share/tello_gazebo/models/marker_26/materials/textures/aruco_mark_26.svg
[76.700s] -- Symlinking: /work/tello_ros_ws/src/install/tello_gazebo/share/tello_gazebo/models/marker_26/model.config
[76.714s] -- Symlinking: /work/tello_ros_ws/src/install/tello_gazebo/share/tello_gazebo/models/marker_26/model.sdf
[76.728s] -- Symlinking: /work/tello_ros_ws/src/install/tello_gazebo/share/tello_gazebo/models/marker_27/materials/scripts/marker_27.material
[76.742s] -- Symlinking: /work/tello_ros_ws/src/install/tello_gazebo/share/tello_gazebo/models/marker_27/materials/textures/aruco_mark_27.png
[76.756s] -- Symlinking: /work/tello_ros_ws/src/install/tello_gazebo/share/tello_gazebo/models/marker_27/materials/textures/aruco_mark_27.svg
[76.770s] -- Symlinking: /work/tello_ros_ws/src/install/tello_gazebo/share/tello_gazebo/models/marker_27/model.config
[76.808s] -- Symlinking: /work/tello_ros_ws/src/install/tello_gazebo/share/tello_gazebo/models/marker_27/model.sdf
[76.822s] -- Symlinking: /work/tello_ros_ws/src/install/tello_gazebo/share/tello_gazebo/models/marker_28/materials/scripts/marker_28.material
[76.837s] -- Symlinking: /work/tello_ros_ws/src/install/tello_gazebo/share/tello_gazebo/models/marker_28/materials/textures/aruco_mark_28.png
[76.850s] -- Symlinking: /work/tello_ros_ws/src/install/tello_gazebo/share/tello_gazebo/models/marker_28/materials/textures/aruco_mark_28.svg
[76.864s] -- Symlinking: /work/tello_ros_ws/src/install/tello_gazebo/share/tello_gazebo/models/marker_28/model.config
[76.877s] -- Symlinking: /work/tello_ros_ws/src/install/tello_gazebo/share/tello_gazebo/models/marker_28/model.sdf
[76.891s] -- Symlinking: /work/tello_ros_ws/src/install/tello_gazebo/share/tello_gazebo/models/marker_29/materials/scripts/marker_29.material
[76.905s] -- Symlinking: /work/tello_ros_ws/src/install/tello_gazebo/share/tello_gazebo/models/marker_29/materials/textures/aruco_mark_29.png
[76.918s] -- Symlinking: /work/tello_ros_ws/src/install/tello_gazebo/share/tello_gazebo/models/marker_29/materials/textures/aruco_mark_29.svg
[76.932s] -- Symlinking: /work/tello_ros_ws/src/install/tello_gazebo/share/tello_gazebo/models/marker_29/model.config
[76.946s] -- Symlinking: /work/tello_ros_ws/src/install/tello_gazebo/share/tello_gazebo/models/marker_29/model.sdf
[76.960s] -- Symlinking: /work/tello_ros_ws/src/install/tello_gazebo/share/tello_gazebo/models/marker_3/materials/scripts/marker_3.material
[76.974s] -- Symlinking: /work/tello_ros_ws/src/install/tello_gazebo/share/tello_gazebo/models/marker_3/materials/textures/aruco_mark_3.png
[76.988s] -- Symlinking: /work/tello_ros_ws/src/install/tello_gazebo/share/tello_gazebo/models/marker_3/materials/textures/aruco_mark_3.svg
[77.002s] -- Symlinking: /work/tello_ros_ws/src/install/tello_gazebo/share/tello_gazebo/models/marker_3/model.config
[77.015s] -- Symlinking: /work/tello_ros_ws/src/install/tello_gazebo/share/tello_gazebo/models/marker_3/model.sdf
[77.054s] -- Symlinking: /work/tello_ros_ws/src/install/tello_gazebo/share/tello_gazebo/models/marker_30/materials/scripts/marker_30.material
[77.067s] -- Symlinking: /work/tello_ros_ws/src/install/tello_gazebo/share/tello_gazebo/models/marker_30/materials/textures/aruco_mark_30.png
[77.081s] -- Symlinking: /work/tello_ros_ws/src/install/tello_gazebo/share/tello_gazebo/models/marker_30/materials/textures/aruco_mark_30.svg
[77.095s] -- Symlinking: /work/tello_ros_ws/src/install/tello_gazebo/share/tello_gazebo/models/marker_30/model.config
[77.108s] -- Symlinking: /work/tello_ros_ws/src/install/tello_gazebo/share/tello_gazebo/models/marker_30/model.sdf
[77.122s] -- Symlinking: /work/tello_ros_ws/src/install/tello_gazebo/share/tello_gazebo/models/marker_4/materials/scripts/marker_4.material
[77.135s] -- Symlinking: /work/tello_ros_ws/src/install/tello_gazebo/share/tello_gazebo/models/marker_4/materials/textures/aruco_mark_4.png
[77.149s] -- Symlinking: /work/tello_ros_ws/src/install/tello_gazebo/share/tello_gazebo/models/marker_4/materials/textures/aruco_mark_4.svg
[77.163s] -- Symlinking: /work/tello_ros_ws/src/install/tello_gazebo/share/tello_gazebo/models/marker_4/model.config
[77.177s] -- Symlinking: /work/tello_ros_ws/src/install/tello_gazebo/share/tello_gazebo/models/marker_4/model.sdf
[77.190s] -- Symlinking: /work/tello_ros_ws/src/install/tello_gazebo/share/tello_gazebo/models/marker_5/materials/scripts/marker_5.material
[77.204s] -- Symlinking: /work/tello_ros_ws/src/install/tello_gazebo/share/tello_gazebo/models/marker_5/materials/textures/aruco_mark_5.png
[77.218s] -- Symlinking: /work/tello_ros_ws/src/install/tello_gazebo/share/tello_gazebo/models/marker_5/materials/textures/aruco_mark_5.svg
[77.231s] -- Symlinking: /work/tello_ros_ws/src/install/tello_gazebo/share/tello_gazebo/models/marker_5/model.config
[77.245s] -- Symlinking: /work/tello_ros_ws/src/install/tello_gazebo/share/tello_gazebo/models/marker_5/model.sdf
[77.284s] -- Symlinking: /work/tello_ros_ws/src/install/tello_gazebo/share/tello_gazebo/models/marker_6/materials/scripts/marker_6.material
[77.298s] -- Symlinking: /work/tello_ros_ws/src/install/tello_gazebo/share/tello_gazebo/models/marker_6/materials/textures/aruco_mark_6.png
[77.311s] -- Symlinking: /work/tello_ros_ws/src/install/tello_gazebo/share/tello_gazebo/models/marker_6/materials/textures/aruco_mark_6.svg
[77.325s] -- Symlinking: /work/tello_ros_ws/src/install/tello_gazebo/share/tello_gazebo/models/marker_6/model.config
[77.338s] -- Symlinking: /work/tello_ros_ws/src/install/tello_gazebo/share/tello_gazebo/models/marker_6/model.sdf
[77.358s] -- Symlinking: /work/tello_ros_ws/src/install/tello_gazebo/share/tello_gazebo/models/marker_7/materials/scripts/marker_7.material
[77.372s] -- Symlinking: /work/tello_ros_ws/src/install/tello_gazebo/share/tello_gazebo/models/marker_7/materials/textures/aruco_mark_7.png
[77.385s] -- Symlinking: /work/tello_ros_ws/src/install/tello_gazebo/share/tello_gazebo/models/marker_7/materials/textures/aruco_mark_7.svg
[77.399s] -- Symlinking: /work/tello_ros_ws/src/install/tello_gazebo/share/tello_gazebo/models/marker_7/model.config
[77.412s] -- Symlinking: /work/tello_ros_ws/src/install/tello_gazebo/share/tello_gazebo/models/marker_7/model.sdf
[77.425s] -- Symlinking: /work/tello_ros_ws/src/install/tello_gazebo/share/tello_gazebo/models/marker_8/materials/scripts/marker_8.material
[77.439s] -- Symlinking: /work/tello_ros_ws/src/install/tello_gazebo/share/tello_gazebo/models/marker_8/materials/textures/aruco_mark_8.png
[77.452s] -- Symlinking: /work/tello_ros_ws/src/install/tello_gazebo/share/tello_gazebo/models/marker_8/materials/textures/aurco_mark_8.svg
[77.465s] -- Symlinking: /work/tello_ros_ws/src/install/tello_gazebo/share/tello_gazebo/models/marker_8/model.config
[77.479s] -- Symlinking: /work/tello_ros_ws/src/install/tello_gazebo/share/tello_gazebo/models/marker_8/model.sdf
[77.493s] -- Symlinking: /work/tello_ros_ws/src/install/tello_gazebo/share/tello_gazebo/models/marker_9/materials/scripts/marker_9.material
[77.531s] -- Symlinking: /work/tello_ros_ws/src/install/tello_gazebo/share/tello_gazebo/models/marker_9/materials/textures/aruco_mark_9.png
[77.545s] -- Symlinking: /work/tello_ros_ws/src/install/tello_gazebo/share/tello_gazebo/models/marker_9/materials/textures/aruco_mark_9.svg
[77.558s] -- Symlinking: /work/tello_ros_ws/src/install/tello_gazebo/share/tello_gazebo/models/marker_9/model.config
[77.572s] -- Symlinking: /work/tello_ros_ws/src/install/tello_gazebo/share/tello_gazebo/models/marker_9/model.sdf
[77.586s] -- Symlinking: /work/tello_ros_ws/src/install/tello_gazebo/share/tello_gazebo/worlds/build_world.py
[77.599s] -- Symlinking: /work/tello_ros_ws/src/install/tello_gazebo/share/tello_gazebo/worlds/f2.world
[77.612s] -- Symlinking: /work/tello_ros_ws/src/install/tello_gazebo/share/tello_gazebo/worlds/f2_map.yaml
[77.626s] -- Symlinking: /work/tello_ros_ws/src/install/tello_gazebo/share/tello_gazebo/worlds/fiducial.world
[77.639s] -- Symlinking: /work/tello_ros_ws/src/install/tello_gazebo/share/tello_gazebo/worlds/fiducial_map.yaml
[77.653s] -- Symlinking: /work/tello_ros_ws/src/install/tello_gazebo/share/tello_gazebo/worlds/marker_0.world
[77.667s] -- Symlinking: /work/tello_ros_ws/src/install/tello_gazebo/share/tello_gazebo/worlds/markers.world
[77.680s] -- Symlinking: /work/tello_ros_ws/src/install/tello_gazebo/share/tello_gazebo/worlds/simple.world
[77.695s] -- Symlinking: /work/tello_ros_ws/src/install/tello_gazebo/share/tello_gazebo/launch/simple_launch.py
[77.708s] -- Symlinking: /work/tello_ros_ws/src/install/tello_gazebo/share/tello_gazebo/launch/vlam_launch.py
[77.722s] -- Symlinking: /work/tello_ros_ws/src/install/tello_gazebo/lib/tello_gazebo/inject_entity.py
[77.761s] -- Symlinking: /work/tello_ros_ws/src/install/tello_gazebo/share/ament_index/resource_index/package_run_dependencies/tello_gazebo
[77.775s] -- Symlinking: /work/tello_ros_ws/src/install/tello_gazebo/share/ament_index/resource_index/parent_prefix_path/tello_gazebo
[77.789s] -- Symlinking: /work/tello_ros_ws/src/install/tello_gazebo/share/tello_gazebo/environment/ament_prefix_path.sh
[77.802s] -- Symlinking: /work/tello_ros_ws/src/install/tello_gazebo/share/tello_gazebo/environment/ament_prefix_path.dsv
[77.816s] -- Symlinking: /work/tello_ros_ws/src/install/tello_gazebo/share/tello_gazebo/environment/path.sh
[77.830s] -- Symlinking: /work/tello_ros_ws/src/install/tello_gazebo/share/tello_gazebo/environment/path.dsv
[77.843s] -- Symlinking: /work/tello_ros_ws/src/install/tello_gazebo/share/tello_gazebo/local_setup.bash
[77.857s] -- Symlinking: /work/tello_ros_ws/src/install/tello_gazebo/share/tello_gazebo/local_setup.sh
[77.871s] -- Symlinking: /work/tello_ros_ws/src/install/tello_gazebo/share/tello_gazebo/local_setup.zsh
[77.885s] -- Symlinking: /work/tello_ros_ws/src/install/tello_gazebo/share/tello_gazebo/local_setup.dsv
[77.899s] -- Symlinking: /work/tello_ros_ws/src/install/tello_gazebo/share/tello_gazebo/package.dsv
[77.913s] -- Symlinking: /work/tello_ros_ws/src/install/tello_gazebo/share/ament_index/resource_index/packages/tello_gazebo
[77.927s] -- Symlinking: /work/tello_ros_ws/src/install/tello_gazebo/share/tello_gazebo/cmake/tello_gazeboConfig.cmake
[77.941s] -- Symlinking: /work/tello_ros_ws/src/install/tello_gazebo/share/tello_gazebo/cmake/tello_gazeboConfig-version.cmake
[77.954s] -- Symlinking: /work/tello_ros_ws/src/install/tello_gazebo/share/tello_gazebo/package.xml
[77.975s] Invoked command in '/work/tello_ros_ws/src/build/tello_gazebo' returned '0': AMENT_PREFIX_PATH=/work/tello_ros_ws/src/install/tello_msgs:${AMENT_PREFIX_PATH} CMAKE_PREFIX_PATH=/work/tello_ros_ws/src/install/tello_msgs:/work/tello_ros_ws/install/tello_gazebo:/work/tello_ros_ws/install/tello_driver:/work/tello_ros_ws/install/tello_msgs:/work/tello_ros_ws/install/tello_interface:/work/tello_ros_ws/install/tello_description:/work/tello_ros_ws/install/fiducial_vlam:/work/tello_ros_ws/install/ros2_shared:/work/tello_ros_ws/install/ros2_aruco_interfaces:/work/tello_ros_ws/install/fiducial_vlam_msgs:/work/tello_ros_ws/install/tello_controller:/work/tello_ros_ws/install/ros2_aruco:/work/tello_ros_ws/install/pkg_g2rr:/opt/ros/foxy LD_LIBRARY_PATH=/work/tello_ros_ws/src/install/tello_msgs/lib:${LD_LIBRARY_PATH} PYTHONPATH=/work/tello_ros_ws/src/install/tello_msgs/lib/python3.8/site-packages:${PYTHONPATH} /usr/bin/cmake --install /work/tello_ros_ws/src/build/tello_gazebo
