-- The C compiler identification is GNU 9.4.0
-- The CXX compiler identification is GNU 9.4.0
-- Check for working C compiler: /usr/bin/cc
-- Check for working C compiler: /usr/bin/cc -- works
-- Detecting C compiler ABI info
-- Detecting C compiler ABI info - done
-- Detecting C compile features
-- Detecting C compile features - done
-- Check for working CXX compiler: /usr/bin/c++
-- Check for working CXX compiler: /usr/bin/c++ -- works
-- Detecting CXX compiler ABI info
-- Detecting CXX compiler ABI info - done
-- Detecting CXX compile features
-- Detecting CXX compile features - done
-- Found ament_cmake: 0.9.11 (/opt/ros/foxy/share/ament_cmake/cmake)
-- Found PythonInterp: /usr/bin/python3 (found suitable version "3.8.10", minimum required is "3") 
-- Using PYTHON_EXECUTABLE: /usr/bin/python3
-- Override CMake install command with custom implementation using symlinks instead of copying resources
-- creating rules for /work/tello_ros_ws/src/build/tello_description/urdf/tello.urdf
-- creating rules for /work/tello_ros_ws/src/build/tello_description/urdf/tello_1.urdf
-- creating rules for /work/tello_ros_ws/src/build/tello_description/urdf/tello_2.urdf
-- creating rules for /work/tello_ros_ws/src/build/tello_description/urdf/tello_3.urdf
-- creating rules for /work/tello_ros_ws/src/build/tello_description/urdf/tello_4.urdf
-- creating rules for /work/tello_ros_ws/src/build/tello_description/urdf/tello_5.urdf
-- creating rules for /work/tello_ros_ws/src/build/tello_description/urdf/tello_6.urdf
-- creating rules for /work/tello_ros_ws/src/build/tello_description/urdf/tello_7.urdf
-- creating rules for /work/tello_ros_ws/src/build/tello_description/urdf/tello_8.urdf
-- Configuring done
-- Generating done
-- Build files have been written to: /work/tello_ros_ws/src/build/tello_description
[35m[1mScanning dependencies of target generate_urdf_6[0m
[35m[1mScanning dependencies of target generate_urdf_1[0m
[35m[1mScanning dependencies of target generate_urdf_3[0m
[35m[1mScanning dependencies of target generate_urdf[0m
[35m[1mScanning dependencies of target generate_urdf_8[0m
[ 11%] [34m[1mGenerate /work/tello_ros_ws/src/build/tello_description/urdf/tello_6.urdf[0m
[35m[1mScanning dependencies of target generate_urdf_4[0m
[ 22%] [34m[1mGenerate /work/tello_ros_ws/src/build/tello_description/urdf/tello_1.urdf[0m
[ 33%] [34m[1mGenerate /work/tello_ros_ws/src/build/tello_description/urdf/tello_3.urdf[0m
[ 44%] [34m[1mGenerate /work/tello_ros_ws/src/build/tello_description/urdf/tello.urdf[0m
[ 55%] [34m[1mGenerate /work/tello_ros_ws/src/build/tello_description/urdf/tello_8.urdf[0m
[35m[1mScanning dependencies of target generate_urdf_5[0m
[ 66%] [34m[1mGenerate /work/tello_ros_ws/src/build/tello_description/urdf/tello_4.urdf[0m
[35m[1mScanning dependencies of target generate_urdf_7[0m
[ 66%] Built target generate_urdf_6
[ 77%] [34m[1mGenerate /work/tello_ros_ws/src/build/tello_description/urdf/tello_5.urdf[0m
[ 88%] [34m[1mGenerate /work/tello_ros_ws/src/build/tello_description/urdf/tello_7.urdf[0m
[ 88%] Built target generate_urdf_1
[ 88%] Built target generate_urdf_3
[35m[1mScanning dependencies of target generate_urdf_2[0m
[ 88%] Built target generate_urdf_8
[100%] [34m[1mGenerate /work/tello_ros_ws/src/build/tello_description/urdf/tello_2.urdf[0m
[100%] Built target generate_urdf_4
[100%] Built target generate_urdf_5
[100%] Built target generate_urdf
[100%] Built target generate_urdf_7
[100%] Built target generate_urdf_2
-- Install configuration: ""
-- Execute custom install script
-- Symlinking: /work/tello_ros_ws/src/install/tello_description/share/tello_description/urdf/tello.urdf
-- Symlinking: /work/tello_ros_ws/src/install/tello_description/share/tello_description/urdf/tello_1.urdf
-- Symlinking: /work/tello_ros_ws/src/install/tello_description/share/tello_description/urdf/tello_2.urdf
-- Symlinking: /work/tello_ros_ws/src/install/tello_description/share/tello_description/urdf/tello_3.urdf
-- Symlinking: /work/tello_ros_ws/src/install/tello_description/share/tello_description/urdf/tello_4.urdf
-- Symlinking: /work/tello_ros_ws/src/install/tello_description/share/tello_description/urdf/tello_5.urdf
-- Symlinking: /work/tello_ros_ws/src/install/tello_description/share/tello_description/urdf/tello_6.urdf
-- Symlinking: /work/tello_ros_ws/src/install/tello_description/share/tello_description/urdf/tello_7.urdf
-- Symlinking: /work/tello_ros_ws/src/install/tello_description/share/tello_description/urdf/tello_8.urdf
-- Symlinking: /work/tello_ros_ws/src/install/tello_description/share/ament_index/resource_index/package_run_dependencies/tello_description
-- Symlinking: /work/tello_ros_ws/src/install/tello_description/share/ament_index/resource_index/parent_prefix_path/tello_description
-- Symlinking: /work/tello_ros_ws/src/install/tello_description/share/tello_description/environment/ament_prefix_path.sh
-- Symlinking: /work/tello_ros_ws/src/install/tello_description/share/tello_description/environment/ament_prefix_path.dsv
-- Symlinking: /work/tello_ros_ws/src/install/tello_description/share/tello_description/environment/path.sh
-- Symlinking: /work/tello_ros_ws/src/install/tello_description/share/tello_description/environment/path.dsv
-- Symlinking: /work/tello_ros_ws/src/install/tello_description/share/tello_description/local_setup.bash
-- Symlinking: /work/tello_ros_ws/src/install/tello_description/share/tello_description/local_setup.sh
-- Symlinking: /work/tello_ros_ws/src/install/tello_description/share/tello_description/local_setup.zsh
-- Symlinking: /work/tello_ros_ws/src/install/tello_description/share/tello_description/local_setup.dsv
-- Symlinking: /work/tello_ros_ws/src/install/tello_description/share/tello_description/package.dsv
-- Symlinking: /work/tello_ros_ws/src/install/tello_description/share/ament_index/resource_index/packages/tello_description
-- Symlinking: /work/tello_ros_ws/src/install/tello_description/share/tello_description/cmake/tello_descriptionConfig.cmake
-- Symlinking: /work/tello_ros_ws/src/install/tello_description/share/tello_description/cmake/tello_descriptionConfig-version.cmake
-- Symlinking: /work/tello_ros_ws/src/install/tello_description/share/tello_description/package.xml
