-- The C compiler identification is GNU 9.4.0
-- The CXX compiler identification is GNU 9.4.0
-- Check for working C compiler: /usr/bin/cc
-- Check for working C compiler: /usr/bin/cc -- works
-- Detecting C compiler ABI info
-- Detecting C compiler ABI info - done
-- Detecting C compile features
-- Detecting C compile features - done
-- Check for working CXX compiler: /usr/bin/c++
-- Check for working CXX compiler: /usr/bin/c++ -- works
-- Detecting CXX compiler ABI info
-- Detecting CXX compiler ABI info - done
-- Detecting CXX compile features
-- Detecting CXX compile features - done
-- Found ament_cmake: 0.9.11 (/opt/ros/foxy/share/ament_cmake/cmake)
-- Found PythonInterp: /usr/bin/python3 (found suitable version "3.8.10", minimum required is "3") 
-- Using PYTHON_EXECUTABLE: /usr/bin/python3
-- Override CMake install command with custom implementation using symlinks instead of copying resources
-- Found rosidl_default_generators: 1.0.1 (/opt/ros/foxy/share/rosidl_default_generators/cmake)
-- Using all available rosidl_typesupport_c: rosidl_typesupport_fastrtps_c;rosidl_typesupport_introspection_c
-- Found rosidl_adapter: 1.3.0 (/opt/ros/foxy/share/rosidl_adapter/cmake)
-- Found OpenSSL: /usr/lib/x86_64-linux-gnu/libcrypto.so (found version "1.1.1f")  
-- Found FastRTPS: /opt/ros/foxy/include  
-- Using all available rosidl_typesupport_cpp: rosidl_typesupport_fastrtps_cpp;rosidl_typesupport_introspection_cpp
-- Found geometry_msgs: 2.0.5 (/opt/ros/foxy/share/geometry_msgs/cmake)
-- Found sensor_msgs: 2.0.5 (/opt/ros/foxy/share/sensor_msgs/cmake)
-- Found PythonInterp: /usr/bin/python3 (found version "3.8.10") 
-- Found ament_cmake_ros: 0.9.2 (/opt/ros/foxy/share/ament_cmake_ros/cmake)
-- Using all available rosidl_typesupport_c: rosidl_typesupport_fastrtps_c;rosidl_typesupport_introspection_c
-- Using all available rosidl_typesupport_cpp: rosidl_typesupport_fastrtps_cpp;rosidl_typesupport_introspection_cpp
-- Found PythonInterp: /usr/bin/python3 (found suitable version "3.8.10", minimum required is "3.5") 
-- Found python_cmake_module: 0.8.1 (/opt/ros/foxy/share/python_cmake_module/cmake)
-- Found PythonLibs: /usr/lib/x86_64-linux-gnu/libpython3.8.so (found suitable version "3.8.10", minimum required is "3.5") 
-- Using PYTHON_EXECUTABLE: /usr/bin/python3
-- Using PYTHON_INCLUDE_DIRS: /usr/include/python3.8
-- Using PYTHON_LIBRARIES: /usr/lib/x86_64-linux-gnu/libpython3.8.so
-- Found PythonExtra: .so  
-- Configuring done
-- Generating done
-- Build files have been written to: /work/tello_ros_ws/src/build/fiducial_vlam_msgs
[35m[1mScanning dependencies of target fiducial_vlam_msgs__cpp[0m
[  2%] [34m[1mGenerating C code for ROS interfaces[0m
[  4%] [34m[1mGenerating C++ code for ROS interfaces[0m
[  4%] Built target fiducial_vlam_msgs__cpp
[35m[1mScanning dependencies of target fiducial_vlam_msgs__rosidl_generator_c[0m
[  6%] [34m[1mGenerating C++ type support dispatch for ROS interfaces[0m
[  8%] [34m[1mGenerating C++ type support for eProsima Fast-RTPS[0m
[ 10%] [34m[1mGenerating C++ introspection for ROS interfaces[0m
[ 12%] [32mBuilding C object CMakeFiles/fiducial_vlam_msgs__rosidl_generator_c.dir/rosidl_generator_c/fiducial_vlam_msgs/msg/detail/map__functions.c.o[0m
[ 14%] [32mBuilding C object CMakeFiles/fiducial_vlam_msgs__rosidl_generator_c.dir/rosidl_generator_c/fiducial_vlam_msgs/msg/detail/observations__functions.c.o[0m
[ 17%] [32mBuilding C object CMakeFiles/fiducial_vlam_msgs__rosidl_generator_c.dir/rosidl_generator_c/fiducial_vlam_msgs/msg/detail/observation__functions.c.o[0m
[ 19%] [32m[1mLinking C shared library libfiducial_vlam_msgs__rosidl_generator_c.so[0m
[ 19%] Built target fiducial_vlam_msgs__rosidl_generator_c
[ 21%] [34m[1mGenerating C introspection for ROS interfaces[0m
[ 23%] [34m[1mGenerating C type support dispatch for ROS interfaces[0m
[35m[1mScanning dependencies of target fiducial_vlam_msgs__rosidl_typesupport_introspection_cpp[0m
[35m[1mScanning dependencies of target fiducial_vlam_msgs__rosidl_typesupport_cpp[0m
[ 25%] [32mBuilding CXX object CMakeFiles/fiducial_vlam_msgs__rosidl_typesupport_cpp.dir/rosidl_typesupport_cpp/fiducial_vlam_msgs/msg/map__type_support.cpp.o[0m
[ 27%] [32mBuilding CXX object CMakeFiles/fiducial_vlam_msgs__rosidl_typesupport_introspection_cpp.dir/rosidl_typesupport_introspection_cpp/fiducial_vlam_msgs/msg/detail/map__type_support.cpp.o[0m
[ 29%] [32mBuilding CXX object CMakeFiles/fiducial_vlam_msgs__rosidl_typesupport_introspection_cpp.dir/rosidl_typesupport_introspection_cpp/fiducial_vlam_msgs/msg/detail/observation__type_support.cpp.o[0m
[ 31%] [32mBuilding CXX object CMakeFiles/fiducial_vlam_msgs__rosidl_typesupport_cpp.dir/rosidl_typesupport_cpp/fiducial_vlam_msgs/msg/observation__type_support.cpp.o[0m
[ 34%] [32mBuilding CXX object CMakeFiles/fiducial_vlam_msgs__rosidl_typesupport_cpp.dir/rosidl_typesupport_cpp/fiducial_vlam_msgs/msg/observations__type_support.cpp.o[0m
[35m[1mScanning dependencies of target fiducial_vlam_msgs__rosidl_typesupport_fastrtps_cpp[0m
[35m[1mScanning dependencies of target fiducial_vlam_msgs__rosidl_typesupport_introspection_c[0m
[ 36%] [32mBuilding C object CMakeFiles/fiducial_vlam_msgs__rosidl_typesupport_introspection_c.dir/rosidl_typesupport_introspection_c/fiducial_vlam_msgs/msg/detail/map__type_support.c.o[0m
[ 38%] [32mBuilding CXX object CMakeFiles/fiducial_vlam_msgs__rosidl_typesupport_fastrtps_cpp.dir/rosidl_typesupport_fastrtps_cpp/fiducial_vlam_msgs/msg/detail/dds_fastrtps/map__type_support.cpp.o[0m
[35m[1mScanning dependencies of target fiducial_vlam_msgs__rosidl_typesupport_c[0m
[ 40%] [32mBuilding C object CMakeFiles/fiducial_vlam_msgs__rosidl_typesupport_introspection_c.dir/rosidl_typesupport_introspection_c/fiducial_vlam_msgs/msg/detail/observation__type_support.c.o[0m
[ 42%] [32mBuilding CXX object CMakeFiles/fiducial_vlam_msgs__rosidl_typesupport_c.dir/rosidl_typesupport_c/fiducial_vlam_msgs/msg/map__type_support.cpp.o[0m
[ 44%] [32mBuilding C object CMakeFiles/fiducial_vlam_msgs__rosidl_typesupport_introspection_c.dir/rosidl_typesupport_introspection_c/fiducial_vlam_msgs/msg/detail/observations__type_support.c.o[0m
[ 46%] [32mBuilding CXX object CMakeFiles/fiducial_vlam_msgs__rosidl_typesupport_c.dir/rosidl_typesupport_c/fiducial_vlam_msgs/msg/observation__type_support.cpp.o[0m
[ 48%] [32m[1mLinking C shared library libfiducial_vlam_msgs__rosidl_typesupport_introspection_c.so[0m
[ 51%] [32mBuilding CXX object CMakeFiles/fiducial_vlam_msgs__rosidl_typesupport_c.dir/rosidl_typesupport_c/fiducial_vlam_msgs/msg/observations__type_support.cpp.o[0m
[ 51%] Built target fiducial_vlam_msgs__rosidl_typesupport_introspection_c
[ 53%] [32m[1mLinking CXX shared library libfiducial_vlam_msgs__rosidl_typesupport_c.so[0m
[ 55%] [32mBuilding CXX object CMakeFiles/fiducial_vlam_msgs__rosidl_typesupport_fastrtps_cpp.dir/rosidl_typesupport_fastrtps_cpp/fiducial_vlam_msgs/msg/detail/dds_fastrtps/observation__type_support.cpp.o[0m
[ 57%] [32mBuilding CXX object CMakeFiles/fiducial_vlam_msgs__rosidl_typesupport_introspection_cpp.dir/rosidl_typesupport_introspection_cpp/fiducial_vlam_msgs/msg/detail/observations__type_support.cpp.o[0m
[ 57%] Built target fiducial_vlam_msgs__rosidl_typesupport_c
[ 59%] [32mBuilding CXX object CMakeFiles/fiducial_vlam_msgs__rosidl_typesupport_fastrtps_cpp.dir/rosidl_typesupport_fastrtps_cpp/fiducial_vlam_msgs/msg/detail/dds_fastrtps/observations__type_support.cpp.o[0m
[ 61%] [32m[1mLinking CXX shared library libfiducial_vlam_msgs__rosidl_typesupport_cpp.so[0m
[ 61%] Built target fiducial_vlam_msgs__rosidl_typesupport_cpp
[ 63%] [32m[1mLinking CXX shared library libfiducial_vlam_msgs__rosidl_typesupport_introspection_cpp.so[0m
[ 65%] [32m[1mLinking CXX shared library libfiducial_vlam_msgs__rosidl_typesupport_fastrtps_cpp.so[0m
[ 65%] Built target fiducial_vlam_msgs__rosidl_typesupport_introspection_cpp
[ 65%] Built target fiducial_vlam_msgs__rosidl_typesupport_fastrtps_cpp
[ 68%] [34m[1mGenerating C type support for eProsima Fast-RTPS[0m
[35m[1mScanning dependencies of target fiducial_vlam_msgs__rosidl_typesupport_fastrtps_c[0m
[ 72%] [32mBuilding CXX object CMakeFiles/fiducial_vlam_msgs__rosidl_typesupport_fastrtps_c.dir/rosidl_typesupport_fastrtps_c/fiducial_vlam_msgs/msg/detail/observation__type_support_c.cpp.o[0m
[ 72%] [32mBuilding CXX object CMakeFiles/fiducial_vlam_msgs__rosidl_typesupport_fastrtps_c.dir/rosidl_typesupport_fastrtps_c/fiducial_vlam_msgs/msg/detail/map__type_support_c.cpp.o[0m
[ 74%] [32mBuilding CXX object CMakeFiles/fiducial_vlam_msgs__rosidl_typesupport_fastrtps_c.dir/rosidl_typesupport_fastrtps_c/fiducial_vlam_msgs/msg/detail/observations__type_support_c.cpp.o[0m
[ 76%] [32m[1mLinking CXX shared library libfiducial_vlam_msgs__rosidl_typesupport_fastrtps_c.so[0m
[ 76%] Built target fiducial_vlam_msgs__rosidl_typesupport_fastrtps_c
[35m[1mScanning dependencies of target fiducial_vlam_msgs[0m
[ 76%] Built target fiducial_vlam_msgs
[35m[1mScanning dependencies of target fiducial_vlam_msgs__py[0m
[ 78%] [34m[1mGenerating Python code for ROS interfaces[0m
[ 78%] Built target fiducial_vlam_msgs__py
[35m[1mScanning dependencies of target fiducial_vlam_msgs__python[0m
[ 80%] [32mBuilding C object CMakeFiles/fiducial_vlam_msgs__python.dir/rosidl_generator_py/fiducial_vlam_msgs/msg/_observations_s.c.o[0m
[ 82%] [32mBuilding C object CMakeFiles/fiducial_vlam_msgs__python.dir/rosidl_generator_py/fiducial_vlam_msgs/msg/_map_s.c.o[0m
[ 85%] [32mBuilding C object CMakeFiles/fiducial_vlam_msgs__python.dir/rosidl_generator_py/fiducial_vlam_msgs/msg/_observation_s.c.o[0m
[ 87%] [32m[1mLinking C shared library rosidl_generator_py/fiducial_vlam_msgs/libfiducial_vlam_msgs__python.so[0m
[ 87%] Built target fiducial_vlam_msgs__python
[35m[1mScanning dependencies of target fiducial_vlam_msgs__rosidl_typesupport_fastrtps_c__pyext[0m
[35m[1mScanning dependencies of target fiducial_vlam_msgs__rosidl_typesupport_introspection_c__pyext[0m
[35m[1mScanning dependencies of target fiducial_vlam_msgs__rosidl_typesupport_c__pyext[0m
[ 89%] [32mBuilding C object CMakeFiles/fiducial_vlam_msgs__rosidl_typesupport_fastrtps_c__pyext.dir/rosidl_generator_py/fiducial_vlam_msgs/_fiducial_vlam_msgs_s.ep.rosidl_typesupport_fastrtps_c.c.o[0m
[ 93%] [32mBuilding C object CMakeFiles/fiducial_vlam_msgs__rosidl_typesupport_c__pyext.dir/rosidl_generator_py/fiducial_vlam_msgs/_fiducial_vlam_msgs_s.ep.rosidl_typesupport_c.c.o[0m
[ 93%] [32mBuilding C object CMakeFiles/fiducial_vlam_msgs__rosidl_typesupport_introspection_c__pyext.dir/rosidl_generator_py/fiducial_vlam_msgs/_fiducial_vlam_msgs_s.ep.rosidl_typesupport_introspection_c.c.o[0m
[ 95%] [32m[1mLinking CXX shared library rosidl_generator_py/fiducial_vlam_msgs/fiducial_vlam_msgs_s__rosidl_typesupport_fastrtps_c.cpython-38-x86_64-linux-gnu.so[0m
[ 97%] [32m[1mLinking C shared library rosidl_generator_py/fiducial_vlam_msgs/fiducial_vlam_msgs_s__rosidl_typesupport_introspection_c.cpython-38-x86_64-linux-gnu.so[0m
[ 97%] Built target fiducial_vlam_msgs__rosidl_typesupport_introspection_c__pyext
[100%] [32m[1mLinking C shared library rosidl_generator_py/fiducial_vlam_msgs/fiducial_vlam_msgs_s__rosidl_typesupport_c.cpython-38-x86_64-linux-gnu.so[0m
[100%] Built target fiducial_vlam_msgs__rosidl_typesupport_fastrtps_c__pyext
[100%] Built target fiducial_vlam_msgs__rosidl_typesupport_c__pyext
-- Install configuration: ""
-- Execute custom install script
-- Symlinking: /work/tello_ros_ws/src/install/fiducial_vlam_msgs/share/ament_index/resource_index/rosidl_interfaces/fiducial_vlam_msgs
-- Symlinking: /work/tello_ros_ws/src/install/fiducial_vlam_msgs/include/fiducial_vlam_msgs/msg/detail/map__functions.h
-- Symlinking: /work/tello_ros_ws/src/install/fiducial_vlam_msgs/include/fiducial_vlam_msgs/msg/detail/map__struct.h
-- Symlinking: /work/tello_ros_ws/src/install/fiducial_vlam_msgs/include/fiducial_vlam_msgs/msg/detail/map__type_support.h
-- Symlinking: /work/tello_ros_ws/src/install/fiducial_vlam_msgs/include/fiducial_vlam_msgs/msg/detail/observation__functions.h
-- Symlinking: /work/tello_ros_ws/src/install/fiducial_vlam_msgs/include/fiducial_vlam_msgs/msg/detail/observation__struct.h
-- Symlinking: /work/tello_ros_ws/src/install/fiducial_vlam_msgs/include/fiducial_vlam_msgs/msg/detail/observation__type_support.h
-- Symlinking: /work/tello_ros_ws/src/install/fiducial_vlam_msgs/include/fiducial_vlam_msgs/msg/detail/observations__functions.h
-- Symlinking: /work/tello_ros_ws/src/install/fiducial_vlam_msgs/include/fiducial_vlam_msgs/msg/detail/observations__struct.h
-- Symlinking: /work/tello_ros_ws/src/install/fiducial_vlam_msgs/include/fiducial_vlam_msgs/msg/detail/observations__type_support.h
-- Symlinking: /work/tello_ros_ws/src/install/fiducial_vlam_msgs/include/fiducial_vlam_msgs/msg/map.h
-- Symlinking: /work/tello_ros_ws/src/install/fiducial_vlam_msgs/include/fiducial_vlam_msgs/msg/observation.h
-- Symlinking: /work/tello_ros_ws/src/install/fiducial_vlam_msgs/include/fiducial_vlam_msgs/msg/observations.h
-- Symlinking: /work/tello_ros_ws/src/install/fiducial_vlam_msgs/include/fiducial_vlam_msgs/msg/rosidl_generator_c__visibility_control.h
-- Symlinking: /work/tello_ros_ws/src/install/fiducial_vlam_msgs/share/fiducial_vlam_msgs/environment/library_path.sh
-- Symlinking: /work/tello_ros_ws/src/install/fiducial_vlam_msgs/share/fiducial_vlam_msgs/environment/library_path.dsv
-- Symlinking: /work/tello_ros_ws/src/install/fiducial_vlam_msgs/include/fiducial_vlam_msgs/msg/detail/map__rosidl_typesupport_fastrtps_c.h
-- Symlinking: /work/tello_ros_ws/src/install/fiducial_vlam_msgs/include/fiducial_vlam_msgs/msg/detail/observation__rosidl_typesupport_fastrtps_c.h
-- Symlinking: /work/tello_ros_ws/src/install/fiducial_vlam_msgs/include/fiducial_vlam_msgs/msg/detail/observations__rosidl_typesupport_fastrtps_c.h
-- Symlinking: /work/tello_ros_ws/src/install/fiducial_vlam_msgs/include/fiducial_vlam_msgs/msg/rosidl_typesupport_fastrtps_c__visibility_control.h
-- Symlinking: /work/tello_ros_ws/src/install/fiducial_vlam_msgs/lib/libfiducial_vlam_msgs__rosidl_typesupport_fastrtps_c.so
-- Symlinking: /work/tello_ros_ws/src/install/fiducial_vlam_msgs/include/fiducial_vlam_msgs/msg/detail/map__rosidl_typesupport_fastrtps_cpp.hpp
-- Symlinking: /work/tello_ros_ws/src/install/fiducial_vlam_msgs/include/fiducial_vlam_msgs/msg/detail/observation__rosidl_typesupport_fastrtps_cpp.hpp
-- Symlinking: /work/tello_ros_ws/src/install/fiducial_vlam_msgs/include/fiducial_vlam_msgs/msg/detail/observations__rosidl_typesupport_fastrtps_cpp.hpp
-- Symlinking: /work/tello_ros_ws/src/install/fiducial_vlam_msgs/include/fiducial_vlam_msgs/msg/rosidl_typesupport_fastrtps_cpp__visibility_control.h
-- Symlinking: /work/tello_ros_ws/src/install/fiducial_vlam_msgs/lib/libfiducial_vlam_msgs__rosidl_typesupport_fastrtps_cpp.so
-- Symlinking: /work/tello_ros_ws/src/install/fiducial_vlam_msgs/include/fiducial_vlam_msgs/msg/detail/map__rosidl_typesupport_introspection_c.h
-- Symlinking: /work/tello_ros_ws/src/install/fiducial_vlam_msgs/include/fiducial_vlam_msgs/msg/detail/observation__rosidl_typesupport_introspection_c.h
-- Symlinking: /work/tello_ros_ws/src/install/fiducial_vlam_msgs/include/fiducial_vlam_msgs/msg/detail/observations__rosidl_typesupport_introspection_c.h
-- Symlinking: /work/tello_ros_ws/src/install/fiducial_vlam_msgs/include/fiducial_vlam_msgs/msg/rosidl_typesupport_introspection_c__visibility_control.h
-- Symlinking: /work/tello_ros_ws/src/install/fiducial_vlam_msgs/include/fiducial_vlam_msgs/msg/detail/map__builder.hpp
-- Symlinking: /work/tello_ros_ws/src/install/fiducial_vlam_msgs/include/fiducial_vlam_msgs/msg/detail/map__struct.hpp
-- Symlinking: /work/tello_ros_ws/src/install/fiducial_vlam_msgs/include/fiducial_vlam_msgs/msg/detail/map__traits.hpp
-- Symlinking: /work/tello_ros_ws/src/install/fiducial_vlam_msgs/include/fiducial_vlam_msgs/msg/detail/observation__builder.hpp
-- Symlinking: /work/tello_ros_ws/src/install/fiducial_vlam_msgs/include/fiducial_vlam_msgs/msg/detail/observation__struct.hpp
-- Symlinking: /work/tello_ros_ws/src/install/fiducial_vlam_msgs/include/fiducial_vlam_msgs/msg/detail/observation__traits.hpp
-- Symlinking: /work/tello_ros_ws/src/install/fiducial_vlam_msgs/include/fiducial_vlam_msgs/msg/detail/observations__builder.hpp
-- Symlinking: /work/tello_ros_ws/src/install/fiducial_vlam_msgs/include/fiducial_vlam_msgs/msg/detail/observations__struct.hpp
-- Symlinking: /work/tello_ros_ws/src/install/fiducial_vlam_msgs/include/fiducial_vlam_msgs/msg/detail/observations__traits.hpp
-- Symlinking: /work/tello_ros_ws/src/install/fiducial_vlam_msgs/include/fiducial_vlam_msgs/msg/map.hpp
-- Symlinking: /work/tello_ros_ws/src/install/fiducial_vlam_msgs/include/fiducial_vlam_msgs/msg/observation.hpp
-- Symlinking: /work/tello_ros_ws/src/install/fiducial_vlam_msgs/include/fiducial_vlam_msgs/msg/observations.hpp
-- Symlinking: /work/tello_ros_ws/src/install/fiducial_vlam_msgs/include/fiducial_vlam_msgs/msg/detail/map__rosidl_typesupport_introspection_cpp.hpp
-- Symlinking: /work/tello_ros_ws/src/install/fiducial_vlam_msgs/include/fiducial_vlam_msgs/msg/detail/observation__rosidl_typesupport_introspection_cpp.hpp
-- Symlinking: /work/tello_ros_ws/src/install/fiducial_vlam_msgs/include/fiducial_vlam_msgs/msg/detail/observations__rosidl_typesupport_introspection_cpp.hpp
-- Symlinking: /work/tello_ros_ws/src/install/fiducial_vlam_msgs/share/fiducial_vlam_msgs/environment/pythonpath.sh
-- Symlinking: /work/tello_ros_ws/src/install/fiducial_vlam_msgs/share/fiducial_vlam_msgs/environment/pythonpath.dsv
-- Symlinking: /work/tello_ros_ws/src/install/fiducial_vlam_msgs/lib/python3.8/site-packages/fiducial_vlam_msgs/__init__.py
-- Symlinking: /work/tello_ros_ws/src/install/fiducial_vlam_msgs/lib/python3.8/site-packages/fiducial_vlam_msgs/msg/__init__.py
-- Symlinking: /work/tello_ros_ws/src/install/fiducial_vlam_msgs/lib/python3.8/site-packages/fiducial_vlam_msgs/msg/_map.py
-- Symlinking: /work/tello_ros_ws/src/install/fiducial_vlam_msgs/lib/python3.8/site-packages/fiducial_vlam_msgs/msg/_observation.py
-- Symlinking: /work/tello_ros_ws/src/install/fiducial_vlam_msgs/lib/python3.8/site-packages/fiducial_vlam_msgs/msg/_observations.py
-- Symlinking: /work/tello_ros_ws/src/install/fiducial_vlam_msgs/lib/python3.8/site-packages/fiducial_vlam_msgs/fiducial_vlam_msgs_s__rosidl_typesupport_fastrtps_c.cpython-38-x86_64-linux-gnu.so
-- Symlinking: /work/tello_ros_ws/src/install/fiducial_vlam_msgs/lib/python3.8/site-packages/fiducial_vlam_msgs/fiducial_vlam_msgs_s__rosidl_typesupport_introspection_c.cpython-38-x86_64-linux-gnu.so
-- Symlinking: /work/tello_ros_ws/src/install/fiducial_vlam_msgs/lib/python3.8/site-packages/fiducial_vlam_msgs/fiducial_vlam_msgs_s__rosidl_typesupport_c.cpython-38-x86_64-linux-gnu.so
-- Symlinking: /work/tello_ros_ws/src/install/fiducial_vlam_msgs/lib/libfiducial_vlam_msgs__python.so
-- Symlinking: /work/tello_ros_ws/src/install/fiducial_vlam_msgs/share/fiducial_vlam_msgs/msg/Map.idl
-- Symlinking: /work/tello_ros_ws/src/install/fiducial_vlam_msgs/share/fiducial_vlam_msgs/msg/Observation.idl
-- Symlinking: /work/tello_ros_ws/src/install/fiducial_vlam_msgs/share/fiducial_vlam_msgs/msg/Observations.idl
-- Symlinking: /work/tello_ros_ws/src/install/fiducial_vlam_msgs/share/fiducial_vlam_msgs/msg/Map.msg
-- Symlinking: /work/tello_ros_ws/src/install/fiducial_vlam_msgs/share/fiducial_vlam_msgs/msg/Observation.msg
-- Symlinking: /work/tello_ros_ws/src/install/fiducial_vlam_msgs/share/fiducial_vlam_msgs/msg/Observations.msg
-- Symlinking: /work/tello_ros_ws/src/install/fiducial_vlam_msgs/share/ament_index/resource_index/package_run_dependencies/fiducial_vlam_msgs
-- Symlinking: /work/tello_ros_ws/src/install/fiducial_vlam_msgs/share/ament_index/resource_index/parent_prefix_path/fiducial_vlam_msgs
-- Symlinking: /work/tello_ros_ws/src/install/fiducial_vlam_msgs/share/fiducial_vlam_msgs/environment/ament_prefix_path.sh
-- Symlinking: /work/tello_ros_ws/src/install/fiducial_vlam_msgs/share/fiducial_vlam_msgs/environment/ament_prefix_path.dsv
-- Symlinking: /work/tello_ros_ws/src/install/fiducial_vlam_msgs/share/fiducial_vlam_msgs/environment/path.sh
-- Symlinking: /work/tello_ros_ws/src/install/fiducial_vlam_msgs/share/fiducial_vlam_msgs/environment/path.dsv
-- Symlinking: /work/tello_ros_ws/src/install/fiducial_vlam_msgs/share/fiducial_vlam_msgs/local_setup.bash
-- Symlinking: /work/tello_ros_ws/src/install/fiducial_vlam_msgs/share/fiducial_vlam_msgs/local_setup.sh
-- Symlinking: /work/tello_ros_ws/src/install/fiducial_vlam_msgs/share/fiducial_vlam_msgs/local_setup.zsh
-- Symlinking: /work/tello_ros_ws/src/install/fiducial_vlam_msgs/share/fiducial_vlam_msgs/local_setup.dsv
-- Symlinking: /work/tello_ros_ws/src/install/fiducial_vlam_msgs/share/fiducial_vlam_msgs/package.dsv
-- Symlinking: /work/tello_ros_ws/src/install/fiducial_vlam_msgs/share/ament_index/resource_index/packages/fiducial_vlam_msgs
-- Symlinking: /work/tello_ros_ws/src/install/fiducial_vlam_msgs/share/fiducial_vlam_msgs/cmake/rosidl_cmake-extras.cmake
-- Symlinking: /work/tello_ros_ws/src/install/fiducial_vlam_msgs/share/fiducial_vlam_msgs/cmake/ament_cmake_export_dependencies-extras.cmake
-- Symlinking: /work/tello_ros_ws/src/install/fiducial_vlam_msgs/share/fiducial_vlam_msgs/cmake/ament_cmake_export_libraries-extras.cmake
-- Symlinking: /work/tello_ros_ws/src/install/fiducial_vlam_msgs/share/fiducial_vlam_msgs/cmake/ament_cmake_export_targets-extras.cmake
-- Symlinking: /work/tello_ros_ws/src/install/fiducial_vlam_msgs/share/fiducial_vlam_msgs/cmake/ament_cmake_export_include_directories-extras.cmake
-- Symlinking: /work/tello_ros_ws/src/install/fiducial_vlam_msgs/share/fiducial_vlam_msgs/cmake/rosidl_cmake_export_typesupport_libraries-extras.cmake
-- Symlinking: /work/tello_ros_ws/src/install/fiducial_vlam_msgs/share/fiducial_vlam_msgs/cmake/rosidl_cmake_export_typesupport_targets-extras.cmake
-- Symlinking: /work/tello_ros_ws/src/install/fiducial_vlam_msgs/share/fiducial_vlam_msgs/cmake/fiducial_vlam_msgsConfig.cmake
-- Symlinking: /work/tello_ros_ws/src/install/fiducial_vlam_msgs/share/fiducial_vlam_msgs/cmake/fiducial_vlam_msgsConfig-version.cmake
-- Symlinking: /work/tello_ros_ws/src/install/fiducial_vlam_msgs/share/fiducial_vlam_msgs/package.xml
-- Installing: /work/tello_ros_ws/src/install/fiducial_vlam_msgs/lib/libfiducial_vlam_msgs__rosidl_generator_c.so
-- Set runtime path of "/work/tello_ros_ws/src/install/fiducial_vlam_msgs/lib/libfiducial_vlam_msgs__rosidl_generator_c.so" to ""
-- Installing: /work/tello_ros_ws/src/install/fiducial_vlam_msgs/lib/libfiducial_vlam_msgs__rosidl_typesupport_introspection_c.so
-- Set runtime path of "/work/tello_ros_ws/src/install/fiducial_vlam_msgs/lib/libfiducial_vlam_msgs__rosidl_typesupport_introspection_c.so" to ""
-- Installing: /work/tello_ros_ws/src/install/fiducial_vlam_msgs/lib/libfiducial_vlam_msgs__rosidl_typesupport_c.so
-- Set runtime path of "/work/tello_ros_ws/src/install/fiducial_vlam_msgs/lib/libfiducial_vlam_msgs__rosidl_typesupport_c.so" to ""
-- Installing: /work/tello_ros_ws/src/install/fiducial_vlam_msgs/lib/libfiducial_vlam_msgs__rosidl_typesupport_introspection_cpp.so
-- Set runtime path of "/work/tello_ros_ws/src/install/fiducial_vlam_msgs/lib/libfiducial_vlam_msgs__rosidl_typesupport_introspection_cpp.so" to ""
-- Installing: /work/tello_ros_ws/src/install/fiducial_vlam_msgs/lib/libfiducial_vlam_msgs__rosidl_typesupport_cpp.so
-- Set runtime path of "/work/tello_ros_ws/src/install/fiducial_vlam_msgs/lib/libfiducial_vlam_msgs__rosidl_typesupport_cpp.so" to ""
Compiling '/work/tello_ros_ws/src/install/fiducial_vlam_msgs/lib/python3.8/site-packages/fiducial_vlam_msgs/__init__.py'...
-- Installing: /work/tello_ros_ws/src/install/fiducial_vlam_msgs/share/fiducial_vlam_msgs/cmake/fiducial_vlam_msgs__rosidl_generator_cExport.cmake
-- Installing: /work/tello_ros_ws/src/install/fiducial_vlam_msgs/share/fiducial_vlam_msgs/cmake/fiducial_vlam_msgs__rosidl_generator_cExport-noconfig.cmake
-- Installing: /work/tello_ros_ws/src/install/fiducial_vlam_msgs/share/fiducial_vlam_msgs/cmake/fiducial_vlam_msgs__rosidl_typesupport_introspection_cExport.cmake
-- Installing: /work/tello_ros_ws/src/install/fiducial_vlam_msgs/share/fiducial_vlam_msgs/cmake/fiducial_vlam_msgs__rosidl_typesupport_introspection_cExport-noconfig.cmake
-- Installing: /work/tello_ros_ws/src/install/fiducial_vlam_msgs/share/fiducial_vlam_msgs/cmake/fiducial_vlam_msgs__rosidl_typesupport_cExport.cmake
-- Installing: /work/tello_ros_ws/src/install/fiducial_vlam_msgs/share/fiducial_vlam_msgs/cmake/fiducial_vlam_msgs__rosidl_typesupport_cExport-noconfig.cmake
-- Installing: /work/tello_ros_ws/src/install/fiducial_vlam_msgs/share/fiducial_vlam_msgs/cmake/fiducial_vlam_msgs__rosidl_generator_cppExport.cmake
-- Installing: /work/tello_ros_ws/src/install/fiducial_vlam_msgs/share/fiducial_vlam_msgs/cmake/fiducial_vlam_msgs__rosidl_typesupport_introspection_cppExport.cmake
-- Installing: /work/tello_ros_ws/src/install/fiducial_vlam_msgs/share/fiducial_vlam_msgs/cmake/fiducial_vlam_msgs__rosidl_typesupport_introspection_cppExport-noconfig.cmake
-- Installing: /work/tello_ros_ws/src/install/fiducial_vlam_msgs/share/fiducial_vlam_msgs/cmake/fiducial_vlam_msgs__rosidl_typesupport_cppExport.cmake
-- Installing: /work/tello_ros_ws/src/install/fiducial_vlam_msgs/share/fiducial_vlam_msgs/cmake/fiducial_vlam_msgs__rosidl_typesupport_cppExport-noconfig.cmake
