[0.124s] Invoking command in '/work/tello_ros_ws/src/build/fiducial_vlam_msgs': CMAKE_PREFIX_PATH=${CMAKE_PREFIX_PATH}:/work/tello_ros_ws/install/tello_controller:/work/tello_ros_ws/install/ros2_aruco:/work/tello_ros_ws/install/pkg_g2rr:/opt/ros/foxy /usr/bin/cmake /work/tello_ros_ws/src/fiducial_vlam/fiducial_vlam_msgs -DAMENT_CMAKE_SYMLINK_INSTALL=1 -DCMAKE_INSTALL_PREFIX=/work/tello_ros_ws/src/install/fiducial_vlam_msgs
[1.462s] -- The C compiler identification is GNU 9.4.0
[1.463s] -- The CXX compiler identification is GNU 9.4.0
[1.463s] -- Check for working C compiler: /usr/bin/cc
[1.463s] -- Check for working C compiler: /usr/bin/cc -- works
[1.463s] -- Detecting C compiler ABI info
[1.463s] -- Detecting C compiler ABI info - done
[1.464s] -- Detecting C compile features
[1.464s] -- Detecting C compile features - done
[1.464s] -- Check for working CXX compiler: /usr/bin/c++
[1.464s] -- Check for working CXX compiler: /usr/bin/c++ -- works
[1.465s] -- Detecting CXX compiler ABI info
[1.465s] -- Detecting CXX compiler ABI info - done
[1.466s] -- Detecting CXX compile features
[1.466s] -- Detecting CXX compile features - done
[1.467s] -- Found ament_cmake: 0.9.11 (/opt/ros/foxy/share/ament_cmake/cmake)
[1.467s] -- Found PythonInterp: /usr/bin/python3 (found suitable version "3.8.10", minimum required is "3") 
[1.467s] -- Using PYTHON_EXECUTABLE: /usr/bin/python3
[1.467s] -- Override CMake install command with custom implementation using symlinks instead of copying resources
[1.467s] -- Found rosidl_default_generators: 1.0.1 (/opt/ros/foxy/share/rosidl_default_generators/cmake)
[1.469s] -- Using all available rosidl_typesupport_c: rosidl_typesupport_fastrtps_c;rosidl_typesupport_introspection_c
[1.481s] -- Found rosidl_adapter: 1.3.0 (/opt/ros/foxy/share/rosidl_adapter/cmake)
[1.826s] -- Found OpenSSL: /usr/lib/x86_64-linux-gnu/libcrypto.so (found version "1.1.1f")  
[1.917s] -- Found FastRTPS: /opt/ros/foxy/include  
[2.208s] -- Using all available rosidl_typesupport_cpp: rosidl_typesupport_fastrtps_cpp;rosidl_typesupport_introspection_cpp
[2.324s] -- Found geometry_msgs: 2.0.5 (/opt/ros/foxy/share/geometry_msgs/cmake)
[2.587s] -- Found sensor_msgs: 2.0.5 (/opt/ros/foxy/share/sensor_msgs/cmake)
[2.905s] -- Found PythonInterp: /usr/bin/python3 (found version "3.8.10") 
[3.688s] -- Found ament_cmake_ros: 0.9.2 (/opt/ros/foxy/share/ament_cmake_ros/cmake)
[4.588s] -- Using all available rosidl_typesupport_c: rosidl_typesupport_fastrtps_c;rosidl_typesupport_introspection_c
[4.957s] -- Using all available rosidl_typesupport_cpp: rosidl_typesupport_fastrtps_cpp;rosidl_typesupport_introspection_cpp
[5.018s] -- Found PythonInterp: /usr/bin/python3 (found suitable version "3.8.10", minimum required is "3.5") 
[5.026s] -- Found python_cmake_module: 0.8.1 (/opt/ros/foxy/share/python_cmake_module/cmake)
[5.087s] -- Found PythonLibs: /usr/lib/x86_64-linux-gnu/libpython3.8.so (found suitable version "3.8.10", minimum required is "3.5") 
[5.088s] -- Using PYTHON_EXECUTABLE: /usr/bin/python3
[5.088s] -- Using PYTHON_INCLUDE_DIRS: /usr/include/python3.8
[5.088s] -- Using PYTHON_LIBRARIES: /usr/lib/x86_64-linux-gnu/libpython3.8.so
[5.137s] -- Found PythonExtra: .so  
[5.494s] -- Configuring done
[5.619s] -- Generating done
[5.624s] -- Build files have been written to: /work/tello_ros_ws/src/build/fiducial_vlam_msgs
[5.636s] Invoked command in '/work/tello_ros_ws/src/build/fiducial_vlam_msgs' returned '0': CMAKE_PREFIX_PATH=${CMAKE_PREFIX_PATH}:/work/tello_ros_ws/install/tello_controller:/work/tello_ros_ws/install/ros2_aruco:/work/tello_ros_ws/install/pkg_g2rr:/opt/ros/foxy /usr/bin/cmake /work/tello_ros_ws/src/fiducial_vlam/fiducial_vlam_msgs -DAMENT_CMAKE_SYMLINK_INSTALL=1 -DCMAKE_INSTALL_PREFIX=/work/tello_ros_ws/src/install/fiducial_vlam_msgs
[5.638s] Invoking command in '/work/tello_ros_ws/src/build/fiducial_vlam_msgs': CMAKE_PREFIX_PATH=${CMAKE_PREFIX_PATH}:/work/tello_ros_ws/install/tello_controller:/work/tello_ros_ws/install/ros2_aruco:/work/tello_ros_ws/install/pkg_g2rr:/opt/ros/foxy /usr/bin/cmake --build /work/tello_ros_ws/src/build/fiducial_vlam_msgs -- -j8 -l8
[5.706s] [35m[1mScanning dependencies of target fiducial_vlam_msgs__cpp[0m
[5.715s] [  2%] [34m[1mGenerating C code for ROS interfaces[0m
[5.728s] [  4%] [34m[1mGenerating C++ code for ROS interfaces[0m
[7.180s] [  4%] Built target fiducial_vlam_msgs__cpp
[7.188s] [35m[1mScanning dependencies of target fiducial_vlam_msgs__rosidl_generator_c[0m
[7.242s] [  6%] [34m[1mGenerating C++ type support dispatch for ROS interfaces[0m
[7.306s] [  8%] [34m[1mGenerating C++ type support for eProsima Fast-RTPS[0m
[7.306s] [ 10%] [34m[1mGenerating C++ introspection for ROS interfaces[0m
[7.307s] [ 12%] [32mBuilding C object CMakeFiles/fiducial_vlam_msgs__rosidl_generator_c.dir/rosidl_generator_c/fiducial_vlam_msgs/msg/detail/map__functions.c.o[0m
[7.319s] [ 14%] [32mBuilding C object CMakeFiles/fiducial_vlam_msgs__rosidl_generator_c.dir/rosidl_generator_c/fiducial_vlam_msgs/msg/detail/observations__functions.c.o[0m
[7.330s] [ 17%] [32mBuilding C object CMakeFiles/fiducial_vlam_msgs__rosidl_generator_c.dir/rosidl_generator_c/fiducial_vlam_msgs/msg/detail/observation__functions.c.o[0m
[7.612s] [ 19%] [32m[1mLinking C shared library libfiducial_vlam_msgs__rosidl_generator_c.so[0m
[7.873s] [ 19%] Built target fiducial_vlam_msgs__rosidl_generator_c
[7.953s] [ 21%] [34m[1mGenerating C introspection for ROS interfaces[0m
[8.015s] [ 23%] [34m[1mGenerating C type support dispatch for ROS interfaces[0m
[9.626s] [35m[1mScanning dependencies of target fiducial_vlam_msgs__rosidl_typesupport_introspection_cpp[0m
[9.626s] [35m[1mScanning dependencies of target fiducial_vlam_msgs__rosidl_typesupport_cpp[0m
[9.718s] [ 25%] [32mBuilding CXX object CMakeFiles/fiducial_vlam_msgs__rosidl_typesupport_cpp.dir/rosidl_typesupport_cpp/fiducial_vlam_msgs/msg/map__type_support.cpp.o[0m
[9.740s] [ 27%] [32mBuilding CXX object CMakeFiles/fiducial_vlam_msgs__rosidl_typesupport_introspection_cpp.dir/rosidl_typesupport_introspection_cpp/fiducial_vlam_msgs/msg/detail/map__type_support.cpp.o[0m
[9.759s] [ 29%] [32mBuilding CXX object CMakeFiles/fiducial_vlam_msgs__rosidl_typesupport_introspection_cpp.dir/rosidl_typesupport_introspection_cpp/fiducial_vlam_msgs/msg/detail/observation__type_support.cpp.o[0m
[9.768s] [ 31%] [32mBuilding CXX object CMakeFiles/fiducial_vlam_msgs__rosidl_typesupport_cpp.dir/rosidl_typesupport_cpp/fiducial_vlam_msgs/msg/observation__type_support.cpp.o[0m
[9.802s] [ 34%] [32mBuilding CXX object CMakeFiles/fiducial_vlam_msgs__rosidl_typesupport_cpp.dir/rosidl_typesupport_cpp/fiducial_vlam_msgs/msg/observations__type_support.cpp.o[0m
[10.376s] [35m[1mScanning dependencies of target fiducial_vlam_msgs__rosidl_typesupport_fastrtps_cpp[0m
[10.376s] [35m[1mScanning dependencies of target fiducial_vlam_msgs__rosidl_typesupport_introspection_c[0m
[10.486s] [ 36%] [32mBuilding C object CMakeFiles/fiducial_vlam_msgs__rosidl_typesupport_introspection_c.dir/rosidl_typesupport_introspection_c/fiducial_vlam_msgs/msg/detail/map__type_support.c.o[0m
[10.562s] [ 38%] [32mBuilding CXX object CMakeFiles/fiducial_vlam_msgs__rosidl_typesupport_fastrtps_cpp.dir/rosidl_typesupport_fastrtps_cpp/fiducial_vlam_msgs/msg/detail/dds_fastrtps/map__type_support.cpp.o[0m
[10.795s] [35m[1mScanning dependencies of target fiducial_vlam_msgs__rosidl_typesupport_c[0m
[10.811s] [ 40%] [32mBuilding C object CMakeFiles/fiducial_vlam_msgs__rosidl_typesupport_introspection_c.dir/rosidl_typesupport_introspection_c/fiducial_vlam_msgs/msg/detail/observation__type_support.c.o[0m
[10.928s] [ 42%] [32mBuilding CXX object CMakeFiles/fiducial_vlam_msgs__rosidl_typesupport_c.dir/rosidl_typesupport_c/fiducial_vlam_msgs/msg/map__type_support.cpp.o[0m
[11.098s] [ 44%] [32mBuilding C object CMakeFiles/fiducial_vlam_msgs__rosidl_typesupport_introspection_c.dir/rosidl_typesupport_introspection_c/fiducial_vlam_msgs/msg/detail/observations__type_support.c.o[0m
[11.181s] [ 46%] [32mBuilding CXX object CMakeFiles/fiducial_vlam_msgs__rosidl_typesupport_c.dir/rosidl_typesupport_c/fiducial_vlam_msgs/msg/observation__type_support.cpp.o[0m
[11.397s] [ 48%] [32m[1mLinking C shared library libfiducial_vlam_msgs__rosidl_typesupport_introspection_c.so[0m
[11.410s] [ 51%] [32mBuilding CXX object CMakeFiles/fiducial_vlam_msgs__rosidl_typesupport_c.dir/rosidl_typesupport_c/fiducial_vlam_msgs/msg/observations__type_support.cpp.o[0m
[11.689s] [ 51%] Built target fiducial_vlam_msgs__rosidl_typesupport_introspection_c
[11.709s] [ 53%] [32m[1mLinking CXX shared library libfiducial_vlam_msgs__rosidl_typesupport_c.so[0m
[11.753s] [ 55%] [32mBuilding CXX object CMakeFiles/fiducial_vlam_msgs__rosidl_typesupport_fastrtps_cpp.dir/rosidl_typesupport_fastrtps_cpp/fiducial_vlam_msgs/msg/detail/dds_fastrtps/observation__type_support.cpp.o[0m
[11.834s] [ 57%] [32mBuilding CXX object CMakeFiles/fiducial_vlam_msgs__rosidl_typesupport_introspection_cpp.dir/rosidl_typesupport_introspection_cpp/fiducial_vlam_msgs/msg/detail/observations__type_support.cpp.o[0m
[12.016s] [ 57%] Built target fiducial_vlam_msgs__rosidl_typesupport_c
[12.085s] [ 59%] [32mBuilding CXX object CMakeFiles/fiducial_vlam_msgs__rosidl_typesupport_fastrtps_cpp.dir/rosidl_typesupport_fastrtps_cpp/fiducial_vlam_msgs/msg/detail/dds_fastrtps/observations__type_support.cpp.o[0m
[12.321s] [ 61%] [32m[1mLinking CXX shared library libfiducial_vlam_msgs__rosidl_typesupport_cpp.so[0m
[12.479s] [ 61%] Built target fiducial_vlam_msgs__rosidl_typesupport_cpp
[13.349s] [ 63%] [32m[1mLinking CXX shared library libfiducial_vlam_msgs__rosidl_typesupport_introspection_cpp.so[0m
[13.483s] [ 65%] [32m[1mLinking CXX shared library libfiducial_vlam_msgs__rosidl_typesupport_fastrtps_cpp.so[0m
[13.516s] [ 65%] Built target fiducial_vlam_msgs__rosidl_typesupport_introspection_cpp
[13.633s] [ 65%] Built target fiducial_vlam_msgs__rosidl_typesupport_fastrtps_cpp
[13.651s] [ 68%] [34m[1mGenerating C type support for eProsima Fast-RTPS[0m
[14.303s] [35m[1mScanning dependencies of target fiducial_vlam_msgs__rosidl_typesupport_fastrtps_c[0m
[14.342s] [ 72%] [32mBuilding CXX object CMakeFiles/fiducial_vlam_msgs__rosidl_typesupport_fastrtps_c.dir/rosidl_typesupport_fastrtps_c/fiducial_vlam_msgs/msg/detail/observation__type_support_c.cpp.o[0m
[14.343s] [ 72%] [32mBuilding CXX object CMakeFiles/fiducial_vlam_msgs__rosidl_typesupport_fastrtps_c.dir/rosidl_typesupport_fastrtps_c/fiducial_vlam_msgs/msg/detail/map__type_support_c.cpp.o[0m
[14.346s] [ 74%] [32mBuilding CXX object CMakeFiles/fiducial_vlam_msgs__rosidl_typesupport_fastrtps_c.dir/rosidl_typesupport_fastrtps_c/fiducial_vlam_msgs/msg/detail/observations__type_support_c.cpp.o[0m
[15.350s] [ 76%] [32m[1mLinking CXX shared library libfiducial_vlam_msgs__rosidl_typesupport_fastrtps_c.so[0m
[15.582s] [ 76%] Built target fiducial_vlam_msgs__rosidl_typesupport_fastrtps_c
[15.599s] [35m[1mScanning dependencies of target fiducial_vlam_msgs[0m
[15.616s] [ 76%] Built target fiducial_vlam_msgs
[15.633s] [35m[1mScanning dependencies of target fiducial_vlam_msgs__py[0m
[15.651s] [ 78%] [34m[1mGenerating Python code for ROS interfaces[0m
[17.062s] [ 78%] Built target fiducial_vlam_msgs__py
[17.079s] [35m[1mScanning dependencies of target fiducial_vlam_msgs__python[0m
[17.125s] [ 80%] [32mBuilding C object CMakeFiles/fiducial_vlam_msgs__python.dir/rosidl_generator_py/fiducial_vlam_msgs/msg/_observations_s.c.o[0m
[17.125s] [ 82%] [32mBuilding C object CMakeFiles/fiducial_vlam_msgs__python.dir/rosidl_generator_py/fiducial_vlam_msgs/msg/_map_s.c.o[0m
[17.126s] [ 85%] [32mBuilding C object CMakeFiles/fiducial_vlam_msgs__python.dir/rosidl_generator_py/fiducial_vlam_msgs/msg/_observation_s.c.o[0m
[17.390s] [ 87%] [32m[1mLinking C shared library rosidl_generator_py/fiducial_vlam_msgs/libfiducial_vlam_msgs__python.so[0m
[17.465s] [ 87%] Built target fiducial_vlam_msgs__python
[17.483s] [35m[1mScanning dependencies of target fiducial_vlam_msgs__rosidl_typesupport_fastrtps_c__pyext[0m
[17.486s] [35m[1mScanning dependencies of target fiducial_vlam_msgs__rosidl_typesupport_introspection_c__pyext[0m
[17.488s] [35m[1mScanning dependencies of target fiducial_vlam_msgs__rosidl_typesupport_c__pyext[0m
[17.528s] [ 89%] [32mBuilding C object CMakeFiles/fiducial_vlam_msgs__rosidl_typesupport_fastrtps_c__pyext.dir/rosidl_generator_py/fiducial_vlam_msgs/_fiducial_vlam_msgs_s.ep.rosidl_typesupport_fastrtps_c.c.o[0m
[17.534s] [ 93%] [32mBuilding C object CMakeFiles/fiducial_vlam_msgs__rosidl_typesupport_c__pyext.dir/rosidl_generator_py/fiducial_vlam_msgs/_fiducial_vlam_msgs_s.ep.rosidl_typesupport_c.c.o[0m
[17.535s] [ 93%] [32mBuilding C object CMakeFiles/fiducial_vlam_msgs__rosidl_typesupport_introspection_c__pyext.dir/rosidl_generator_py/fiducial_vlam_msgs/_fiducial_vlam_msgs_s.ep.rosidl_typesupport_introspection_c.c.o[0m
[17.674s] [ 95%] [32m[1mLinking CXX shared library rosidl_generator_py/fiducial_vlam_msgs/fiducial_vlam_msgs_s__rosidl_typesupport_fastrtps_c.cpython-38-x86_64-linux-gnu.so[0m
[17.676s] [ 97%] [32m[1mLinking C shared library rosidl_generator_py/fiducial_vlam_msgs/fiducial_vlam_msgs_s__rosidl_typesupport_introspection_c.cpython-38-x86_64-linux-gnu.so[0m
[17.741s] [ 97%] Built target fiducial_vlam_msgs__rosidl_typesupport_introspection_c__pyext
[17.768s] [100%] [32m[1mLinking C shared library rosidl_generator_py/fiducial_vlam_msgs/fiducial_vlam_msgs_s__rosidl_typesupport_c.cpython-38-x86_64-linux-gnu.so[0m
[17.783s] [100%] Built target fiducial_vlam_msgs__rosidl_typesupport_fastrtps_c__pyext
[17.830s] [100%] Built target fiducial_vlam_msgs__rosidl_typesupport_c__pyext
[17.848s] Invoked command in '/work/tello_ros_ws/src/build/fiducial_vlam_msgs' returned '0': CMAKE_PREFIX_PATH=${CMAKE_PREFIX_PATH}:/work/tello_ros_ws/install/tello_controller:/work/tello_ros_ws/install/ros2_aruco:/work/tello_ros_ws/install/pkg_g2rr:/opt/ros/foxy /usr/bin/cmake --build /work/tello_ros_ws/src/build/fiducial_vlam_msgs -- -j8 -l8
[17.972s] Invoking command in '/work/tello_ros_ws/src/build/fiducial_vlam_msgs': CMAKE_PREFIX_PATH=${CMAKE_PREFIX_PATH}:/work/tello_ros_ws/install/tello_controller:/work/tello_ros_ws/install/ros2_aruco:/work/tello_ros_ws/install/pkg_g2rr:/opt/ros/foxy /usr/bin/cmake --install /work/tello_ros_ws/src/build/fiducial_vlam_msgs
[17.987s] -- Install configuration: ""
[17.988s] -- Execute custom install script
[17.989s] -- Symlinking: /work/tello_ros_ws/src/install/fiducial_vlam_msgs/share/ament_index/resource_index/rosidl_interfaces/fiducial_vlam_msgs
[18.004s] -- Symlinking: /work/tello_ros_ws/src/install/fiducial_vlam_msgs/include/fiducial_vlam_msgs/msg/detail/map__functions.h
[18.018s] -- Symlinking: /work/tello_ros_ws/src/install/fiducial_vlam_msgs/include/fiducial_vlam_msgs/msg/detail/map__struct.h
[18.041s] -- Symlinking: /work/tello_ros_ws/src/install/fiducial_vlam_msgs/include/fiducial_vlam_msgs/msg/detail/map__type_support.h
[18.047s] -- Symlinking: /work/tello_ros_ws/src/install/fiducial_vlam_msgs/include/fiducial_vlam_msgs/msg/detail/observation__functions.h
[18.063s] -- Symlinking: /work/tello_ros_ws/src/install/fiducial_vlam_msgs/include/fiducial_vlam_msgs/msg/detail/observation__struct.h
[18.080s] -- Symlinking: /work/tello_ros_ws/src/install/fiducial_vlam_msgs/include/fiducial_vlam_msgs/msg/detail/observation__type_support.h
[18.100s] -- Symlinking: /work/tello_ros_ws/src/install/fiducial_vlam_msgs/include/fiducial_vlam_msgs/msg/detail/observations__functions.h
[18.113s] -- Symlinking: /work/tello_ros_ws/src/install/fiducial_vlam_msgs/include/fiducial_vlam_msgs/msg/detail/observations__struct.h
[18.127s] -- Symlinking: /work/tello_ros_ws/src/install/fiducial_vlam_msgs/include/fiducial_vlam_msgs/msg/detail/observations__type_support.h
[18.141s] -- Symlinking: /work/tello_ros_ws/src/install/fiducial_vlam_msgs/include/fiducial_vlam_msgs/msg/map.h
[18.155s] -- Symlinking: /work/tello_ros_ws/src/install/fiducial_vlam_msgs/include/fiducial_vlam_msgs/msg/observation.h
[18.172s] -- Symlinking: /work/tello_ros_ws/src/install/fiducial_vlam_msgs/include/fiducial_vlam_msgs/msg/observations.h
[18.186s] -- Symlinking: /work/tello_ros_ws/src/install/fiducial_vlam_msgs/include/fiducial_vlam_msgs/msg/rosidl_generator_c__visibility_control.h
[18.201s] -- Symlinking: /work/tello_ros_ws/src/install/fiducial_vlam_msgs/share/fiducial_vlam_msgs/environment/library_path.sh
[18.216s] -- Symlinking: /work/tello_ros_ws/src/install/fiducial_vlam_msgs/share/fiducial_vlam_msgs/environment/library_path.dsv
[18.231s] -- Symlinking: /work/tello_ros_ws/src/install/fiducial_vlam_msgs/include/fiducial_vlam_msgs/msg/detail/map__rosidl_typesupport_fastrtps_c.h
[18.246s] -- Symlinking: /work/tello_ros_ws/src/install/fiducial_vlam_msgs/include/fiducial_vlam_msgs/msg/detail/observation__rosidl_typesupport_fastrtps_c.h
[18.260s] -- Symlinking: /work/tello_ros_ws/src/install/fiducial_vlam_msgs/include/fiducial_vlam_msgs/msg/detail/observations__rosidl_typesupport_fastrtps_c.h
[18.275s] -- Symlinking: /work/tello_ros_ws/src/install/fiducial_vlam_msgs/include/fiducial_vlam_msgs/msg/rosidl_typesupport_fastrtps_c__visibility_control.h
[18.290s] -- Symlinking: /work/tello_ros_ws/src/install/fiducial_vlam_msgs/lib/libfiducial_vlam_msgs__rosidl_typesupport_fastrtps_c.so
[18.305s] -- Symlinking: /work/tello_ros_ws/src/install/fiducial_vlam_msgs/include/fiducial_vlam_msgs/msg/detail/map__rosidl_typesupport_fastrtps_cpp.hpp
[18.319s] -- Symlinking: /work/tello_ros_ws/src/install/fiducial_vlam_msgs/include/fiducial_vlam_msgs/msg/detail/observation__rosidl_typesupport_fastrtps_cpp.hpp
[18.332s] -- Symlinking: /work/tello_ros_ws/src/install/fiducial_vlam_msgs/include/fiducial_vlam_msgs/msg/detail/observations__rosidl_typesupport_fastrtps_cpp.hpp
[18.346s] -- Symlinking: /work/tello_ros_ws/src/install/fiducial_vlam_msgs/include/fiducial_vlam_msgs/msg/rosidl_typesupport_fastrtps_cpp__visibility_control.h
[18.360s] -- Symlinking: /work/tello_ros_ws/src/install/fiducial_vlam_msgs/lib/libfiducial_vlam_msgs__rosidl_typesupport_fastrtps_cpp.so
[18.374s] -- Symlinking: /work/tello_ros_ws/src/install/fiducial_vlam_msgs/include/fiducial_vlam_msgs/msg/detail/map__rosidl_typesupport_introspection_c.h
[18.388s] -- Symlinking: /work/tello_ros_ws/src/install/fiducial_vlam_msgs/include/fiducial_vlam_msgs/msg/detail/observation__rosidl_typesupport_introspection_c.h
[18.403s] -- Symlinking: /work/tello_ros_ws/src/install/fiducial_vlam_msgs/include/fiducial_vlam_msgs/msg/detail/observations__rosidl_typesupport_introspection_c.h
[18.417s] -- Symlinking: /work/tello_ros_ws/src/install/fiducial_vlam_msgs/include/fiducial_vlam_msgs/msg/rosidl_typesupport_introspection_c__visibility_control.h
[18.434s] -- Symlinking: /work/tello_ros_ws/src/install/fiducial_vlam_msgs/include/fiducial_vlam_msgs/msg/detail/map__builder.hpp
[18.448s] -- Symlinking: /work/tello_ros_ws/src/install/fiducial_vlam_msgs/include/fiducial_vlam_msgs/msg/detail/map__struct.hpp
[18.462s] -- Symlinking: /work/tello_ros_ws/src/install/fiducial_vlam_msgs/include/fiducial_vlam_msgs/msg/detail/map__traits.hpp
[18.477s] -- Symlinking: /work/tello_ros_ws/src/install/fiducial_vlam_msgs/include/fiducial_vlam_msgs/msg/detail/observation__builder.hpp
[18.491s] -- Symlinking: /work/tello_ros_ws/src/install/fiducial_vlam_msgs/include/fiducial_vlam_msgs/msg/detail/observation__struct.hpp
[18.505s] -- Symlinking: /work/tello_ros_ws/src/install/fiducial_vlam_msgs/include/fiducial_vlam_msgs/msg/detail/observation__traits.hpp
[18.519s] -- Symlinking: /work/tello_ros_ws/src/install/fiducial_vlam_msgs/include/fiducial_vlam_msgs/msg/detail/observations__builder.hpp
[18.533s] -- Symlinking: /work/tello_ros_ws/src/install/fiducial_vlam_msgs/include/fiducial_vlam_msgs/msg/detail/observations__struct.hpp
[18.549s] -- Symlinking: /work/tello_ros_ws/src/install/fiducial_vlam_msgs/include/fiducial_vlam_msgs/msg/detail/observations__traits.hpp
[18.564s] -- Symlinking: /work/tello_ros_ws/src/install/fiducial_vlam_msgs/include/fiducial_vlam_msgs/msg/map.hpp
[18.579s] -- Symlinking: /work/tello_ros_ws/src/install/fiducial_vlam_msgs/include/fiducial_vlam_msgs/msg/observation.hpp
[18.593s] -- Symlinking: /work/tello_ros_ws/src/install/fiducial_vlam_msgs/include/fiducial_vlam_msgs/msg/observations.hpp
[18.608s] -- Symlinking: /work/tello_ros_ws/src/install/fiducial_vlam_msgs/include/fiducial_vlam_msgs/msg/detail/map__rosidl_typesupport_introspection_cpp.hpp
[18.622s] -- Symlinking: /work/tello_ros_ws/src/install/fiducial_vlam_msgs/include/fiducial_vlam_msgs/msg/detail/observation__rosidl_typesupport_introspection_cpp.hpp
[18.637s] -- Symlinking: /work/tello_ros_ws/src/install/fiducial_vlam_msgs/include/fiducial_vlam_msgs/msg/detail/observations__rosidl_typesupport_introspection_cpp.hpp
[18.652s] -- Symlinking: /work/tello_ros_ws/src/install/fiducial_vlam_msgs/share/fiducial_vlam_msgs/environment/pythonpath.sh
[18.666s] -- Symlinking: /work/tello_ros_ws/src/install/fiducial_vlam_msgs/share/fiducial_vlam_msgs/environment/pythonpath.dsv
[18.679s] -- Symlinking: /work/tello_ros_ws/src/install/fiducial_vlam_msgs/lib/python3.8/site-packages/fiducial_vlam_msgs/__init__.py
[18.693s] -- Symlinking: /work/tello_ros_ws/src/install/fiducial_vlam_msgs/lib/python3.8/site-packages/fiducial_vlam_msgs/msg/__init__.py
[18.705s] -- Symlinking: /work/tello_ros_ws/src/install/fiducial_vlam_msgs/lib/python3.8/site-packages/fiducial_vlam_msgs/msg/_map.py
[18.719s] -- Symlinking: /work/tello_ros_ws/src/install/fiducial_vlam_msgs/lib/python3.8/site-packages/fiducial_vlam_msgs/msg/_observation.py
[18.733s] -- Symlinking: /work/tello_ros_ws/src/install/fiducial_vlam_msgs/lib/python3.8/site-packages/fiducial_vlam_msgs/msg/_observations.py
[18.747s] -- Symlinking: /work/tello_ros_ws/src/install/fiducial_vlam_msgs/lib/python3.8/site-packages/fiducial_vlam_msgs/fiducial_vlam_msgs_s__rosidl_typesupport_fastrtps_c.cpython-38-x86_64-linux-gnu.so
[18.762s] -- Symlinking: /work/tello_ros_ws/src/install/fiducial_vlam_msgs/lib/python3.8/site-packages/fiducial_vlam_msgs/fiducial_vlam_msgs_s__rosidl_typesupport_introspection_c.cpython-38-x86_64-linux-gnu.so
[18.776s] -- Symlinking: /work/tello_ros_ws/src/install/fiducial_vlam_msgs/lib/python3.8/site-packages/fiducial_vlam_msgs/fiducial_vlam_msgs_s__rosidl_typesupport_c.cpython-38-x86_64-linux-gnu.so
[18.790s] -- Symlinking: /work/tello_ros_ws/src/install/fiducial_vlam_msgs/lib/libfiducial_vlam_msgs__python.so
[18.803s] -- Symlinking: /work/tello_ros_ws/src/install/fiducial_vlam_msgs/share/fiducial_vlam_msgs/msg/Map.idl
[18.818s] -- Symlinking: /work/tello_ros_ws/src/install/fiducial_vlam_msgs/share/fiducial_vlam_msgs/msg/Observation.idl
[18.834s] -- Symlinking: /work/tello_ros_ws/src/install/fiducial_vlam_msgs/share/fiducial_vlam_msgs/msg/Observations.idl
[18.845s] -- Symlinking: /work/tello_ros_ws/src/install/fiducial_vlam_msgs/share/fiducial_vlam_msgs/msg/Map.msg
[18.859s] -- Symlinking: /work/tello_ros_ws/src/install/fiducial_vlam_msgs/share/fiducial_vlam_msgs/msg/Observation.msg
[18.872s] -- Symlinking: /work/tello_ros_ws/src/install/fiducial_vlam_msgs/share/fiducial_vlam_msgs/msg/Observations.msg
[18.885s] -- Symlinking: /work/tello_ros_ws/src/install/fiducial_vlam_msgs/share/ament_index/resource_index/package_run_dependencies/fiducial_vlam_msgs
[18.898s] -- Symlinking: /work/tello_ros_ws/src/install/fiducial_vlam_msgs/share/ament_index/resource_index/parent_prefix_path/fiducial_vlam_msgs
[18.912s] -- Symlinking: /work/tello_ros_ws/src/install/fiducial_vlam_msgs/share/fiducial_vlam_msgs/environment/ament_prefix_path.sh
[18.925s] -- Symlinking: /work/tello_ros_ws/src/install/fiducial_vlam_msgs/share/fiducial_vlam_msgs/environment/ament_prefix_path.dsv
[18.938s] -- Symlinking: /work/tello_ros_ws/src/install/fiducial_vlam_msgs/share/fiducial_vlam_msgs/environment/path.sh
[18.951s] -- Symlinking: /work/tello_ros_ws/src/install/fiducial_vlam_msgs/share/fiducial_vlam_msgs/environment/path.dsv
[18.965s] -- Symlinking: /work/tello_ros_ws/src/install/fiducial_vlam_msgs/share/fiducial_vlam_msgs/local_setup.bash
[18.978s] -- Symlinking: /work/tello_ros_ws/src/install/fiducial_vlam_msgs/share/fiducial_vlam_msgs/local_setup.sh
[18.991s] -- Symlinking: /work/tello_ros_ws/src/install/fiducial_vlam_msgs/share/fiducial_vlam_msgs/local_setup.zsh
[19.004s] -- Symlinking: /work/tello_ros_ws/src/install/fiducial_vlam_msgs/share/fiducial_vlam_msgs/local_setup.dsv
[19.018s] -- Symlinking: /work/tello_ros_ws/src/install/fiducial_vlam_msgs/share/fiducial_vlam_msgs/package.dsv
[19.031s] -- Symlinking: /work/tello_ros_ws/src/install/fiducial_vlam_msgs/share/ament_index/resource_index/packages/fiducial_vlam_msgs
[19.045s] -- Symlinking: /work/tello_ros_ws/src/install/fiducial_vlam_msgs/share/fiducial_vlam_msgs/cmake/rosidl_cmake-extras.cmake
[19.058s] -- Symlinking: /work/tello_ros_ws/src/install/fiducial_vlam_msgs/share/fiducial_vlam_msgs/cmake/ament_cmake_export_dependencies-extras.cmake
[19.072s] -- Symlinking: /work/tello_ros_ws/src/install/fiducial_vlam_msgs/share/fiducial_vlam_msgs/cmake/ament_cmake_export_libraries-extras.cmake
[19.085s] -- Symlinking: /work/tello_ros_ws/src/install/fiducial_vlam_msgs/share/fiducial_vlam_msgs/cmake/ament_cmake_export_targets-extras.cmake
[19.098s] -- Symlinking: /work/tello_ros_ws/src/install/fiducial_vlam_msgs/share/fiducial_vlam_msgs/cmake/ament_cmake_export_include_directories-extras.cmake
[19.111s] -- Symlinking: /work/tello_ros_ws/src/install/fiducial_vlam_msgs/share/fiducial_vlam_msgs/cmake/rosidl_cmake_export_typesupport_libraries-extras.cmake
[19.125s] -- Symlinking: /work/tello_ros_ws/src/install/fiducial_vlam_msgs/share/fiducial_vlam_msgs/cmake/rosidl_cmake_export_typesupport_targets-extras.cmake
[19.139s] -- Symlinking: /work/tello_ros_ws/src/install/fiducial_vlam_msgs/share/fiducial_vlam_msgs/cmake/fiducial_vlam_msgsConfig.cmake
[19.153s] -- Symlinking: /work/tello_ros_ws/src/install/fiducial_vlam_msgs/share/fiducial_vlam_msgs/cmake/fiducial_vlam_msgsConfig-version.cmake
[19.166s] -- Symlinking: /work/tello_ros_ws/src/install/fiducial_vlam_msgs/share/fiducial_vlam_msgs/package.xml
[19.179s] -- Installing: /work/tello_ros_ws/src/install/fiducial_vlam_msgs/lib/libfiducial_vlam_msgs__rosidl_generator_c.so
[19.180s] -- Set runtime path of "/work/tello_ros_ws/src/install/fiducial_vlam_msgs/lib/libfiducial_vlam_msgs__rosidl_generator_c.so" to ""
[19.180s] -- Installing: /work/tello_ros_ws/src/install/fiducial_vlam_msgs/lib/libfiducial_vlam_msgs__rosidl_typesupport_introspection_c.so
[19.181s] -- Set runtime path of "/work/tello_ros_ws/src/install/fiducial_vlam_msgs/lib/libfiducial_vlam_msgs__rosidl_typesupport_introspection_c.so" to ""
[19.181s] -- Installing: /work/tello_ros_ws/src/install/fiducial_vlam_msgs/lib/libfiducial_vlam_msgs__rosidl_typesupport_c.so
[19.182s] -- Set runtime path of "/work/tello_ros_ws/src/install/fiducial_vlam_msgs/lib/libfiducial_vlam_msgs__rosidl_typesupport_c.so" to ""
[19.182s] -- Installing: /work/tello_ros_ws/src/install/fiducial_vlam_msgs/lib/libfiducial_vlam_msgs__rosidl_typesupport_introspection_cpp.so
[19.184s] -- Set runtime path of "/work/tello_ros_ws/src/install/fiducial_vlam_msgs/lib/libfiducial_vlam_msgs__rosidl_typesupport_introspection_cpp.so" to ""
[19.184s] -- Installing: /work/tello_ros_ws/src/install/fiducial_vlam_msgs/lib/libfiducial_vlam_msgs__rosidl_typesupport_cpp.so
[19.184s] -- Set runtime path of "/work/tello_ros_ws/src/install/fiducial_vlam_msgs/lib/libfiducial_vlam_msgs__rosidl_typesupport_cpp.so" to ""
[19.241s] Compiling '/work/tello_ros_ws/src/install/fiducial_vlam_msgs/lib/python3.8/site-packages/fiducial_vlam_msgs/__init__.py'...
[19.246s] -- Installing: /work/tello_ros_ws/src/install/fiducial_vlam_msgs/share/fiducial_vlam_msgs/cmake/fiducial_vlam_msgs__rosidl_generator_cExport.cmake
[19.247s] -- Installing: /work/tello_ros_ws/src/install/fiducial_vlam_msgs/share/fiducial_vlam_msgs/cmake/fiducial_vlam_msgs__rosidl_generator_cExport-noconfig.cmake
[19.247s] -- Installing: /work/tello_ros_ws/src/install/fiducial_vlam_msgs/share/fiducial_vlam_msgs/cmake/fiducial_vlam_msgs__rosidl_typesupport_introspection_cExport.cmake
[19.247s] -- Installing: /work/tello_ros_ws/src/install/fiducial_vlam_msgs/share/fiducial_vlam_msgs/cmake/fiducial_vlam_msgs__rosidl_typesupport_introspection_cExport-noconfig.cmake
[19.248s] -- Installing: /work/tello_ros_ws/src/install/fiducial_vlam_msgs/share/fiducial_vlam_msgs/cmake/fiducial_vlam_msgs__rosidl_typesupport_cExport.cmake
[19.248s] -- Installing: /work/tello_ros_ws/src/install/fiducial_vlam_msgs/share/fiducial_vlam_msgs/cmake/fiducial_vlam_msgs__rosidl_typesupport_cExport-noconfig.cmake
[19.248s] -- Installing: /work/tello_ros_ws/src/install/fiducial_vlam_msgs/share/fiducial_vlam_msgs/cmake/fiducial_vlam_msgs__rosidl_generator_cppExport.cmake
[19.249s] -- Installing: /work/tello_ros_ws/src/install/fiducial_vlam_msgs/share/fiducial_vlam_msgs/cmake/fiducial_vlam_msgs__rosidl_typesupport_introspection_cppExport.cmake
[19.249s] -- Installing: /work/tello_ros_ws/src/install/fiducial_vlam_msgs/share/fiducial_vlam_msgs/cmake/fiducial_vlam_msgs__rosidl_typesupport_introspection_cppExport-noconfig.cmake
[19.249s] -- Installing: /work/tello_ros_ws/src/install/fiducial_vlam_msgs/share/fiducial_vlam_msgs/cmake/fiducial_vlam_msgs__rosidl_typesupport_cppExport.cmake
[19.250s] -- Installing: /work/tello_ros_ws/src/install/fiducial_vlam_msgs/share/fiducial_vlam_msgs/cmake/fiducial_vlam_msgs__rosidl_typesupport_cppExport-noconfig.cmake
[19.253s] Invoked command in '/work/tello_ros_ws/src/build/fiducial_vlam_msgs' returned '0': CMAKE_PREFIX_PATH=${CMAKE_PREFIX_PATH}:/work/tello_ros_ws/install/tello_controller:/work/tello_ros_ws/install/ros2_aruco:/work/tello_ros_ws/install/pkg_g2rr:/opt/ros/foxy /usr/bin/cmake --install /work/tello_ros_ws/src/build/fiducial_vlam_msgs
