running egg_info
creating build/tello_controller/tello_controller.egg-info
writing build/tello_controller/tello_controller.egg-info/PKG-INFO
writing dependency_links to build/tello_controller/tello_controller.egg-info/dependency_links.txt
writing entry points to build/tello_controller/tello_controller.egg-info/entry_points.txt
writing requirements to build/tello_controller/tello_controller.egg-info/requires.txt
writing top-level names to build/tello_controller/tello_controller.egg-info/top_level.txt
writing manifest file 'build/tello_controller/tello_controller.egg-info/SOURCES.txt'
reading manifest file 'build/tello_controller/tello_controller.egg-info/SOURCES.txt'
writing manifest file 'build/tello_controller/tello_controller.egg-info/SOURCES.txt'
running build
running build_py
creating /work/tello_ros_ws/src/tello_controller/build/tello_controller/build
creating /work/tello_ros_ws/src/tello_controller/build/tello_controller/build/lib
creating /work/tello_ros_ws/src/tello_controller/build/tello_controller/build/lib/tello_controller
copying tello_controller/controller.py -> /work/tello_ros_ws/src/tello_controller/build/tello_controller/build/lib/tello_controller
copying tello_controller/__init__.py -> /work/tello_ros_ws/src/tello_controller/build/tello_controller/build/lib/tello_controller
running install
running install_lib
creating /work/tello_ros_ws/src/tello_controller/install/tello_controller/lib/python3.8/site-packages/tello_controller
copying /work/tello_ros_ws/src/tello_controller/build/tello_controller/build/lib/tello_controller/controller.py -> /work/tello_ros_ws/src/tello_controller/install/tello_controller/lib/python3.8/site-packages/tello_controller
copying /work/tello_ros_ws/src/tello_controller/build/tello_controller/build/lib/tello_controller/__init__.py -> /work/tello_ros_ws/src/tello_controller/install/tello_controller/lib/python3.8/site-packages/tello_controller
byte-compiling /work/tello_ros_ws/src/tello_controller/install/tello_controller/lib/python3.8/site-packages/tello_controller/controller.py to controller.cpython-38.pyc
byte-compiling /work/tello_ros_ws/src/tello_controller/install/tello_controller/lib/python3.8/site-packages/tello_controller/__init__.py to __init__.cpython-38.pyc
running install_data
creating /work/tello_ros_ws/src/tello_controller/install/tello_controller/share/ament_index
creating /work/tello_ros_ws/src/tello_controller/install/tello_controller/share/ament_index/resource_index
creating /work/tello_ros_ws/src/tello_controller/install/tello_controller/share/ament_index/resource_index/packages
copying resource/tello_controller -> /work/tello_ros_ws/src/tello_controller/install/tello_controller/share/ament_index/resource_index/packages
copying package.xml -> /work/tello_ros_ws/src/tello_controller/install/tello_controller/share/tello_controller
running install_egg_info
Copying build/tello_controller/tello_controller.egg-info to /work/tello_ros_ws/src/tello_controller/install/tello_controller/lib/python3.8/site-packages/tello_controller-0.0.0-py3.8.egg-info
running install_scripts
Installing controller_node script to /work/tello_ros_ws/src/tello_controller/install/tello_controller/lib/tello_controller
writing list of installed files to '/work/tello_ros_ws/src/tello_controller/build/tello_controller/install.log'
