[0.080s] Invoking command in '/work/tello_ros_ws/src/build/tello_interface': CMAKE_PREFIX_PATH=${CMAKE_PREFIX_PATH}:/work/tello_ros_ws/install/tello_controller:/work/tello_ros_ws/install/ros2_aruco:/work/tello_ros_ws/install/pkg_g2rr:/opt/ros/foxy /usr/bin/cmake /work/tello_ros_ws/src/tello_interface -DAMENT_CMAKE_SYMLINK_INSTALL=1 -DCMAKE_INSTALL_PREFIX=/work/tello_ros_ws/src/install/tello_interface
[1.019s] -- The C compiler identification is GNU 9.4.0
[1.019s] -- The CXX compiler identification is GNU 9.4.0
[1.019s] -- Check for working C compiler: /usr/bin/cc
[1.019s] -- Check for working C compiler: /usr/bin/cc -- works
[1.019s] -- Detecting C compiler ABI info
[1.020s] -- Detecting C compiler ABI info - done
[1.020s] -- Detecting C compile features
[1.020s] -- Detecting C compile features - done
[1.020s] -- Check for working CXX compiler: /usr/bin/c++
[1.021s] -- Check for working CXX compiler: /usr/bin/c++ -- works
[1.021s] -- Detecting CXX compiler ABI info
[1.136s] -- Detecting CXX compiler ABI info - done
[1.185s] -- Detecting CXX compile features
[1.188s] -- Detecting CXX compile features - done
[1.201s] -- Found ament_cmake: 0.9.11 (/opt/ros/foxy/share/ament_cmake/cmake)
[1.443s] -- Found PythonInterp: /usr/bin/python3 (found suitable version "3.8.10", minimum required is "3") 
[1.444s] -- Using PYTHON_EXECUTABLE: /usr/bin/python3
[1.857s] -- Override CMake install command with custom implementation using symlinks instead of copying resources
[1.959s] -- Found rosidl_default_generators: 1.0.1 (/opt/ros/foxy/share/rosidl_default_generators/cmake)
[1.972s] -- Using all available rosidl_typesupport_c: rosidl_typesupport_fastrtps_c;rosidl_typesupport_introspection_c
[1.995s] -- Found rosidl_adapter: 1.3.0 (/opt/ros/foxy/share/rosidl_adapter/cmake)
[2.211s] -- Found OpenSSL: /usr/lib/x86_64-linux-gnu/libcrypto.so (found version "1.1.1f")  
[2.302s] -- Found FastRTPS: /opt/ros/foxy/include  
[2.590s] -- Using all available rosidl_typesupport_cpp: rosidl_typesupport_fastrtps_cpp;rosidl_typesupport_introspection_cpp
[2.699s] -- Found std_msgs: 2.0.5 (/opt/ros/foxy/share/std_msgs/cmake)
[2.819s] -- Found PythonInterp: /usr/bin/python3 (found version "3.8.10") 
[3.185s] -- Found ament_cmake_ros: 0.9.2 (/opt/ros/foxy/share/ament_cmake_ros/cmake)
[3.749s] -- Using all available rosidl_typesupport_c: rosidl_typesupport_fastrtps_c;rosidl_typesupport_introspection_c
[4.004s] -- Using all available rosidl_typesupport_cpp: rosidl_typesupport_fastrtps_cpp;rosidl_typesupport_introspection_cpp
[4.113s] -- Found PythonInterp: /usr/bin/python3 (found suitable version "3.8.10", minimum required is "3.5") 
[4.122s] -- Found python_cmake_module: 0.8.1 (/opt/ros/foxy/share/python_cmake_module/cmake)
[4.211s] -- Found PythonLibs: /usr/lib/x86_64-linux-gnu/libpython3.8.so (found suitable version "3.8.10", minimum required is "3.5") 
[4.211s] -- Using PYTHON_EXECUTABLE: /usr/bin/python3
[4.212s] -- Using PYTHON_INCLUDE_DIRS: /usr/include/python3.8
[4.212s] -- Using PYTHON_LIBRARIES: /usr/lib/x86_64-linux-gnu/libpython3.8.so
[4.293s] -- Found PythonExtra: .so  
[4.567s] -- Found ament_lint_auto: 0.9.7 (/opt/ros/foxy/share/ament_lint_auto/cmake)
[4.684s] -- Added test 'copyright' to check source files copyright and LICENSE
[4.692s] -- Added test 'lint_cmake' to check CMake code style
[4.696s] -- Added test 'xmllint' to check XML markup files
[4.717s] -- Configuring done
[4.880s] -- Generating done
[4.901s] -- Build files have been written to: /work/tello_ros_ws/src/build/tello_interface
[4.944s] Invoked command in '/work/tello_ros_ws/src/build/tello_interface' returned '0': CMAKE_PREFIX_PATH=${CMAKE_PREFIX_PATH}:/work/tello_ros_ws/install/tello_controller:/work/tello_ros_ws/install/ros2_aruco:/work/tello_ros_ws/install/pkg_g2rr:/opt/ros/foxy /usr/bin/cmake /work/tello_ros_ws/src/tello_interface -DAMENT_CMAKE_SYMLINK_INSTALL=1 -DCMAKE_INSTALL_PREFIX=/work/tello_ros_ws/src/install/tello_interface
[4.946s] Invoking command in '/work/tello_ros_ws/src/build/tello_interface': CMAKE_PREFIX_PATH=${CMAKE_PREFIX_PATH}:/work/tello_ros_ws/install/tello_controller:/work/tello_ros_ws/install/ros2_aruco:/work/tello_ros_ws/install/pkg_g2rr:/opt/ros/foxy /usr/bin/cmake --build /work/tello_ros_ws/src/build/tello_interface -- -j8 -l8
[5.238s] [35m[1mScanning dependencies of target tello_interface__cpp[0m
[5.275s] [  3%] [34m[1mGenerating C code for ROS interfaces[0m
[5.334s] [  6%] [34m[1mGenerating C++ code for ROS interfaces[0m
[7.305s] [35m[1mScanning dependencies of target tello_interface__rosidl_generator_c[0m
[7.308s] [  6%] Built target tello_interface__cpp
[7.457s] [  9%] [32mBuilding C object CMakeFiles/tello_interface__rosidl_generator_c.dir/rosidl_generator_c/tello_interface/srv/detail/tello_state__functions.c.o[0m
[7.467s] [ 12%] [34m[1mGenerating C++ introspection for ROS interfaces[0m
[7.468s] [ 16%] [34m[1mGenerating C++ type support dispatch for ROS interfaces[0m
[7.491s] [ 19%] [34m[1mGenerating C++ type support for eProsima Fast-RTPS[0m
[7.934s] [ 22%] [32m[1mLinking C shared library libtello_interface__rosidl_generator_c.so[0m
[8.284s] [ 22%] Built target tello_interface__rosidl_generator_c
[8.347s] [ 25%] [34m[1mGenerating C introspection for ROS interfaces[0m
[8.394s] [ 29%] [34m[1mGenerating C type support dispatch for ROS interfaces[0m
[9.360s] [35m[1mScanning dependencies of target tello_interface__rosidl_typesupport_fastrtps_cpp[0m
[9.470s] [35m[1mScanning dependencies of target tello_interface__rosidl_typesupport_introspection_cpp[0m
[9.505s] [ 32%] [32mBuilding CXX object CMakeFiles/tello_interface__rosidl_typesupport_fastrtps_cpp.dir/rosidl_typesupport_fastrtps_cpp/tello_interface/srv/detail/dds_fastrtps/tello_state__type_support.cpp.o[0m
[9.622s] [ 35%] [32mBuilding CXX object CMakeFiles/tello_interface__rosidl_typesupport_introspection_cpp.dir/rosidl_typesupport_introspection_cpp/tello_interface/srv/detail/tello_state__type_support.cpp.o[0m
[9.669s] [35m[1mScanning dependencies of target tello_interface__rosidl_typesupport_cpp[0m
[9.805s] [ 38%] [32mBuilding CXX object CMakeFiles/tello_interface__rosidl_typesupport_cpp.dir/rosidl_typesupport_cpp/tello_interface/srv/tello_state__type_support.cpp.o[0m
[10.044s] [35m[1mScanning dependencies of target tello_interface__rosidl_typesupport_introspection_c[0m
[10.086s] [ 41%] [32mBuilding C object CMakeFiles/tello_interface__rosidl_typesupport_introspection_c.dir/rosidl_typesupport_introspection_c/tello_interface/srv/detail/tello_state__type_support.c.o[0m
[10.175s] [35m[1mScanning dependencies of target tello_interface__rosidl_typesupport_c[0m
[10.204s] [ 45%] [32m[1mLinking C shared library libtello_interface__rosidl_typesupport_introspection_c.so[0m
[10.275s] [ 48%] [32mBuilding CXX object CMakeFiles/tello_interface__rosidl_typesupport_c.dir/rosidl_typesupport_c/tello_interface/srv/tello_state__type_support.cpp.o[0m
[10.282s] [ 48%] Built target tello_interface__rosidl_typesupport_introspection_c
[10.483s] [ 51%] [32m[1mLinking CXX shared library libtello_interface__rosidl_typesupport_c.so[0m
[10.749s] [ 51%] Built target tello_interface__rosidl_typesupport_c
[10.830s] [ 54%] [32m[1mLinking CXX shared library libtello_interface__rosidl_typesupport_introspection_cpp.so[0m
[10.853s] [ 58%] [32m[1mLinking CXX shared library libtello_interface__rosidl_typesupport_cpp.so[0m
[10.959s] [ 58%] Built target tello_interface__rosidl_typesupport_cpp
[10.987s] [ 58%] Built target tello_interface__rosidl_typesupport_introspection_cpp
[11.001s] [ 61%] [32m[1mLinking CXX shared library libtello_interface__rosidl_typesupport_fastrtps_cpp.so[0m
[11.166s] [ 61%] Built target tello_interface__rosidl_typesupport_fastrtps_cpp
[11.183s] [ 64%] [34m[1mGenerating C type support for eProsima Fast-RTPS[0m
[11.575s] [35m[1mScanning dependencies of target tello_interface__rosidl_typesupport_fastrtps_c[0m
[11.609s] [ 67%] [32mBuilding CXX object CMakeFiles/tello_interface__rosidl_typesupport_fastrtps_c.dir/rosidl_typesupport_fastrtps_c/tello_interface/srv/detail/tello_state__type_support_c.cpp.o[0m
[12.435s] [ 70%] [32m[1mLinking CXX shared library libtello_interface__rosidl_typesupport_fastrtps_c.so[0m
[12.649s] [ 70%] Built target tello_interface__rosidl_typesupport_fastrtps_c
[12.674s] [35m[1mScanning dependencies of target tello_interface[0m
[12.701s] [ 70%] Built target tello_interface
[12.726s] [35m[1mScanning dependencies of target tello_interface__py[0m
[12.754s] [ 74%] [34m[1mGenerating Python code for ROS interfaces[0m
[13.774s] [ 74%] Built target tello_interface__py
[13.791s] [35m[1mScanning dependencies of target tello_interface__python[0m
[13.824s] [ 77%] [32mBuilding C object CMakeFiles/tello_interface__python.dir/rosidl_generator_py/tello_interface/srv/_tello_state_s.c.o[0m
[13.975s] [ 80%] [32m[1mLinking C shared library rosidl_generator_py/tello_interface/libtello_interface__python.so[0m
[14.037s] [ 80%] Built target tello_interface__python
[14.054s] [35m[1mScanning dependencies of target tello_interface__rosidl_typesupport_fastrtps_c__pyext[0m
[14.058s] [35m[1mScanning dependencies of target tello_interface__rosidl_typesupport_introspection_c__pyext[0m
[14.059s] [35m[1mScanning dependencies of target tello_interface__rosidl_typesupport_c__pyext[0m
[14.091s] [ 83%] [32mBuilding C object CMakeFiles/tello_interface__rosidl_typesupport_fastrtps_c__pyext.dir/rosidl_generator_py/tello_interface/_tello_interface_s.ep.rosidl_typesupport_fastrtps_c.c.o[0m
[14.101s] [ 90%] [32mBuilding C object CMakeFiles/tello_interface__rosidl_typesupport_c__pyext.dir/rosidl_generator_py/tello_interface/_tello_interface_s.ep.rosidl_typesupport_c.c.o[0m
[14.101s] [ 90%] [32mBuilding C object CMakeFiles/tello_interface__rosidl_typesupport_introspection_c__pyext.dir/rosidl_generator_py/tello_interface/_tello_interface_s.ep.rosidl_typesupport_introspection_c.c.o[0m
[14.243s] [ 93%] [32m[1mLinking C shared library rosidl_generator_py/tello_interface/tello_interface_s__rosidl_typesupport_c.cpython-38-x86_64-linux-gnu.so[0m
[14.253s] [ 96%] [32m[1mLinking C shared library rosidl_generator_py/tello_interface/tello_interface_s__rosidl_typesupport_introspection_c.cpython-38-x86_64-linux-gnu.so[0m
[14.314s] [ 96%] Built target tello_interface__rosidl_typesupport_c__pyext
[14.329s] [ 96%] Built target tello_interface__rosidl_typesupport_introspection_c__pyext
[14.332s] [100%] [32m[1mLinking CXX shared library rosidl_generator_py/tello_interface/tello_interface_s__rosidl_typesupport_fastrtps_c.cpython-38-x86_64-linux-gnu.so[0m
[14.430s] [100%] Built target tello_interface__rosidl_typesupport_fastrtps_c__pyext
[14.448s] Invoked command in '/work/tello_ros_ws/src/build/tello_interface' returned '0': CMAKE_PREFIX_PATH=${CMAKE_PREFIX_PATH}:/work/tello_ros_ws/install/tello_controller:/work/tello_ros_ws/install/ros2_aruco:/work/tello_ros_ws/install/pkg_g2rr:/opt/ros/foxy /usr/bin/cmake --build /work/tello_ros_ws/src/build/tello_interface -- -j8 -l8
[14.529s] Invoking command in '/work/tello_ros_ws/src/build/tello_interface': CMAKE_PREFIX_PATH=${CMAKE_PREFIX_PATH}:/work/tello_ros_ws/install/tello_controller:/work/tello_ros_ws/install/ros2_aruco:/work/tello_ros_ws/install/pkg_g2rr:/opt/ros/foxy /usr/bin/cmake --install /work/tello_ros_ws/src/build/tello_interface
[14.544s] -- Install configuration: ""
[14.545s] -- Execute custom install script
[14.546s] -- Symlinking: /work/tello_ros_ws/src/install/tello_interface/share/ament_index/resource_index/rosidl_interfaces/tello_interface
[14.561s] -- Symlinking: /work/tello_ros_ws/src/install/tello_interface/include/tello_interface/msg/rosidl_generator_c__visibility_control.h
[14.576s] -- Symlinking: /work/tello_ros_ws/src/install/tello_interface/include/tello_interface/srv/detail/tello_state__functions.h
[14.593s] -- Symlinking: /work/tello_ros_ws/src/install/tello_interface/include/tello_interface/srv/detail/tello_state__struct.h
[14.614s] -- Symlinking: /work/tello_ros_ws/src/install/tello_interface/include/tello_interface/srv/detail/tello_state__type_support.h
[14.628s] -- Symlinking: /work/tello_ros_ws/src/install/tello_interface/include/tello_interface/srv/tello_state.h
[14.643s] -- Symlinking: /work/tello_ros_ws/src/install/tello_interface/share/tello_interface/environment/library_path.sh
[14.656s] -- Symlinking: /work/tello_ros_ws/src/install/tello_interface/share/tello_interface/environment/library_path.dsv
[14.671s] -- Symlinking: /work/tello_ros_ws/src/install/tello_interface/include/tello_interface/msg/rosidl_typesupport_fastrtps_c__visibility_control.h
[14.687s] -- Symlinking: /work/tello_ros_ws/src/install/tello_interface/include/tello_interface/srv/detail/tello_state__rosidl_typesupport_fastrtps_c.h
[14.705s] -- Symlinking: /work/tello_ros_ws/src/install/tello_interface/lib/libtello_interface__rosidl_typesupport_fastrtps_c.so
[14.726s] -- Symlinking: /work/tello_ros_ws/src/install/tello_interface/include/tello_interface/msg/rosidl_typesupport_fastrtps_cpp__visibility_control.h
[14.747s] -- Symlinking: /work/tello_ros_ws/src/install/tello_interface/include/tello_interface/srv/detail/tello_state__rosidl_typesupport_fastrtps_cpp.hpp
[14.769s] -- Symlinking: /work/tello_ros_ws/src/install/tello_interface/lib/libtello_interface__rosidl_typesupport_fastrtps_cpp.so
[14.791s] -- Symlinking: /work/tello_ros_ws/src/install/tello_interface/include/tello_interface/msg/rosidl_typesupport_introspection_c__visibility_control.h
[14.811s] -- Symlinking: /work/tello_ros_ws/src/install/tello_interface/include/tello_interface/srv/detail/tello_state__rosidl_typesupport_introspection_c.h
[14.834s] -- Symlinking: /work/tello_ros_ws/src/install/tello_interface/include/tello_interface/srv/detail/tello_state__builder.hpp
[14.856s] -- Symlinking: /work/tello_ros_ws/src/install/tello_interface/include/tello_interface/srv/detail/tello_state__struct.hpp
[14.867s] -- Symlinking: /work/tello_ros_ws/src/install/tello_interface/include/tello_interface/srv/detail/tello_state__traits.hpp
[14.880s] -- Symlinking: /work/tello_ros_ws/src/install/tello_interface/include/tello_interface/srv/tello_state.hpp
[14.895s] -- Symlinking: /work/tello_ros_ws/src/install/tello_interface/include/tello_interface/srv/detail/tello_state__rosidl_typesupport_introspection_cpp.hpp
[14.910s] -- Symlinking: /work/tello_ros_ws/src/install/tello_interface/share/tello_interface/environment/pythonpath.sh
[14.928s] -- Symlinking: /work/tello_ros_ws/src/install/tello_interface/share/tello_interface/environment/pythonpath.dsv
[14.950s] -- Symlinking: /work/tello_ros_ws/src/install/tello_interface/lib/python3.8/site-packages/tello_interface/__init__.py
[14.957s] -- Symlinking: /work/tello_ros_ws/src/install/tello_interface/lib/python3.8/site-packages/tello_interface/srv/__init__.py
[14.971s] -- Symlinking: /work/tello_ros_ws/src/install/tello_interface/lib/python3.8/site-packages/tello_interface/srv/_tello_state.py
[14.985s] -- Symlinking: /work/tello_ros_ws/src/install/tello_interface/lib/python3.8/site-packages/tello_interface/tello_interface_s__rosidl_typesupport_fastrtps_c.cpython-38-x86_64-linux-gnu.so
[15.000s] -- Symlinking: /work/tello_ros_ws/src/install/tello_interface/lib/python3.8/site-packages/tello_interface/tello_interface_s__rosidl_typesupport_introspection_c.cpython-38-x86_64-linux-gnu.so
[15.015s] -- Symlinking: /work/tello_ros_ws/src/install/tello_interface/lib/python3.8/site-packages/tello_interface/tello_interface_s__rosidl_typesupport_c.cpython-38-x86_64-linux-gnu.so
[15.029s] -- Symlinking: /work/tello_ros_ws/src/install/tello_interface/lib/libtello_interface__python.so
[15.043s] -- Symlinking: /work/tello_ros_ws/src/install/tello_interface/share/tello_interface/srv/TelloState.idl
[15.057s] -- Symlinking: /work/tello_ros_ws/src/install/tello_interface/share/tello_interface/srv/TelloState.srv
[15.071s] -- Symlinking: /work/tello_ros_ws/src/install/tello_interface/share/tello_interface/srv/TelloState_Request.msg
[15.087s] -- Symlinking: /work/tello_ros_ws/src/install/tello_interface/share/tello_interface/srv/TelloState_Response.msg
[15.103s] -- Symlinking: /work/tello_ros_ws/src/install/tello_interface/share/ament_index/resource_index/package_run_dependencies/tello_interface
[15.118s] -- Symlinking: /work/tello_ros_ws/src/install/tello_interface/share/ament_index/resource_index/parent_prefix_path/tello_interface
[15.132s] -- Symlinking: /work/tello_ros_ws/src/install/tello_interface/share/tello_interface/environment/ament_prefix_path.sh
[15.146s] -- Symlinking: /work/tello_ros_ws/src/install/tello_interface/share/tello_interface/environment/ament_prefix_path.dsv
[15.160s] -- Symlinking: /work/tello_ros_ws/src/install/tello_interface/share/tello_interface/environment/path.sh
[15.174s] -- Symlinking: /work/tello_ros_ws/src/install/tello_interface/share/tello_interface/environment/path.dsv
[15.188s] -- Symlinking: /work/tello_ros_ws/src/install/tello_interface/share/tello_interface/local_setup.bash
[15.202s] -- Symlinking: /work/tello_ros_ws/src/install/tello_interface/share/tello_interface/local_setup.sh
[15.217s] -- Symlinking: /work/tello_ros_ws/src/install/tello_interface/share/tello_interface/local_setup.zsh
[15.232s] -- Symlinking: /work/tello_ros_ws/src/install/tello_interface/share/tello_interface/local_setup.dsv
[15.246s] -- Symlinking: /work/tello_ros_ws/src/install/tello_interface/share/tello_interface/package.dsv
[15.259s] -- Symlinking: /work/tello_ros_ws/src/install/tello_interface/share/ament_index/resource_index/packages/tello_interface
[15.274s] -- Symlinking: /work/tello_ros_ws/src/install/tello_interface/share/tello_interface/cmake/rosidl_cmake-extras.cmake
[15.290s] -- Symlinking: /work/tello_ros_ws/src/install/tello_interface/share/tello_interface/cmake/ament_cmake_export_dependencies-extras.cmake
[15.304s] -- Symlinking: /work/tello_ros_ws/src/install/tello_interface/share/tello_interface/cmake/ament_cmake_export_libraries-extras.cmake
[15.319s] -- Symlinking: /work/tello_ros_ws/src/install/tello_interface/share/tello_interface/cmake/ament_cmake_export_targets-extras.cmake
[15.333s] -- Symlinking: /work/tello_ros_ws/src/install/tello_interface/share/tello_interface/cmake/ament_cmake_export_include_directories-extras.cmake
[15.348s] -- Symlinking: /work/tello_ros_ws/src/install/tello_interface/share/tello_interface/cmake/rosidl_cmake_export_typesupport_libraries-extras.cmake
[15.362s] -- Symlinking: /work/tello_ros_ws/src/install/tello_interface/share/tello_interface/cmake/rosidl_cmake_export_typesupport_targets-extras.cmake
[15.376s] -- Symlinking: /work/tello_ros_ws/src/install/tello_interface/share/tello_interface/cmake/tello_interfaceConfig.cmake
[15.390s] -- Symlinking: /work/tello_ros_ws/src/install/tello_interface/share/tello_interface/cmake/tello_interfaceConfig-version.cmake
[15.402s] -- Symlinking: /work/tello_ros_ws/src/install/tello_interface/share/tello_interface/package.xml
[15.416s] -- Installing: /work/tello_ros_ws/src/install/tello_interface/lib/libtello_interface__rosidl_generator_c.so
[15.416s] -- Set runtime path of "/work/tello_ros_ws/src/install/tello_interface/lib/libtello_interface__rosidl_generator_c.so" to ""
[15.416s] -- Installing: /work/tello_ros_ws/src/install/tello_interface/lib/libtello_interface__rosidl_typesupport_introspection_c.so
[15.417s] -- Set runtime path of "/work/tello_ros_ws/src/install/tello_interface/lib/libtello_interface__rosidl_typesupport_introspection_c.so" to ""
[15.418s] -- Installing: /work/tello_ros_ws/src/install/tello_interface/lib/libtello_interface__rosidl_typesupport_c.so
[15.418s] -- Set runtime path of "/work/tello_ros_ws/src/install/tello_interface/lib/libtello_interface__rosidl_typesupport_c.so" to ""
[15.419s] -- Installing: /work/tello_ros_ws/src/install/tello_interface/lib/libtello_interface__rosidl_typesupport_introspection_cpp.so
[15.420s] -- Set runtime path of "/work/tello_ros_ws/src/install/tello_interface/lib/libtello_interface__rosidl_typesupport_introspection_cpp.so" to ""
[15.423s] -- Installing: /work/tello_ros_ws/src/install/tello_interface/lib/libtello_interface__rosidl_typesupport_cpp.so
[15.424s] -- Set runtime path of "/work/tello_ros_ws/src/install/tello_interface/lib/libtello_interface__rosidl_typesupport_cpp.so" to ""
[15.477s] Compiling '/work/tello_ros_ws/src/install/tello_interface/lib/python3.8/site-packages/tello_interface/__init__.py'...
[15.483s] -- Installing: /work/tello_ros_ws/src/install/tello_interface/share/tello_interface/cmake/tello_interface__rosidl_generator_cExport.cmake
[15.483s] -- Installing: /work/tello_ros_ws/src/install/tello_interface/share/tello_interface/cmake/tello_interface__rosidl_generator_cExport-noconfig.cmake
[15.483s] -- Installing: /work/tello_ros_ws/src/install/tello_interface/share/tello_interface/cmake/tello_interface__rosidl_typesupport_introspection_cExport.cmake
[15.484s] -- Installing: /work/tello_ros_ws/src/install/tello_interface/share/tello_interface/cmake/tello_interface__rosidl_typesupport_introspection_cExport-noconfig.cmake
[15.484s] -- Installing: /work/tello_ros_ws/src/install/tello_interface/share/tello_interface/cmake/tello_interface__rosidl_typesupport_cExport.cmake
[15.484s] -- Installing: /work/tello_ros_ws/src/install/tello_interface/share/tello_interface/cmake/tello_interface__rosidl_typesupport_cExport-noconfig.cmake
[15.485s] -- Installing: /work/tello_ros_ws/src/install/tello_interface/share/tello_interface/cmake/tello_interface__rosidl_generator_cppExport.cmake
[15.485s] -- Installing: /work/tello_ros_ws/src/install/tello_interface/share/tello_interface/cmake/tello_interface__rosidl_typesupport_introspection_cppExport.cmake
[15.485s] -- Installing: /work/tello_ros_ws/src/install/tello_interface/share/tello_interface/cmake/tello_interface__rosidl_typesupport_introspection_cppExport-noconfig.cmake
[15.486s] -- Installing: /work/tello_ros_ws/src/install/tello_interface/share/tello_interface/cmake/tello_interface__rosidl_typesupport_cppExport.cmake
[15.486s] -- Installing: /work/tello_ros_ws/src/install/tello_interface/share/tello_interface/cmake/tello_interface__rosidl_typesupport_cppExport-noconfig.cmake
[15.496s] Invoked command in '/work/tello_ros_ws/src/build/tello_interface' returned '0': CMAKE_PREFIX_PATH=${CMAKE_PREFIX_PATH}:/work/tello_ros_ws/install/tello_controller:/work/tello_ros_ws/install/ros2_aruco:/work/tello_ros_ws/install/pkg_g2rr:/opt/ros/foxy /usr/bin/cmake --install /work/tello_ros_ws/src/build/tello_interface
