[0.034s] Invoking command in '/work/tello_ros_ws/src/build/tello_driver': AMENT_PREFIX_PATH=/work/tello_ros_ws/src/install/tello_msgs:/work/tello_ros_ws/src/install/ros2_shared:${AMENT_PREFIX_PATH} CMAKE_PREFIX_PATH=/work/tello_ros_ws/src/install/tello_msgs:/work/tello_ros_ws/src/install/ros2_shared:/work/tello_ros_ws/install/tello_gazebo:/work/tello_ros_ws/install/tello_driver:/work/tello_ros_ws/install/tello_msgs:/work/tello_ros_ws/install/tello_interface:/work/tello_ros_ws/install/tello_description:/work/tello_ros_ws/install/fiducial_vlam:/work/tello_ros_ws/install/ros2_shared:/work/tello_ros_ws/install/ros2_aruco_interfaces:/work/tello_ros_ws/install/fiducial_vlam_msgs:/work/tello_ros_ws/install/tello_controller:/work/tello_ros_ws/install/ros2_aruco:/work/tello_ros_ws/install/pkg_g2rr:/opt/ros/foxy LD_LIBRARY_PATH=/work/tello_ros_ws/src/install/tello_msgs/lib:${LD_LIBRARY_PATH} PYTHONPATH=/work/tello_ros_ws/src/install/tello_msgs/lib/python3.8/site-packages:${PYTHONPATH} /usr/bin/cmake /work/tello_ros_ws/src/tello_ros/tello_driver -DAMENT_CMAKE_SYMLINK_INSTALL=1 -DCMAKE_INSTALL_PREFIX=/work/tello_ros_ws/src/install/tello_driver
[0.115s] -- The C compiler identification is GNU 9.4.0
[0.196s] -- The CXX compiler identification is GNU 9.4.0
[0.205s] -- Check for working C compiler: /usr/bin/cc
[0.307s] -- Check for working C compiler: /usr/bin/cc -- works
[0.308s] -- Detecting C compiler ABI info
[0.412s] -- Detecting C compiler ABI info - done
[0.432s] -- Detecting C compile features
[0.432s] -- Detecting C compile features - done
[0.437s] -- Check for working CXX compiler: /usr/bin/c++
[0.552s] -- Check for working CXX compiler: /usr/bin/c++ -- works
[0.555s] -- Detecting CXX compiler ABI info
[0.672s] -- Detecting CXX compiler ABI info - done
[0.692s] -- Detecting CXX compile features
[0.692s] -- Detecting CXX compile features - done
[0.700s] -- Found ament_cmake: 0.9.11 (/opt/ros/foxy/share/ament_cmake/cmake)
[0.760s] -- Found PythonInterp: /usr/bin/python3 (found suitable version "3.8.10", minimum required is "3") 
[0.760s] -- Using PYTHON_EXECUTABLE: /usr/bin/python3
[1.061s] -- Override CMake install command with custom implementation using symlinks instead of copying resources
[1.142s] -- Found camera_calibration_parsers: 2.4.0 (/opt/ros/foxy/share/camera_calibration_parsers/cmake)
[1.269s] -- Using all available rosidl_typesupport_c: rosidl_typesupport_fastrtps_c;rosidl_typesupport_introspection_c
[1.290s] -- Found rosidl_adapter: 1.3.0 (/opt/ros/foxy/share/rosidl_adapter/cmake)
[1.443s] -- Found OpenSSL: /usr/lib/x86_64-linux-gnu/libcrypto.so (found version "1.1.1f")  
[1.503s] -- Found FastRTPS: /opt/ros/foxy/include  
[1.700s] -- Using all available rosidl_typesupport_cpp: rosidl_typesupport_fastrtps_cpp;rosidl_typesupport_introspection_cpp
[1.828s] -- Found rmw_implementation_cmake: 1.0.3 (/opt/ros/foxy/share/rmw_implementation_cmake/cmake)
[1.831s] -- Using RMW implementation 'rmw_fastrtps_cpp' as default
[1.833s] -- Looking for pthread.h
[1.941s] -- Looking for pthread.h - found
[1.942s] -- Performing Test CMAKE_HAVE_LIBC_PTHREAD
[2.051s] -- Performing Test CMAKE_HAVE_LIBC_PTHREAD - Failed
[2.052s] -- Looking for pthread_create in pthreads
[2.147s] -- Looking for pthread_create in pthreads - not found
[2.147s] -- Looking for pthread_create in pthread
[2.250s] -- Looking for pthread_create in pthread - found
[2.252s] -- Found Threads: TRUE  
[2.813s] -- Setting yaml-cpp_DIR to: '/opt/ros/foxy/share/yaml_cpp_vendor/cmake/../../../opt/yaml_cpp_vendor/lib/cmake/yaml-cpp'
[2.825s] -- Found class_loader: 2.0.3 (/opt/ros/foxy/share/class_loader/cmake)
[2.841s] -- Found cv_bridge: 3.0.6 (/opt/ros/foxy/share/cv_bridge/cmake)
[2.904s] -- Found OpenCV: /usr (found version "4.2.0") 
[2.910s] -- Found rclcpp_components: 2.4.2 (/opt/ros/foxy/share/rclcpp_components/cmake)
[3.015s] -- Found ros2_shared: 0.1.0 (/work/tello_ros_ws/src/install/ros2_shared/share/ros2_shared/cmake)
[3.019s] -- Found tello_msgs: 0.1.0 (/work/tello_ros_ws/src/install/tello_msgs/share/tello_msgs/cmake)
[3.385s] -- Configuring done
[3.499s] -- Generating done
[3.502s] -- Build files have been written to: /work/tello_ros_ws/src/build/tello_driver
[3.514s] Invoked command in '/work/tello_ros_ws/src/build/tello_driver' returned '0': AMENT_PREFIX_PATH=/work/tello_ros_ws/src/install/tello_msgs:/work/tello_ros_ws/src/install/ros2_shared:${AMENT_PREFIX_PATH} CMAKE_PREFIX_PATH=/work/tello_ros_ws/src/install/tello_msgs:/work/tello_ros_ws/src/install/ros2_shared:/work/tello_ros_ws/install/tello_gazebo:/work/tello_ros_ws/install/tello_driver:/work/tello_ros_ws/install/tello_msgs:/work/tello_ros_ws/install/tello_interface:/work/tello_ros_ws/install/tello_description:/work/tello_ros_ws/install/fiducial_vlam:/work/tello_ros_ws/install/ros2_shared:/work/tello_ros_ws/install/ros2_aruco_interfaces:/work/tello_ros_ws/install/fiducial_vlam_msgs:/work/tello_ros_ws/install/tello_controller:/work/tello_ros_ws/install/ros2_aruco:/work/tello_ros_ws/install/pkg_g2rr:/opt/ros/foxy LD_LIBRARY_PATH=/work/tello_ros_ws/src/install/tello_msgs/lib:${LD_LIBRARY_PATH} PYTHONPATH=/work/tello_ros_ws/src/install/tello_msgs/lib/python3.8/site-packages:${PYTHONPATH} /usr/bin/cmake /work/tello_ros_ws/src/tello_ros/tello_driver -DAMENT_CMAKE_SYMLINK_INSTALL=1 -DCMAKE_INSTALL_PREFIX=/work/tello_ros_ws/src/install/tello_driver
[3.518s] Invoking command in '/work/tello_ros_ws/src/build/tello_driver': AMENT_PREFIX_PATH=/work/tello_ros_ws/src/install/tello_msgs:/work/tello_ros_ws/src/install/ros2_shared:${AMENT_PREFIX_PATH} CMAKE_PREFIX_PATH=/work/tello_ros_ws/src/install/tello_msgs:/work/tello_ros_ws/src/install/ros2_shared:/work/tello_ros_ws/install/tello_gazebo:/work/tello_ros_ws/install/tello_driver:/work/tello_ros_ws/install/tello_msgs:/work/tello_ros_ws/install/tello_interface:/work/tello_ros_ws/install/tello_description:/work/tello_ros_ws/install/fiducial_vlam:/work/tello_ros_ws/install/ros2_shared:/work/tello_ros_ws/install/ros2_aruco_interfaces:/work/tello_ros_ws/install/fiducial_vlam_msgs:/work/tello_ros_ws/install/tello_controller:/work/tello_ros_ws/install/ros2_aruco:/work/tello_ros_ws/install/pkg_g2rr:/opt/ros/foxy LD_LIBRARY_PATH=/work/tello_ros_ws/src/install/tello_msgs/lib:${LD_LIBRARY_PATH} PYTHONPATH=/work/tello_ros_ws/src/install/tello_msgs/lib/python3.8/site-packages:${PYTHONPATH} /usr/bin/cmake --build /work/tello_ros_ws/src/build/tello_driver -- -j8 -l8
[3.596s] [35m[1mScanning dependencies of target tello_joy_main[0m
[3.599s] [35m[1mScanning dependencies of target tello_driver_node[0m
[3.610s] [35m[1mScanning dependencies of target tello_driver_main[0m
[3.624s] [35m[1mScanning dependencies of target tello_emulator[0m
[3.628s] [35m[1mScanning dependencies of target tello_joy_node[0m
[3.711s] [  4%] [32mBuilding CXX object CMakeFiles/tello_emulator.dir/src/tello_emulator.cpp.o[0m
[3.833s] [  9%] [32mBuilding CXX object CMakeFiles/tello_joy_main.dir/src/tello_joy_node.cpp.o[0m
[3.835s] [ 13%] [32mBuilding CXX object CMakeFiles/tello_joy_main.dir/src/tello_joy_main.cpp.o[0m
[3.856s] [ 18%] [32mBuilding CXX object CMakeFiles/tello_joy_node.dir/src/tello_joy_node.cpp.o[0m
[4.080s] [ 22%] [32mBuilding CXX object CMakeFiles/tello_driver_main.dir/src/tello_driver_main.cpp.o[0m
[4.082s] [ 27%] [32mBuilding CXX object CMakeFiles/tello_driver_main.dir/src/tello_driver_node.cpp.o[0m
[4.094s] [ 31%] [32mBuilding CXX object CMakeFiles/tello_driver_node.dir/src/tello_socket.cpp.o[0m
[4.109s] [ 36%] [32mBuilding CXX object CMakeFiles/tello_driver_node.dir/src/tello_driver_node.cpp.o[0m
[11.919s] [ 40%] [32m[1mLinking CXX executable tello_emulator[0m
[12.573s] [ 40%] Built target tello_emulator
[12.671s] [ 45%] [32mBuilding CXX object CMakeFiles/tello_driver_node.dir/src/command_socket.cpp.o[0m
[15.335s] [ 50%] [32mBuilding CXX object CMakeFiles/tello_driver_node.dir/src/state_socket.cpp.o[0m
[22.724s] [ 54%] [32mBuilding CXX object CMakeFiles/tello_driver_main.dir/src/tello_socket.cpp.o[0m
[24.640s] [ 59%] [32mBuilding CXX object CMakeFiles/tello_driver_node.dir/src/video_socket.cpp.o[0m
[39.410s] [ 63%] [32m[1mLinking CXX shared library libtello_joy_node.so[0m
[41.392s] [ 63%] Built target tello_joy_node
[43.691s] [ 68%] [32m[1mLinking CXX executable tello_joy_main[0m
[45.513s] [ 68%] Built target tello_joy_main
[50.111s] [ 72%] [32mBuilding CXX object CMakeFiles/tello_driver_node.dir/h264decoder/h264decoder.cpp.o[0m
[50.945s] [ 77%] [32m[1mLinking CXX shared library libtello_driver_node.so[0m
[52.515s] [ 81%] [32mBuilding CXX object CMakeFiles/tello_driver_main.dir/h264decoder/h264decoder.cpp.o[0m
[53.216s] [ 86%] [32mBuilding CXX object CMakeFiles/tello_driver_main.dir/src/video_socket.cpp.o[0m
[53.414s] [ 86%] Built target tello_driver_node
[62.683s] [ 90%] [32mBuilding CXX object CMakeFiles/tello_driver_main.dir/src/state_socket.cpp.o[0m
[73.150s] [ 95%] [32mBuilding CXX object CMakeFiles/tello_driver_main.dir/src/command_socket.cpp.o[0m
[78.427s] [100%] [32m[1mLinking CXX executable tello_driver_main[0m
[79.836s] [100%] Built target tello_driver_main
[79.900s] Invoked command in '/work/tello_ros_ws/src/build/tello_driver' returned '0': AMENT_PREFIX_PATH=/work/tello_ros_ws/src/install/tello_msgs:/work/tello_ros_ws/src/install/ros2_shared:${AMENT_PREFIX_PATH} CMAKE_PREFIX_PATH=/work/tello_ros_ws/src/install/tello_msgs:/work/tello_ros_ws/src/install/ros2_shared:/work/tello_ros_ws/install/tello_gazebo:/work/tello_ros_ws/install/tello_driver:/work/tello_ros_ws/install/tello_msgs:/work/tello_ros_ws/install/tello_interface:/work/tello_ros_ws/install/tello_description:/work/tello_ros_ws/install/fiducial_vlam:/work/tello_ros_ws/install/ros2_shared:/work/tello_ros_ws/install/ros2_aruco_interfaces:/work/tello_ros_ws/install/fiducial_vlam_msgs:/work/tello_ros_ws/install/tello_controller:/work/tello_ros_ws/install/ros2_aruco:/work/tello_ros_ws/install/pkg_g2rr:/opt/ros/foxy LD_LIBRARY_PATH=/work/tello_ros_ws/src/install/tello_msgs/lib:${LD_LIBRARY_PATH} PYTHONPATH=/work/tello_ros_ws/src/install/tello_msgs/lib/python3.8/site-packages:${PYTHONPATH} /usr/bin/cmake --build /work/tello_ros_ws/src/build/tello_driver -- -j8 -l8
[79.976s] Invoking command in '/work/tello_ros_ws/src/build/tello_driver': AMENT_PREFIX_PATH=/work/tello_ros_ws/src/install/tello_msgs:/work/tello_ros_ws/src/install/ros2_shared:${AMENT_PREFIX_PATH} CMAKE_PREFIX_PATH=/work/tello_ros_ws/src/install/tello_msgs:/work/tello_ros_ws/src/install/ros2_shared:/work/tello_ros_ws/install/tello_gazebo:/work/tello_ros_ws/install/tello_driver:/work/tello_ros_ws/install/tello_msgs:/work/tello_ros_ws/install/tello_interface:/work/tello_ros_ws/install/tello_description:/work/tello_ros_ws/install/fiducial_vlam:/work/tello_ros_ws/install/ros2_shared:/work/tello_ros_ws/install/ros2_aruco_interfaces:/work/tello_ros_ws/install/fiducial_vlam_msgs:/work/tello_ros_ws/install/tello_controller:/work/tello_ros_ws/install/ros2_aruco:/work/tello_ros_ws/install/pkg_g2rr:/opt/ros/foxy LD_LIBRARY_PATH=/work/tello_ros_ws/src/install/tello_msgs/lib:${LD_LIBRARY_PATH} PYTHONPATH=/work/tello_ros_ws/src/install/tello_msgs/lib/python3.8/site-packages:${PYTHONPATH} /usr/bin/cmake --install /work/tello_ros_ws/src/build/tello_driver
[79.992s] -- Install configuration: ""
[79.992s] -- Execute custom install script
[79.993s] -- Symlinking: /work/tello_ros_ws/src/install/tello_driver/share/tello_driver/environment/library_path.sh
[80.009s] -- Symlinking: /work/tello_ros_ws/src/install/tello_driver/share/tello_driver/environment/library_path.dsv
[80.027s] -- Symlinking: /work/tello_ros_ws/src/install/tello_driver/lib/libtello_driver_node.so
[80.043s] -- Symlinking: /work/tello_ros_ws/src/install/tello_driver/lib/libtello_joy_node.so
[80.059s] -- Symlinking: /work/tello_ros_ws/src/install/tello_driver/lib/tello_driver/tello_driver_main
[80.074s] -- Symlinking: /work/tello_ros_ws/src/install/tello_driver/lib/tello_driver/tello_joy_main
[80.091s] -- Symlinking: /work/tello_ros_ws/src/install/tello_driver/lib/tello_driver/tello_emulator
[80.107s] -- Symlinking: /work/tello_ros_ws/src/install/tello_driver/share/tello_driver/cfg/camera_info.yaml
[80.126s] -- Symlinking: /work/tello_ros_ws/src/install/tello_driver/share/tello_driver/launch/emulator_launch.py
[80.140s] -- Symlinking: /work/tello_ros_ws/src/install/tello_driver/share/tello_driver/launch/emulators_launch.py
[80.155s] -- Symlinking: /work/tello_ros_ws/src/install/tello_driver/share/tello_driver/launch/teleop_launch.py
[80.171s] -- Symlinking: /work/tello_ros_ws/src/install/tello_driver/share/ament_index/resource_index/package_run_dependencies/tello_driver
[80.193s] -- Symlinking: /work/tello_ros_ws/src/install/tello_driver/share/ament_index/resource_index/parent_prefix_path/tello_driver
[80.210s] -- Symlinking: /work/tello_ros_ws/src/install/tello_driver/share/tello_driver/environment/ament_prefix_path.sh
[80.228s] -- Symlinking: /work/tello_ros_ws/src/install/tello_driver/share/tello_driver/environment/ament_prefix_path.dsv
[80.246s] -- Symlinking: /work/tello_ros_ws/src/install/tello_driver/share/tello_driver/environment/path.sh
[80.264s] -- Symlinking: /work/tello_ros_ws/src/install/tello_driver/share/tello_driver/environment/path.dsv
[80.281s] -- Symlinking: /work/tello_ros_ws/src/install/tello_driver/share/tello_driver/local_setup.bash
[80.301s] -- Symlinking: /work/tello_ros_ws/src/install/tello_driver/share/tello_driver/local_setup.sh
[80.321s] -- Symlinking: /work/tello_ros_ws/src/install/tello_driver/share/tello_driver/local_setup.zsh
[80.336s] -- Symlinking: /work/tello_ros_ws/src/install/tello_driver/share/tello_driver/local_setup.dsv
[80.353s] -- Symlinking: /work/tello_ros_ws/src/install/tello_driver/share/tello_driver/package.dsv
[80.370s] -- Symlinking: /work/tello_ros_ws/src/install/tello_driver/share/ament_index/resource_index/packages/tello_driver
[80.392s] -- Symlinking: /work/tello_ros_ws/src/install/tello_driver/share/ament_index/resource_index/rclcpp_components/tello_driver
[80.410s] -- Symlinking: /work/tello_ros_ws/src/install/tello_driver/share/tello_driver/cmake/tello_driverConfig.cmake
[80.428s] -- Symlinking: /work/tello_ros_ws/src/install/tello_driver/share/tello_driver/cmake/tello_driverConfig-version.cmake
[80.446s] -- Symlinking: /work/tello_ros_ws/src/install/tello_driver/share/tello_driver/package.xml
[80.469s] Invoked command in '/work/tello_ros_ws/src/build/tello_driver' returned '0': AMENT_PREFIX_PATH=/work/tello_ros_ws/src/install/tello_msgs:/work/tello_ros_ws/src/install/ros2_shared:${AMENT_PREFIX_PATH} CMAKE_PREFIX_PATH=/work/tello_ros_ws/src/install/tello_msgs:/work/tello_ros_ws/src/install/ros2_shared:/work/tello_ros_ws/install/tello_gazebo:/work/tello_ros_ws/install/tello_driver:/work/tello_ros_ws/install/tello_msgs:/work/tello_ros_ws/install/tello_interface:/work/tello_ros_ws/install/tello_description:/work/tello_ros_ws/install/fiducial_vlam:/work/tello_ros_ws/install/ros2_shared:/work/tello_ros_ws/install/ros2_aruco_interfaces:/work/tello_ros_ws/install/fiducial_vlam_msgs:/work/tello_ros_ws/install/tello_controller:/work/tello_ros_ws/install/ros2_aruco:/work/tello_ros_ws/install/pkg_g2rr:/opt/ros/foxy LD_LIBRARY_PATH=/work/tello_ros_ws/src/install/tello_msgs/lib:${LD_LIBRARY_PATH} PYTHONPATH=/work/tello_ros_ws/src/install/tello_msgs/lib/python3.8/site-packages:${PYTHONPATH} /usr/bin/cmake --install /work/tello_ros_ws/src/build/tello_driver
