[0.022s] Invoking command in '/work/tello_ros_ws/src/build/fiducial_vlam': AMENT_PREFIX_PATH=/work/tello_ros_ws/src/install/ros2_shared:/work/tello_ros_ws/src/install/fiducial_vlam_msgs:${AMENT_PREFIX_PATH} CMAKE_PREFIX_PATH=/work/tello_ros_ws/src/install/ros2_shared:/work/tello_ros_ws/src/install/fiducial_vlam_msgs:/work/tello_ros_ws/install/tello_gazebo:/work/tello_ros_ws/install/tello_driver:/work/tello_ros_ws/install/tello_msgs:/work/tello_ros_ws/install/tello_interface:/work/tello_ros_ws/install/tello_description:/work/tello_ros_ws/install/fiducial_vlam:/work/tello_ros_ws/install/ros2_shared:/work/tello_ros_ws/install/ros2_aruco_interfaces:/work/tello_ros_ws/install/fiducial_vlam_msgs:/work/tello_ros_ws/install/tello_controller:/work/tello_ros_ws/install/ros2_aruco:/work/tello_ros_ws/install/pkg_g2rr:/opt/ros/foxy LD_LIBRARY_PATH=/work/tello_ros_ws/src/install/fiducial_vlam_msgs/lib:${LD_LIBRARY_PATH} PYTHONPATH=/work/tello_ros_ws/src/install/fiducial_vlam_msgs/lib/python3.8/site-packages:${PYTHONPATH} /usr/bin/cmake /work/tello_ros_ws/src/fiducial_vlam/fiducial_vlam -DAMENT_CMAKE_SYMLINK_INSTALL=1 -DCMAKE_INSTALL_PREFIX=/work/tello_ros_ws/src/install/fiducial_vlam
[0.102s] -- The C compiler identification is GNU 9.4.0
[0.181s] -- The CXX compiler identification is GNU 9.4.0
[0.189s] -- Check for working C compiler: /usr/bin/cc
[0.287s] -- Check for working C compiler: /usr/bin/cc -- works
[0.288s] -- Detecting C compiler ABI info
[0.394s] -- Detecting C compiler ABI info - done
[0.414s] -- Detecting C compile features
[0.414s] -- Detecting C compile features - done
[0.418s] -- Check for working CXX compiler: /usr/bin/c++
[0.531s] -- Check for working CXX compiler: /usr/bin/c++ -- works
[0.532s] -- Detecting CXX compiler ABI info
[0.644s] -- Detecting CXX compiler ABI info - done
[0.665s] -- Detecting CXX compile features
[0.666s] -- Detecting CXX compile features - done
[0.694s] -- Found OpenCV version 4.2.0
[0.700s] -- Found ament_cmake: 0.9.11 (/opt/ros/foxy/share/ament_cmake/cmake)
[0.760s] -- Found PythonInterp: /usr/bin/python3 (found suitable version "3.8.10", minimum required is "3") 
[0.760s] -- Using PYTHON_EXECUTABLE: /usr/bin/python3
[1.075s] -- Override CMake install command with custom implementation using symlinks instead of copying resources
[1.168s] -- Found class_loader: 2.0.3 (/opt/ros/foxy/share/class_loader/cmake)
[1.223s] -- Found cv_bridge: 3.0.6 (/opt/ros/foxy/share/cv_bridge/cmake)
[1.286s] -- Using all available rosidl_typesupport_c: rosidl_typesupport_fastrtps_c;rosidl_typesupport_introspection_c
[1.309s] -- Found rosidl_adapter: 1.3.0 (/opt/ros/foxy/share/rosidl_adapter/cmake)
[1.476s] -- Found OpenSSL: /usr/lib/x86_64-linux-gnu/libcrypto.so (found version "1.1.1f")  
[1.538s] -- Found FastRTPS: /opt/ros/foxy/include  
[1.699s] -- Using all available rosidl_typesupport_cpp: rosidl_typesupport_fastrtps_cpp;rosidl_typesupport_introspection_cpp
[2.046s] -- Found fiducial_vlam_msgs: 0.1.0 (/work/tello_ros_ws/src/install/fiducial_vlam_msgs/share/fiducial_vlam_msgs/cmake)
[2.264s] -- Found nav_msgs: 2.0.5 (/opt/ros/foxy/share/nav_msgs/cmake)
[2.401s] -- Found OpenCV: /usr (found version "4.2.0") 
[2.407s] -- Found rclcpp: 2.4.2 (/opt/ros/foxy/share/rclcpp/cmake)
[2.509s] -- Found rmw_implementation_cmake: 1.0.3 (/opt/ros/foxy/share/rmw_implementation_cmake/cmake)
[2.513s] -- Using RMW implementation 'rmw_fastrtps_cpp' as default
[2.515s] -- Looking for pthread.h
[2.627s] -- Looking for pthread.h - found
[2.628s] -- Performing Test CMAKE_HAVE_LIBC_PTHREAD
[2.735s] -- Performing Test CMAKE_HAVE_LIBC_PTHREAD - Failed
[2.736s] -- Looking for pthread_create in pthreads
[2.829s] -- Looking for pthread_create in pthreads - not found
[2.829s] -- Looking for pthread_create in pthread
[2.934s] -- Looking for pthread_create in pthread - found
[2.936s] -- Found Threads: TRUE  
[3.224s] -- Found rclcpp_components: 2.4.2 (/opt/ros/foxy/share/rclcpp_components/cmake)
[3.326s] -- Found ros2_shared: 0.1.0 (/work/tello_ros_ws/src/install/ros2_shared/share/ros2_shared/cmake)
[3.335s] -- Found tf2_msgs: 0.13.13 (/opt/ros/foxy/share/tf2_msgs/cmake)
[3.677s] -- Found visualization_msgs: 2.0.5 (/opt/ros/foxy/share/visualization_msgs/cmake)
[3.810s] -- Found yaml_cpp_vendor: 7.0.3 (/opt/ros/foxy/share/yaml_cpp_vendor/cmake)
[3.811s] -- Setting yaml-cpp_DIR to: '/opt/ros/foxy/share/yaml_cpp_vendor/cmake/../../../opt/yaml_cpp_vendor/lib/cmake/yaml-cpp'
[4.023s] -- Configuring done
[4.160s] -- Generating done
[4.164s] -- Build files have been written to: /work/tello_ros_ws/src/build/fiducial_vlam
[4.176s] Invoked command in '/work/tello_ros_ws/src/build/fiducial_vlam' returned '0': AMENT_PREFIX_PATH=/work/tello_ros_ws/src/install/ros2_shared:/work/tello_ros_ws/src/install/fiducial_vlam_msgs:${AMENT_PREFIX_PATH} CMAKE_PREFIX_PATH=/work/tello_ros_ws/src/install/ros2_shared:/work/tello_ros_ws/src/install/fiducial_vlam_msgs:/work/tello_ros_ws/install/tello_gazebo:/work/tello_ros_ws/install/tello_driver:/work/tello_ros_ws/install/tello_msgs:/work/tello_ros_ws/install/tello_interface:/work/tello_ros_ws/install/tello_description:/work/tello_ros_ws/install/fiducial_vlam:/work/tello_ros_ws/install/ros2_shared:/work/tello_ros_ws/install/ros2_aruco_interfaces:/work/tello_ros_ws/install/fiducial_vlam_msgs:/work/tello_ros_ws/install/tello_controller:/work/tello_ros_ws/install/ros2_aruco:/work/tello_ros_ws/install/pkg_g2rr:/opt/ros/foxy LD_LIBRARY_PATH=/work/tello_ros_ws/src/install/fiducial_vlam_msgs/lib:${LD_LIBRARY_PATH} PYTHONPATH=/work/tello_ros_ws/src/install/fiducial_vlam_msgs/lib/python3.8/site-packages:${PYTHONPATH} /usr/bin/cmake /work/tello_ros_ws/src/fiducial_vlam/fiducial_vlam -DAMENT_CMAKE_SYMLINK_INSTALL=1 -DCMAKE_INSTALL_PREFIX=/work/tello_ros_ws/src/install/fiducial_vlam
[4.180s] Invoking command in '/work/tello_ros_ws/src/build/fiducial_vlam': AMENT_PREFIX_PATH=/work/tello_ros_ws/src/install/ros2_shared:/work/tello_ros_ws/src/install/fiducial_vlam_msgs:${AMENT_PREFIX_PATH} CMAKE_PREFIX_PATH=/work/tello_ros_ws/src/install/ros2_shared:/work/tello_ros_ws/src/install/fiducial_vlam_msgs:/work/tello_ros_ws/install/tello_gazebo:/work/tello_ros_ws/install/tello_driver:/work/tello_ros_ws/install/tello_msgs:/work/tello_ros_ws/install/tello_interface:/work/tello_ros_ws/install/tello_description:/work/tello_ros_ws/install/fiducial_vlam:/work/tello_ros_ws/install/ros2_shared:/work/tello_ros_ws/install/ros2_aruco_interfaces:/work/tello_ros_ws/install/fiducial_vlam_msgs:/work/tello_ros_ws/install/tello_controller:/work/tello_ros_ws/install/ros2_aruco:/work/tello_ros_ws/install/pkg_g2rr:/opt/ros/foxy LD_LIBRARY_PATH=/work/tello_ros_ws/src/install/fiducial_vlam_msgs/lib:${LD_LIBRARY_PATH} PYTHONPATH=/work/tello_ros_ws/src/install/fiducial_vlam_msgs/lib/python3.8/site-packages:${PYTHONPATH} /usr/bin/cmake --build /work/tello_ros_ws/src/build/fiducial_vlam -- -j8 -l8
[4.247s] [35m[1mScanning dependencies of target vloc_main[0m
[4.248s] [35m[1mScanning dependencies of target vmap_node[0m
[4.253s] [35m[1mScanning dependencies of target vmap_main[0m
[4.254s] [35m[1mScanning dependencies of target vloc_node[0m
[4.448s] [  3%] [32mBuilding CXX object CMakeFiles/vmap_node.dir/src/convert_util.cpp.o[0m
[4.454s] [  6%] [32mBuilding CXX object CMakeFiles/vloc_main.dir/src/convert_util.cpp.o[0m
[4.463s] [  9%] [32mBuilding CXX object CMakeFiles/vloc_main.dir/src/vloc_main.cpp.o[0m
[4.479s] [ 12%] [32mBuilding CXX object CMakeFiles/vloc_main.dir/src/fiducial_math.cpp.o[0m
[4.491s] [ 16%] [32mBuilding CXX object CMakeFiles/vloc_node.dir/src/convert_util.cpp.o[0m
[4.510s] [ 19%] [32mBuilding CXX object CMakeFiles/vmap_node.dir/src/map.cpp.o[0m
[4.514s] [ 22%] [32mBuilding CXX object CMakeFiles/vmap_main.dir/src/vmap_main.cpp.o[0m
[4.516s] [ 25%] [32mBuilding CXX object CMakeFiles/vmap_node.dir/src/fiducial_math.cpp.o[0m
[11.602s] [ 29%] [32mBuilding CXX object CMakeFiles/vloc_node.dir/src/fiducial_math.cpp.o[0m
[12.626s] [ 32%] [32mBuilding CXX object CMakeFiles/vloc_main.dir/src/map.cpp.o[0m
[13.221s] [ 35%] [32mBuilding CXX object CMakeFiles/vmap_node.dir/src/transform_with_covariance.cpp.o[0m
[13.873s] [ 38%] [32mBuilding CXX object CMakeFiles/vmap_main.dir/src/convert_util.cpp.o[0m
[14.656s] [ 41%] [32mBuilding CXX object CMakeFiles/vloc_main.dir/src/transform_with_covariance.cpp.o[0m
[14.977s] [ 45%] [32mBuilding CXX object CMakeFiles/vloc_main.dir/src/vloc_context.cpp.o[0m
[16.501s] [ 48%] [32mBuilding CXX object CMakeFiles/vloc_main.dir/src/vloc_node.cpp.o[0m
[16.570s] [ 51%] [32mBuilding CXX object CMakeFiles/vmap_node.dir/src/vmap_context.cpp.o[0m
[17.087s] [ 54%] [32mBuilding CXX object CMakeFiles/vloc_node.dir/src/map.cpp.o[0m
[17.342s] [ 58%] [32mBuilding CXX object CMakeFiles/vloc_node.dir/src/transform_with_covariance.cpp.o[0m
[19.073s] [ 61%] [32mBuilding CXX object CMakeFiles/vmap_node.dir/src/vmap_main.cpp.o[0m
[19.353s] [ 64%] [32mBuilding CXX object CMakeFiles/vmap_node.dir/src/vmap_node.cpp.o[0m
[22.422s] [ 70%] [32mBuilding CXX object CMakeFiles/vloc_node.dir/src/vloc_context.cpp.o[0m
[22.423s] [ 70%] [32mBuilding CXX object CMakeFiles/vloc_node.dir/src/vloc_node.cpp.o[0m
[27.098s] [ 74%] [32mBuilding CXX object CMakeFiles/vmap_main.dir/src/fiducial_math.cpp.o[0m
[27.278s] [ 77%] [32mBuilding CXX object CMakeFiles/vmap_main.dir/src/map.cpp.o[0m
[38.432s] [ 80%] [32mBuilding CXX object CMakeFiles/vmap_main.dir/src/vmap_node.cpp.o[0m
[57.756s] [ 83%] [32m[1mLinking CXX shared library libvmap_node.so[0m
[59.538s] [ 83%] Built target vmap_node
[63.046s] [ 87%] [32m[1mLinking CXX executable vloc_main[0m
[64.081s] [ 90%] [32mBuilding CXX object CMakeFiles/vmap_main.dir/src/vmap_context.cpp.o[0m
[64.151s] [ 93%] [32m[1mLinking CXX shared library libvloc_node.so[0m
[66.056s] [ 93%] Built target vloc_main
[66.065s] [ 93%] Built target vloc_node
[68.929s] [ 96%] [32mBuilding CXX object CMakeFiles/vmap_main.dir/src/transform_with_covariance.cpp.o[0m
[69.455s] [100%] [32m[1mLinking CXX executable vmap_main[0m
[70.351s] [100%] Built target vmap_main
[70.448s] Invoked command in '/work/tello_ros_ws/src/build/fiducial_vlam' returned '0': AMENT_PREFIX_PATH=/work/tello_ros_ws/src/install/ros2_shared:/work/tello_ros_ws/src/install/fiducial_vlam_msgs:${AMENT_PREFIX_PATH} CMAKE_PREFIX_PATH=/work/tello_ros_ws/src/install/ros2_shared:/work/tello_ros_ws/src/install/fiducial_vlam_msgs:/work/tello_ros_ws/install/tello_gazebo:/work/tello_ros_ws/install/tello_driver:/work/tello_ros_ws/install/tello_msgs:/work/tello_ros_ws/install/tello_interface:/work/tello_ros_ws/install/tello_description:/work/tello_ros_ws/install/fiducial_vlam:/work/tello_ros_ws/install/ros2_shared:/work/tello_ros_ws/install/ros2_aruco_interfaces:/work/tello_ros_ws/install/fiducial_vlam_msgs:/work/tello_ros_ws/install/tello_controller:/work/tello_ros_ws/install/ros2_aruco:/work/tello_ros_ws/install/pkg_g2rr:/opt/ros/foxy LD_LIBRARY_PATH=/work/tello_ros_ws/src/install/fiducial_vlam_msgs/lib:${LD_LIBRARY_PATH} PYTHONPATH=/work/tello_ros_ws/src/install/fiducial_vlam_msgs/lib/python3.8/site-packages:${PYTHONPATH} /usr/bin/cmake --build /work/tello_ros_ws/src/build/fiducial_vlam -- -j8 -l8
[70.560s] Invoking command in '/work/tello_ros_ws/src/build/fiducial_vlam': AMENT_PREFIX_PATH=/work/tello_ros_ws/src/install/ros2_shared:/work/tello_ros_ws/src/install/fiducial_vlam_msgs:${AMENT_PREFIX_PATH} CMAKE_PREFIX_PATH=/work/tello_ros_ws/src/install/ros2_shared:/work/tello_ros_ws/src/install/fiducial_vlam_msgs:/work/tello_ros_ws/install/tello_gazebo:/work/tello_ros_ws/install/tello_driver:/work/tello_ros_ws/install/tello_msgs:/work/tello_ros_ws/install/tello_interface:/work/tello_ros_ws/install/tello_description:/work/tello_ros_ws/install/fiducial_vlam:/work/tello_ros_ws/install/ros2_shared:/work/tello_ros_ws/install/ros2_aruco_interfaces:/work/tello_ros_ws/install/fiducial_vlam_msgs:/work/tello_ros_ws/install/tello_controller:/work/tello_ros_ws/install/ros2_aruco:/work/tello_ros_ws/install/pkg_g2rr:/opt/ros/foxy LD_LIBRARY_PATH=/work/tello_ros_ws/src/install/fiducial_vlam_msgs/lib:${LD_LIBRARY_PATH} PYTHONPATH=/work/tello_ros_ws/src/install/fiducial_vlam_msgs/lib/python3.8/site-packages:${PYTHONPATH} /usr/bin/cmake --install /work/tello_ros_ws/src/build/fiducial_vlam
[70.577s] -- Install configuration: ""
[70.578s] -- Execute custom install script
[70.580s] -- Symlinking: /work/tello_ros_ws/src/install/fiducial_vlam/lib/fiducial_vlam/vloc_main
[70.594s] -- Symlinking: /work/tello_ros_ws/src/install/fiducial_vlam/lib/fiducial_vlam/vmap_main
[70.610s] -- Symlinking: /work/tello_ros_ws/src/install/fiducial_vlam/share/fiducial_vlam/cfg/Aruco Marker 6X6 250 IDs 01-12.pdf
[70.625s] -- Symlinking: /work/tello_ros_ws/src/install/fiducial_vlam/share/fiducial_vlam/cfg/fiducial_marker_locations_basement.yaml
[70.639s] -- Symlinking: /work/tello_ros_ws/src/install/fiducial_vlam/share/fiducial_vlam/cfg/fiducial_marker_locations_office.yaml
[70.654s] -- Symlinking: /work/tello_ros_ws/src/install/fiducial_vlam/share/fiducial_vlam/launch/launch_one.py
[70.668s] -- Symlinking: /work/tello_ros_ws/src/install/fiducial_vlam/share/fiducial_vlam/launch/launch_one.rviz
[70.709s] -- Symlinking: /work/tello_ros_ws/src/install/fiducial_vlam/share/fiducial_vlam/launch/launch_one_gazebo.py
[70.723s] -- Symlinking: /work/tello_ros_ws/src/install/fiducial_vlam/share/fiducial_vlam/launch/launch_two_gazebo.py
[70.737s] -- Symlinking: /work/tello_ros_ws/src/install/fiducial_vlam/share/fiducial_vlam/launch/pair_box_pattern.sh
[70.751s] -- Symlinking: /work/tello_ros_ws/src/install/fiducial_vlam/share/fiducial_vlam/launch/pair_box_pattern_b.sh
[70.765s] -- Symlinking: /work/tello_ros_ws/src/install/fiducial_vlam/share/fiducial_vlam/launch/pair_brix_launch.py
[70.779s] -- Symlinking: /work/tello_ros_ws/src/install/fiducial_vlam/share/fiducial_vlam/launch/pair_shared_launch.py
[70.793s] -- Symlinking: /work/tello_ros_ws/src/install/fiducial_vlam/share/fiducial_vlam/launch/pair_xps_launch.py
[70.807s] -- Symlinking: /work/tello_ros_ws/src/install/fiducial_vlam/share/fiducial_vlam/launch/sim_one_marker_launch.py
[70.822s] -- Symlinking: /work/tello_ros_ws/src/install/fiducial_vlam/share/fiducial_vlam/launch/sim_yz_plane_of_markers_launch.py
[70.861s] -- Symlinking: /work/tello_ros_ws/src/install/fiducial_vlam/share/fiducial_vlam/launch/teleop_launch.py
[70.876s] -- Symlinking: /work/tello_ros_ws/src/install/fiducial_vlam/include/convert_util.hpp
[70.890s] -- Symlinking: /work/tello_ros_ws/src/install/fiducial_vlam/include/fiducial_math.hpp
[70.904s] -- Symlinking: /work/tello_ros_ws/src/install/fiducial_vlam/include/fiducial_vlam/fiducial_vlam.hpp
[70.919s] -- Symlinking: /work/tello_ros_ws/src/install/fiducial_vlam/include/map.hpp
[70.934s] -- Symlinking: /work/tello_ros_ws/src/install/fiducial_vlam/include/observation.hpp
[70.948s] -- Symlinking: /work/tello_ros_ws/src/install/fiducial_vlam/include/transform_with_covariance.hpp
[70.962s] -- Symlinking: /work/tello_ros_ws/src/install/fiducial_vlam/include/vloc_context.hpp
[70.977s] -- Symlinking: /work/tello_ros_ws/src/install/fiducial_vlam/include/vmap_context.hpp
[70.997s] -- Symlinking: /work/tello_ros_ws/src/install/fiducial_vlam/share/fiducial_vlam/environment/library_path.sh
[71.034s] -- Symlinking: /work/tello_ros_ws/src/install/fiducial_vlam/share/fiducial_vlam/environment/library_path.dsv
[71.049s] -- Symlinking: /work/tello_ros_ws/src/install/fiducial_vlam/share/ament_index/resource_index/package_run_dependencies/fiducial_vlam
[71.064s] -- Symlinking: /work/tello_ros_ws/src/install/fiducial_vlam/share/ament_index/resource_index/parent_prefix_path/fiducial_vlam
[71.084s] -- Symlinking: /work/tello_ros_ws/src/install/fiducial_vlam/share/fiducial_vlam/environment/ament_prefix_path.sh
[71.098s] -- Symlinking: /work/tello_ros_ws/src/install/fiducial_vlam/share/fiducial_vlam/environment/ament_prefix_path.dsv
[71.113s] -- Symlinking: /work/tello_ros_ws/src/install/fiducial_vlam/share/fiducial_vlam/environment/path.sh
[71.128s] -- Symlinking: /work/tello_ros_ws/src/install/fiducial_vlam/share/fiducial_vlam/environment/path.dsv
[71.143s] -- Symlinking: /work/tello_ros_ws/src/install/fiducial_vlam/share/fiducial_vlam/local_setup.bash
[71.158s] -- Symlinking: /work/tello_ros_ws/src/install/fiducial_vlam/share/fiducial_vlam/local_setup.sh
[71.173s] -- Symlinking: /work/tello_ros_ws/src/install/fiducial_vlam/share/fiducial_vlam/local_setup.zsh
[71.188s] -- Symlinking: /work/tello_ros_ws/src/install/fiducial_vlam/share/fiducial_vlam/local_setup.dsv
[71.203s] -- Symlinking: /work/tello_ros_ws/src/install/fiducial_vlam/share/fiducial_vlam/package.dsv
[71.218s] -- Symlinking: /work/tello_ros_ws/src/install/fiducial_vlam/share/ament_index/resource_index/packages/fiducial_vlam
[71.233s] -- Symlinking: /work/tello_ros_ws/src/install/fiducial_vlam/share/ament_index/resource_index/rclcpp_components/fiducial_vlam
[71.248s] -- Symlinking: /work/tello_ros_ws/src/install/fiducial_vlam/share/fiducial_vlam/cmake/ament_cmake_export_dependencies-extras.cmake
[71.263s] -- Symlinking: /work/tello_ros_ws/src/install/fiducial_vlam/share/fiducial_vlam/cmake/ament_cmake_export_include_directories-extras.cmake
[71.278s] -- Symlinking: /work/tello_ros_ws/src/install/fiducial_vlam/share/fiducial_vlam/cmake/ament_cmake_export_targets-extras.cmake
[71.293s] -- Symlinking: /work/tello_ros_ws/src/install/fiducial_vlam/share/fiducial_vlam/cmake/ament_cmake_export_libraries-extras.cmake
[71.309s] -- Symlinking: /work/tello_ros_ws/src/install/fiducial_vlam/share/fiducial_vlam/cmake/fiducial_vlamConfig.cmake
[71.323s] -- Symlinking: /work/tello_ros_ws/src/install/fiducial_vlam/share/fiducial_vlam/cmake/fiducial_vlamConfig-version.cmake
[71.337s] -- Symlinking: /work/tello_ros_ws/src/install/fiducial_vlam/share/fiducial_vlam/package.xml
[71.352s] -- Installing: /work/tello_ros_ws/src/install/fiducial_vlam/lib/libvloc_node.so
[71.373s] -- Set runtime path of "/work/tello_ros_ws/src/install/fiducial_vlam/lib/libvloc_node.so" to ""
[71.373s] -- Installing: /work/tello_ros_ws/src/install/fiducial_vlam/lib/libvmap_node.so
[71.387s] -- Set runtime path of "/work/tello_ros_ws/src/install/fiducial_vlam/lib/libvmap_node.so" to ""
[71.387s] -- Installing: /work/tello_ros_ws/src/install/fiducial_vlam/share/fiducial_vlam/cmake/export_vloc_nodeExport.cmake
[71.388s] -- Installing: /work/tello_ros_ws/src/install/fiducial_vlam/share/fiducial_vlam/cmake/export_vloc_nodeExport-noconfig.cmake
[71.389s] -- Installing: /work/tello_ros_ws/src/install/fiducial_vlam/share/fiducial_vlam/cmake/export_vmap_nodeExport.cmake
[71.390s] -- Installing: /work/tello_ros_ws/src/install/fiducial_vlam/share/fiducial_vlam/cmake/export_vmap_nodeExport-noconfig.cmake
[71.408s] Invoked command in '/work/tello_ros_ws/src/build/fiducial_vlam' returned '0': AMENT_PREFIX_PATH=/work/tello_ros_ws/src/install/ros2_shared:/work/tello_ros_ws/src/install/fiducial_vlam_msgs:${AMENT_PREFIX_PATH} CMAKE_PREFIX_PATH=/work/tello_ros_ws/src/install/ros2_shared:/work/tello_ros_ws/src/install/fiducial_vlam_msgs:/work/tello_ros_ws/install/tello_gazebo:/work/tello_ros_ws/install/tello_driver:/work/tello_ros_ws/install/tello_msgs:/work/tello_ros_ws/install/tello_interface:/work/tello_ros_ws/install/tello_description:/work/tello_ros_ws/install/fiducial_vlam:/work/tello_ros_ws/install/ros2_shared:/work/tello_ros_ws/install/ros2_aruco_interfaces:/work/tello_ros_ws/install/fiducial_vlam_msgs:/work/tello_ros_ws/install/tello_controller:/work/tello_ros_ws/install/ros2_aruco:/work/tello_ros_ws/install/pkg_g2rr:/opt/ros/foxy LD_LIBRARY_PATH=/work/tello_ros_ws/src/install/fiducial_vlam_msgs/lib:${LD_LIBRARY_PATH} PYTHONPATH=/work/tello_ros_ws/src/install/fiducial_vlam_msgs/lib/python3.8/site-packages:${PYTHONPATH} /usr/bin/cmake --install /work/tello_ros_ws/src/build/fiducial_vlam
