running develop
running egg_info
creating ros2_aruco.egg-info
writing ros2_aruco.egg-info/PKG-INFO
writing dependency_links to ros2_aruco.egg-info/dependency_links.txt
writing entry points to ros2_aruco.egg-info/entry_points.txt
writing requirements to ros2_aruco.egg-info/requires.txt
writing top-level names to ros2_aruco.egg-info/top_level.txt
writing manifest file 'ros2_aruco.egg-info/SOURCES.txt'
reading manifest file 'ros2_aruco.egg-info/SOURCES.txt'
writing manifest file 'ros2_aruco.egg-info/SOURCES.txt'
running build_ext
Creating /work/tello_ros_ws/src/install/ros2_aruco/lib/python3.8/site-packages/site.py
Creating /work/tello_ros_ws/src/install/ros2_aruco/lib/python3.8/site-packages/ros2-aruco.egg-link (link to .)
Installing aruco_generate_marker script to /work/tello_ros_ws/src/install/ros2_aruco/lib/ros2_aruco
Installing aruco_node script to /work/tello_ros_ws/src/install/ros2_aruco/lib/ros2_aruco

Installed /work/tello_ros_ws/src/build/ros2_aruco
running install_data
creating /work/tello_ros_ws/src/install/ros2_aruco/share/ament_index
creating /work/tello_ros_ws/src/install/ros2_aruco/share/ament_index/resource_index
creating /work/tello_ros_ws/src/install/ros2_aruco/share/ament_index/resource_index/packages
copying resource/ros2_aruco -> /work/tello_ros_ws/src/install/ros2_aruco/share/ament_index/resource_index/packages
copying package.xml -> /work/tello_ros_ws/src/install/ros2_aruco/share/ros2_aruco
