[2.433s] Invoking command in '/work/tello_ros_ws/src/build/ros2_aruco': PYTHONPATH=/work/tello_ros_ws/src/install/ros2_aruco/lib/python3.8/site-packages:${PYTHONPATH} /usr/bin/python3 setup.py develop --prefix /work/tello_ros_ws/src/install/ros2_aruco --editable --build-directory /work/tello_ros_ws/src/build/ros2_aruco/build --no-deps install_data --install-dir /work/tello_ros_ws/src/install/ros2_aruco
[3.059s] running develop
[3.399s] running egg_info
[3.399s] creating ros2_aruco.egg-info
[3.399s] writing ros2_aruco.egg-info/PKG-INFO
[3.400s] writing dependency_links to ros2_aruco.egg-info/dependency_links.txt
[3.400s] writing entry points to ros2_aruco.egg-info/entry_points.txt
[3.400s] writing requirements to ros2_aruco.egg-info/requires.txt
[3.401s] writing top-level names to ros2_aruco.egg-info/top_level.txt
[3.403s] writing manifest file 'ros2_aruco.egg-info/SOURCES.txt'
[3.501s] reading manifest file 'ros2_aruco.egg-info/SOURCES.txt'
[3.503s] writing manifest file 'ros2_aruco.egg-info/SOURCES.txt'
[3.611s] running build_ext
[3.613s] Creating /work/tello_ros_ws/src/install/ros2_aruco/lib/python3.8/site-packages/site.py
[3.618s] Creating /work/tello_ros_ws/src/install/ros2_aruco/lib/python3.8/site-packages/ros2-aruco.egg-link (link to .)
[3.621s] Installing aruco_generate_marker script to /work/tello_ros_ws/src/install/ros2_aruco/lib/ros2_aruco
[3.621s] Installing aruco_node script to /work/tello_ros_ws/src/install/ros2_aruco/lib/ros2_aruco
[3.622s] 
[3.623s] Installed /work/tello_ros_ws/src/build/ros2_aruco
[3.623s] running install_data
[3.624s] creating /work/tello_ros_ws/src/install/ros2_aruco/share/ament_index
[3.624s] creating /work/tello_ros_ws/src/install/ros2_aruco/share/ament_index/resource_index
[3.625s] creating /work/tello_ros_ws/src/install/ros2_aruco/share/ament_index/resource_index/packages
[3.625s] copying resource/ros2_aruco -> /work/tello_ros_ws/src/install/ros2_aruco/share/ament_index/resource_index/packages
[3.626s] copying package.xml -> /work/tello_ros_ws/src/install/ros2_aruco/share/ros2_aruco
[3.766s] Invoked command in '/work/tello_ros_ws/src/build/ros2_aruco' returned '0': PYTHONPATH=/work/tello_ros_ws/src/install/ros2_aruco/lib/python3.8/site-packages:${PYTHONPATH} /usr/bin/python3 setup.py develop --prefix /work/tello_ros_ws/src/install/ros2_aruco --editable --build-directory /work/tello_ros_ws/src/build/ros2_aruco/build --no-deps install_data --install-dir /work/tello_ros_ws/src/install/ros2_aruco
